e:\mymod\sp\src\game\server\debug_mod_hl2\server.pch
e:\mymod\sp\src\game\server\debug_mod_hl2\vc120.pdb
e:\mymod\sp\src\game\server\debug_mod_hl2\vc120.idb
e:\mymod\sp\src\game\server\debug_mod_hl2\stdafx.obj
e:\mymod\sp\src\game\server\debug_mod_hl2\ai_basenpc_movement.obj
e:\mymod\sp\src\game\server\debug_mod_hl2\ai_behavior_fear.obj
e:\mymod\sp\src\game\server\debug_mod_hl2\ai_dynamiclink.obj
e:\mymod\sp\src\game\server\debug_mod_hl2\ai_initutils.obj
e:\mymod\sp\src\game\server\debug_mod_hl2\ai_saverestore.obj
e:\mymod\sp\src\game\server\debug_mod_hl2\baseplayer_shared.obj
e:\mymod\sp\src\game\server\debug_mod_hl2\env_particlescript.obj
e:\mymod\sp\src\game\server\debug_mod_hl2\env_screenoverlay.obj
e:\mymod\sp\src\game\server\debug_mod_hl2\envhudhint.obj
e:\mymod\sp\src\game\server\debug_mod_hl2\eventlog.obj
e:\mymod\sp\src\game\server\debug_mod_hl2\func_areaportalbase.obj
e:\mymod\sp\src\game\server\debug_mod_hl2\func_dust.obj
e:\mymod\sp\src\game\server\debug_mod_hl2\func_reflective_glass.obj
e:\mymod\sp\src\game\server\debug_mod_hl2\gamerules_register.obj
e:\mymod\sp\src\game\server\debug_mod_hl2\gamestringpool.obj
e:\mymod\sp\src\game\server\debug_mod_hl2\globals.obj
e:\mymod\sp\src\game\server\debug_mod_hl2\globalstate.obj
e:\mymod\sp\src\game\server\debug_mod_hl2\igamesystem.obj
e:\mymod\sp\src\game\server\debug_mod_hl2\lights.obj
e:\mymod\sp\src\game\server\debug_mod_hl2\logicentities.obj
e:\mymod\sp\src\game\server\debug_mod_hl2\pathcorner.obj
e:\mymod\sp\src\game\server\debug_mod_hl2\physconstraint.obj
e:\mymod\sp\src\game\server\debug_mod_hl2\physics_saverestore.obj
e:\mymod\sp\src\game\server\debug_mod_hl2\player_pickup.obj
e:\mymod\sp\src\game\server\debug_mod_hl2\playerlocaldata.obj
e:\mymod\sp\src\game\server\debug_mod_hl2\point_template.obj
e:\mymod\sp\src\game\server\debug_mod_hl2\rope_helpers.obj
e:\mymod\sp\src\game\server\debug_mod_hl2\saverestore_gamedll.obj
e:\mymod\sp\src\game\server\debug_mod_hl2\scriptedtarget.obj
e:\mymod\sp\src\game\server\debug_mod_hl2\subs.obj
e:\mymod\sp\src\game\server\debug_mod_hl2\team_spawnpoint.obj
e:\mymod\sp\src\game\server\debug_mod_hl2\textstatsmgr.obj
e:\mymod\sp\src\game\server\debug_mod_hl2\vguiscreen.obj
e:\mymod\sp\src\game\server\debug_mod_hl2\waterbullet.obj
e:\mymod\sp\src\game\server\debug_mod_hl2\waterlodcontrol.obj
e:\mymod\sp\src\game\server\debug_mod_hl2\weapon_parse.obj
e:\mymod\sp\src\game\server\debug_mod_hl2\ai_behavior_holster.obj
e:\mymod\sp\src\game\server\debug_mod_hl2\basebludgeonweapon.obj
e:\mymod\sp\src\game\server\debug_mod_hl2\env_headcrabcanister_shared.obj
e:\mymod\sp\src\game\server\debug_mod_hl2\func_recharge.obj
e:\mymod\sp\src\game\server\debug_mod_hl2\grenade_bugbait.obj
e:\mymod\sp\src\game\server\debug_mod_hl2\npc_attackchopper.obj
e:\mymod\sp\src\game\server\debug_mod_hl2\npc_dog.obj
e:\mymod\sp\src\game\server\debug_mod_hl2\npc_manhack.obj
e:\mymod\sp\src\game\server\debug_mod_hl2\npc_turret_floor.obj
e:\mymod\sp\src\game\server\debug_mod_hl2\script_intro_shared.obj
e:\mymod\sp\src\game\server\debug_mod_hl2\vehicle_airboat.obj
e:\mymod\sp\src\game\server\debug_mod_hl2\weapon_bugbait.obj
e:\mymod\sp\src\game\server\debug_mod_hl2\smoke_trail.obj
e:\mymod\sp\src\game\server\debug_mod_hl2\te_breakmodel.obj
e:\mymod\sp\src\game\server\debug_mod_hl2\te_gaussexplosion.obj
e:\mymod\sp\src\game\server\debug_mod_hl2\te_showline.obj
e:\mymod\sp\src\game\server\debug_mod_hl2\achievements_hlx.obj
e:\mymod\sp\src\game\server\debug_mod_hl2\ai_behavior_assault.obj
e:\mymod\sp\src\game\server\debug_mod_hl2\ai_eventresponse.obj
e:\mymod\sp\src\game\server\debug_mod_hl2\ai_navigator.obj
e:\mymod\sp\src\game\server\debug_mod_hl2\ai_squad.obj
e:\mymod\sp\src\game\server\debug_mod_hl2\basecombatcharacter_shared.obj
e:\mymod\sp\src\game\server\debug_mod_hl2\baseentity_shared.obj
e:\mymod\sp\src\game\server\debug_mod_hl2\baseviewmodel.obj
e:\mymod\sp\src\game\server\debug_mod_hl2\collisionproperty.obj
e:\mymod\sp\src\game\server\debug_mod_hl2\damagemodifier.obj
e:\mymod\sp\src\game\server\debug_mod_hl2\doors.obj
e:\mymod\sp\src\game\server\debug_mod_hl2\entitylist_base.obj
e:\mymod\sp\src\game\server\debug_mod_hl2\entityparticletrail.obj
e:\mymod\sp\src\game\server\debug_mod_hl2\env_detail_controller.obj
e:\mymod\sp\src\game\server\debug_mod_hl2\env_player_surface_trigger.obj
e:\mymod\sp\src\game\server\debug_mod_hl2\env_tonemap_controller.obj
e:\mymod\sp\src\game\server\debug_mod_hl2\envlaser.obj
e:\mymod\sp\src\game\server\debug_mod_hl2\fish.obj
e:\mymod\sp\src\game\server\debug_mod_hl2\func_movelinear.obj
e:\mymod\sp\src\game\server\debug_mod_hl2\gamemovement.obj
e:\mymod\sp\src\game\server\debug_mod_hl2\guntarget.obj
e:\mymod\sp\src\game\server\debug_mod_hl2\hierarchy.obj
e:\mymod\sp\src\game\server\debug_mod_hl2\hltvdirector.obj
e:\mymod\sp\src\game\server\debug_mod_hl2\item_world.obj
e:\mymod\sp\src\game\server\debug_mod_hl2\message_entity.obj
e:\mymod\sp\src\game\server\debug_mod_hl2\ndebugoverlay.obj
e:\mymod\sp\src\game\server\debug_mod_hl2\pathtrack.obj
e:\mymod\sp\src\game\server\debug_mod_hl2\physics.obj
e:\mymod\sp\src\game\server\debug_mod_hl2\point_posecontroller.obj
e:\mymod\sp\src\game\server\debug_mod_hl2\saverestore.obj
e:\mymod\sp\src\game\server\debug_mod_hl2\soundent.obj
e:\mymod\sp\src\game\server\debug_mod_hl2\spotlightend.obj
e:\mymod\sp\src\game\server\debug_mod_hl2\sun.obj
e:\mymod\sp\src\game\server\debug_mod_hl2\teamplay_gamerules.obj
e:\mymod\sp\src\game\server\debug_mod_hl2\util.obj
e:\mymod\sp\src\game\server\debug_mod_hl2\ai_allymanager.obj
e:\mymod\sp\src\game\server\debug_mod_hl2\hl2_triggers.obj
e:\mymod\sp\src\game\server\debug_mod_hl2\look_door.obj
e:\mymod\sp\src\game\server\debug_mod_hl2\npc_basescanner.obj
e:\mymod\sp\src\game\server\debug_mod_hl2\npc_combine.obj
e:\mymod\sp\src\game\server\debug_mod_hl2\npc_ichthyosaur.obj
e:\mymod\sp\src\game\server\debug_mod_hl2\npc_playercompanion.obj
e:\mymod\sp\src\game\server\debug_mod_hl2\vehicle_crane.obj
e:\mymod\sp\src\game\server\debug_mod_hl2\weapon_smg1.obj
e:\mymod\sp\src\game\server\debug_mod_hl2\particle_fire.obj
e:\mymod\sp\src\game\server\debug_mod_hl2\steamjet.obj
e:\mymod\sp\src\game\server\debug_mod_hl2\te_beaments.obj
e:\mymod\sp\src\game\server\debug_mod_hl2\te_beamspline.obj
e:\mymod\sp\src\game\server\debug_mod_hl2\te_bspdecal.obj
e:\mymod\sp\src\game\server\debug_mod_hl2\te_effect_dispatch.obj
e:\mymod\sp\src\game\server\debug_mod_hl2\te_killplayerattachments.obj
e:\mymod\sp\src\game\server\debug_mod_hl2\te_smoke.obj
e:\mymod\sp\src\game\server\debug_mod_hl2\gamedll_replay.obj
e:\mymod\sp\src\game\server\debug_mod_hl2\ai_basenpc_physicsflyer.obj
e:\mymod\sp\src\game\server\debug_mod_hl2\ai_behavior_rappel.obj
e:\mymod\sp\src\game\server\debug_mod_hl2\ai_goalentity.obj
e:\mymod\sp\src\game\server\debug_mod_hl2\ai_node.obj
e:\mymod\sp\src\game\server\debug_mod_hl2\ai_senses.obj
e:\mymod\sp\src\game\server\debug_mod_hl2\ai_trackpather.obj
e:\mymod\sp\src\game\server\debug_mod_hl2\baseentity.obj
e:\mymod\sp\src\game\server\debug_mod_hl2\envmessage.obj
e:\mymod\sp\src\game\server\debug_mod_hl2\func_ladder_endpoint.obj
e:\mymod\sp\src\game\server\debug_mod_hl2\func_occluder.obj
e:\mymod\sp\src\game\server\debug_mod_hl2\gamerules.obj
e:\mymod\sp\src\game\server\debug_mod_hl2\modelentities.obj
e:\mymod\sp\src\game\server\debug_mod_hl2\movement.obj
e:\mymod\sp\src\game\server\debug_mod_hl2\particle_system.obj
e:\mymod\sp\src\game\server\debug_mod_hl2\player_command.obj
e:\mymod\sp\src\game\server\debug_mod_hl2\playerinfomanager.obj
e:\mymod\sp\src\game\server\debug_mod_hl2\point_bonusmaps_accessor.obj
e:\mymod\sp\src\game\server\debug_mod_hl2\point_spotlight.obj
e:\mymod\sp\src\game\server\debug_mod_hl2\rope.obj
e:\mymod\sp\src\game\server\debug_mod_hl2\scripted.obj
e:\mymod\sp\src\game\server\debug_mod_hl2\tempmonster.obj
e:\mymod\sp\src\game\server\debug_mod_hl2\tesla.obj
e:\mymod\sp\src\game\server\debug_mod_hl2\timedeventmgr.obj
e:\mymod\sp\src\game\server\debug_mod_hl2\usercmd.obj
e:\mymod\sp\src\game\server\debug_mod_hl2\vehicle_base.obj
e:\mymod\sp\src\game\server\debug_mod_hl2\ai_spotlight.obj
e:\mymod\sp\src\game\server\debug_mod_hl2\env_starfield.obj
e:\mymod\sp\src\game\server\debug_mod_hl2\grenade_ar2.obj
e:\mymod\sp\src\game\server\debug_mod_hl2\hl2_eventlog.obj
e:\mymod\sp\src\game\server\debug_mod_hl2\hl2_gamestats.obj
e:\mymod\sp\src\game\server\debug_mod_hl2\item_healthkit.obj
e:\mymod\sp\src\game\server\debug_mod_hl2\monster_dummy.obj
e:\mymod\sp\src\game\server\debug_mod_hl2\npc_breen.obj
e:\mymod\sp\src\game\server\debug_mod_hl2\npc_combines.obj
e:\mymod\sp\src\game\server\debug_mod_hl2\npc_metropolice.obj
e:\mymod\sp\src\game\server\debug_mod_hl2\prop_thumper.obj
e:\mymod\sp\src\game\server\debug_mod_hl2\vehicle_viewcontroller.obj
e:\mymod\sp\src\game\server\debug_mod_hl2\weapon_citizenpackage.obj
e:\mymod\sp\src\game\server\debug_mod_hl2\weapon_cubemap.obj
e:\mymod\sp\src\game\server\debug_mod_hl2\weapon_physcannon.obj
e:\mymod\sp\src\game\server\debug_mod_hl2\te_bubbletrail.obj
e:\mymod\sp\src\game\server\debug_mod_hl2\te_footprintdecal.obj
e:\mymod\sp\src\game\server\debug_mod_hl2\te_projecteddecal.obj
e:\mymod\sp\src\game\server\debug_mod_hl2\usermessages.obj
e:\mymod\sp\src\game\server\debug_mod_hl2\ai_basehumanoid.obj
e:\mymod\sp\src\game\server\debug_mod_hl2\ai_blended_movement.obj
e:\mymod\sp\src\game\server\debug_mod_hl2\ai_hint.obj
e:\mymod\sp\src\game\server\debug_mod_hl2\ai_planesolver.obj
e:\mymod\sp\src\game\server\debug_mod_hl2\ai_speechfilter.obj
e:\mymod\sp\src\game\server\debug_mod_hl2\bmodels.obj
e:\mymod\sp\src\game\server\debug_mod_hl2\controlentities.obj
e:\mymod\sp\src\game\server\debug_mod_hl2\effect_dispatch_data.obj
e:\mymod\sp\src\game\server\debug_mod_hl2\effectsserver.obj
e:\mymod\sp\src\game\server\debug_mod_hl2\entitydissolve.obj
e:\mymod\sp\src\game\server\debug_mod_hl2\eventlist.obj
e:\mymod\sp\src\game\server\debug_mod_hl2\explode.obj
e:\mymod\sp\src\game\server\debug_mod_hl2\genericactor.obj
e:\mymod\sp\src\game\server\debug_mod_hl2\movehelper_server.obj
e:\mymod\sp\src\game\server\debug_mod_hl2\particle_parse.obj
e:\mymod\sp\src\game\server\debug_mod_hl2\player_resource.obj
e:\mymod\sp\src\game\server\debug_mod_hl2\point_devshot_camera.obj
e:\mymod\sp\src\game\server\debug_mod_hl2\recipientfilter.obj
e:\mymod\sp\src\game\server\debug_mod_hl2\scenecache.obj
e:\mymod\sp\src\game\server\debug_mod_hl2\soundemittersystem.obj
e:\mymod\sp\src\game\server\debug_mod_hl2\sprite_perfmonitor.obj
e:\mymod\sp\src\game\server\debug_mod_hl2\team.obj
e:\mymod\sp\src\game\server\debug_mod_hl2\testfunctions.obj
e:\mymod\sp\src\game\server\debug_mod_hl2\util_shared.obj
e:\mymod\sp\src\game\server\debug_mod_hl2\voice_gamemgr.obj
e:\mymod\sp\src\game\server\debug_mod_hl2\vote_controller.obj
e:\mymod\sp\src\game\server\debug_mod_hl2\world.obj
e:\mymod\sp\src\game\server\debug_mod_hl2\ai_goal_police.obj
e:\mymod\sp\src\game\server\debug_mod_hl2\antlion_dust.obj
e:\mymod\sp\src\game\server\debug_mod_hl2\antlion_maker.obj
e:\mymod\sp\src\game\server\debug_mod_hl2\hl2_playerlocaldata.obj
e:\mymod\sp\src\game\server\debug_mod_hl2\info_teleporter_countdown.obj
e:\mymod\sp\src\game\server\debug_mod_hl2\item_dynamic_resupply.obj
e:\mymod\sp\src\game\server\debug_mod_hl2\npc_apcdriver.obj
e:\mymod\sp\src\game\server\debug_mod_hl2\npc_combinecamera.obj
e:\mymod\sp\src\game\server\debug_mod_hl2\npc_fastzombie.obj
e:\mymod\sp\src\game\server\debug_mod_hl2\npc_mossman.obj
e:\mymod\sp\src\game\server\debug_mod_hl2\npc_zombie.obj
e:\mymod\sp\src\game\server\debug_mod_hl2\vehicle_prisoner_pod.obj
e:\mymod\sp\src\game\server\debug_mod_hl2\weapon_ar2.obj
e:\mymod\sp\src\game\server\debug_mod_hl2\te_beamring.obj
e:\mymod\sp\src\game\server\debug_mod_hl2\te_bubbles.obj
e:\mymod\sp\src\game\server\debug_mod_hl2\te_fizz.obj
e:\mymod\sp\src\game\server\debug_mod_hl2\te_physicsprop.obj
e:\mymod\sp\src\game\server\debug_mod_hl2\ai_basenpc.obj
e:\mymod\sp\src\game\server\debug_mod_hl2\ai_networkmanager.obj
e:\mymod\sp\src\game\server\debug_mod_hl2\ai_tacticalservices.obj
e:\mymod\sp\src\game\server\debug_mod_hl2\basecombatweapon.obj
e:\mymod\sp\src\game\server\debug_mod_hl2\cbase.obj
e:\mymod\sp\src\game\server\debug_mod_hl2\death_pose.obj
e:\mymod\sp\src\game\server\debug_mod_hl2\dynamiclight.obj
e:\mymod\sp\src\game\server\debug_mod_hl2\entityflame.obj
e:\mymod\sp\src\game\server\debug_mod_hl2\envspark.obj
e:\mymod\sp\src\game\server\debug_mod_hl2\fire_smoke.obj
e:\mymod\sp\src\game\server\debug_mod_hl2\func_breakablesurf.obj
e:\mymod\sp\src\game\server\debug_mod_hl2\h_cycler.obj
e:\mymod\sp\src\game\server\debug_mod_hl2\mp_shareddefs.obj
e:\mymod\sp\src\game\server\debug_mod_hl2\particle_light.obj
e:\mymod\sp\src\game\server\debug_mod_hl2\phys_controller.obj
e:\mymod\sp\src\game\server\debug_mod_hl2\physics_cannister.obj
e:\mymod\sp\src\game\server\debug_mod_hl2\physobj.obj
e:\mymod\sp\src\game\server\debug_mod_hl2\ragdoll_manager.obj
e:\mymod\sp\src\game\server\debug_mod_hl2\sound.obj
e:\mymod\sp\src\game\server\debug_mod_hl2\studio_shared.obj
e:\mymod\sp\src\game\server\debug_mod_hl2\survival_gamerules.obj
e:\mymod\sp\src\game\server\debug_mod_hl2\takedamageinfo.obj
e:\mymod\sp\src\game\server\debug_mod_hl2\tanktrain.obj
e:\mymod\sp\src\game\server\debug_mod_hl2\testtraceline.obj
e:\mymod\sp\src\game\server\debug_mod_hl2\variant_t.obj
e:\mymod\sp\src\game\server\debug_mod_hl2\vehicle_choreo_generic.obj
e:\mymod\sp\src\game\server\debug_mod_hl2\ai_behavior_police.obj
e:\mymod\sp\src\game\server\debug_mod_hl2\hl2_client.obj
e:\mymod\sp\src\game\server\debug_mod_hl2\hl2_usermessages.obj
e:\mymod\sp\src\game\server\debug_mod_hl2\info_darknessmode_lightsource.obj
e:\mymod\sp\src\game\server\debug_mod_hl2\item_battery.obj
e:\mymod\sp\src\game\server\debug_mod_hl2\npc_alyx.obj
e:\mymod\sp\src\game\server\debug_mod_hl2\npc_enemyfinder.obj
e:\mymod\sp\src\game\server\debug_mod_hl2\npc_kleiner.obj
e:\mymod\sp\src\game\server\debug_mod_hl2\npc_poisonzombie.obj
e:\mymod\sp\src\game\server\debug_mod_hl2\npc_turret_ground.obj
e:\mymod\sp\src\game\server\debug_mod_hl2\rotorwash.obj
e:\mymod\sp\src\game\server\debug_mod_hl2\script_intro.obj
e:\mymod\sp\src\game\server\debug_mod_hl2\vehicle_jeep.obj
e:\mymod\sp\src\game\server\debug_mod_hl2\grenade_pathfollower.obj
e:\mymod\sp\src\game\server\debug_mod_hl2\basetempentity.obj
e:\mymod\sp\src\game\server\debug_mod_hl2\event_tempentity_tester.obj
e:\mymod\sp\src\game\server\debug_mod_hl2\particle_smokegrenade.obj
e:\mymod\sp\src\game\server\debug_mod_hl2\te.obj
e:\mymod\sp\src\game\server\debug_mod_hl2\te_basebeam.obj
e:\mymod\sp\src\game\server\debug_mod_hl2\te_beamfollow.obj
e:\mymod\sp\src\game\server\debug_mod_hl2\te_bloodsprite.obj
e:\mymod\sp\src\game\server\debug_mod_hl2\te_dynamiclight.obj
e:\mymod\sp\src\game\server\debug_mod_hl2\te_impact.obj
e:\mymod\sp\src\game\server\debug_mod_hl2\te_sparks.obj
e:\mymod\sp\src\game\server\debug_mod_hl2\ai_basenpc_flyer.obj
e:\mymod\sp\src\game\server\debug_mod_hl2\ai_behavior_lead.obj
e:\mymod\sp\src\game\server\debug_mod_hl2\ai_route.obj
e:\mymod\sp\src\game\server\debug_mod_hl2\ai_speech.obj
e:\mymod\sp\src\game\server\debug_mod_hl2\basecombatcharacter.obj
e:\mymod\sp\src\game\server\debug_mod_hl2\env_entity_maker.obj
e:\mymod\sp\src\game\server\debug_mod_hl2\env_wind_shared.obj
e:\mymod\sp\src\game\server\debug_mod_hl2\envmicrophone.obj
e:\mymod\sp\src\game\server\debug_mod_hl2\fourwheelvehiclephysics.obj
e:\mymod\sp\src\game\server\debug_mod_hl2\gib.obj
e:\mymod\sp\src\game\server\debug_mod_hl2\info_camera_link.obj
e:\mymod\sp\src\game\server\debug_mod_hl2\logic_measure_movement.obj
e:\mymod\sp\src\game\server\debug_mod_hl2\mapentities.obj
e:\mymod\sp\src\game\server\debug_mod_hl2\physics_bone_follower.obj
e:\mymod\sp\src\game\server\debug_mod_hl2\physics_main.obj
e:\mymod\sp\src\game\server\debug_mod_hl2\pointhurt.obj
e:\mymod\sp\src\game\server\debug_mod_hl2\props.obj
e:\mymod\sp\src\game\server\debug_mod_hl2\wcedit.obj
e:\mymod\sp\src\game\server\debug_mod_hl2\cbasehelicopter.obj
e:\mymod\sp\src\game\server\debug_mod_hl2\hl_gamemovement.obj
e:\mymod\sp\src\game\server\debug_mod_hl2\item_suit.obj
e:\mymod\sp\src\game\server\debug_mod_hl2\npc_barnacle.obj
e:\mymod\sp\src\game\server\debug_mod_hl2\npc_combinedropship.obj
e:\mymod\sp\src\game\server\debug_mod_hl2\npc_monk.obj
e:\mymod\sp\src\game\server\debug_mod_hl2\npc_vortigaunt_episodic.obj
e:\mymod\sp\src\game\server\debug_mod_hl2\grenade_beam.obj
e:\mymod\sp\src\game\server\debug_mod_hl2\npc_missiledefense.obj
e:\mymod\sp\src\game\server\debug_mod_hl2\te_playerdecal.obj
e:\mymod\sp\src\game\server\debug_mod_hl2\ai_baseactor.obj
e:\mymod\sp\src\game\server\debug_mod_hl2\ai_condition.obj
e:\mymod\sp\src\game\server\debug_mod_hl2\ai_hull.obj
e:\mymod\sp\src\game\server\debug_mod_hl2\ai_interest_target.obj
e:\mymod\sp\src\game\server\debug_mod_hl2\ai_memory.obj
e:\mymod\sp\src\game\server\debug_mod_hl2\ai_relationship.obj
e:\mymod\sp\src\game\server\debug_mod_hl2\ai_sentence.obj
e:\mymod\sp\src\game\server\debug_mod_hl2\base_gameinterface.obj
e:\mymod\sp\src\game\server\debug_mod_hl2\baseachievement.obj
e:\mymod\sp\src\game\server\debug_mod_hl2\basegrenade_concussion.obj
e:\mymod\sp\src\game\server\debug_mod_hl2\basegrenade_timed.obj
e:\mymod\sp\src\game\server\debug_mod_hl2\baseviewmodel_shared.obj
e:\mymod\sp\src\game\server\debug_mod_hl2\buttons.obj
e:\mymod\sp\src\game\server\debug_mod_hl2\cplane.obj
e:\mymod\sp\src\game\server\debug_mod_hl2\cragdollmagnet.obj
e:\mymod\sp\src\game\server\debug_mod_hl2\effects.obj
e:\mymod\sp\src\game\server\debug_mod_hl2\func_areaportal.obj
e:\mymod\sp\src\game\server\debug_mod_hl2\func_break.obj
e:\mymod\sp\src\game\server\debug_mod_hl2\gamestats.obj
e:\mymod\sp\src\game\server\debug_mod_hl2\logicrelay.obj
e:\mymod\sp\src\game\server\debug_mod_hl2\monstermaker.obj
e:\mymod\sp\src\game\server\debug_mod_hl2\physics_npc_solver.obj
e:\mymod\sp\src\game\server\debug_mod_hl2\point_playermoveconstraint.obj
e:\mymod\sp\src\game\server\debug_mod_hl2\precache_register.obj
e:\mymod\sp\src\game\server\debug_mod_hl2\predictableid.obj
e:\mymod\sp\src\game\server\debug_mod_hl2\ragdollboogie.obj
e:\mymod\sp\src\game\server\debug_mod_hl2\sceneentity_shared.obj
e:\mymod\sp\src\game\server\debug_mod_hl2\sequence_transitioner.obj
e:\mymod\sp\src\game\server\debug_mod_hl2\servernetworkproperty.obj
e:\mymod\sp\src\game\server\debug_mod_hl2\singleplay_gamerules.obj
e:\mymod\sp\src\game\server\debug_mod_hl2\soundparametersinternal.obj
e:\mymod\sp\src\game\server\debug_mod_hl2\soundscape.obj
e:\mymod\sp\src\game\server\debug_mod_hl2\templateentities.obj
e:\mymod\sp\src\game\server\debug_mod_hl2\vehicle_baseserver.obj
e:\mymod\sp\src\game\server\debug_mod_hl2\basehlcombatweapon.obj
e:\mymod\sp\src\game\server\debug_mod_hl2\hl2_ai_network.obj
e:\mymod\sp\src\game\server\debug_mod_hl2\item_itemcrate.obj
e:\mymod\sp\src\game\server\debug_mod_hl2\npc_basezombie.obj
e:\mymod\sp\src\game\server\debug_mod_hl2\npc_crow.obj
e:\mymod\sp\src\game\server\debug_mod_hl2\npc_gman.obj
e:\mymod\sp\src\game\server\debug_mod_hl2\npc_turret_ceiling.obj
e:\mymod\sp\src\game\server\debug_mod_hl2\point_apc_controller.obj
e:\mymod\sp\src\game\server\debug_mod_hl2\proto_sniper.obj
e:\mymod\sp\src\game\server\debug_mod_hl2\weapon_annabelle.obj
e:\mymod\sp\src\game\server\debug_mod_hl2\weapon_shotgun.obj
e:\mymod\sp\src\game\server\debug_mod_hl2\weapon_flaregun.obj
e:\mymod\sp\src\game\server\debug_mod_hl2\smokestack.obj
e:\mymod\sp\src\game\server\debug_mod_hl2\te_beampoints.obj
e:\mymod\sp\src\game\server\debug_mod_hl2\te_clientprojectile.obj
e:\mymod\sp\src\game\server\debug_mod_hl2\te_glassshatter.obj
e:\mymod\sp\src\game\server\debug_mod_hl2\entity_tools_server.obj
e:\mymod\sp\src\game\server\debug_mod_hl2\activitylist.obj
e:\mymod\sp\src\game\server\debug_mod_hl2\ai_basenpc_schedule.obj
e:\mymod\sp\src\game\server\debug_mod_hl2\ai_default.obj
e:\mymod\sp\src\game\server\debug_mod_hl2\ai_movesolver.obj
e:\mymod\sp\src\game\server\debug_mod_hl2\ai_namespaces.obj
e:\mymod\sp\src\game\server\debug_mod_hl2\ai_network.obj
e:\mymod\sp\src\game\server\debug_mod_hl2\ai_scriptconditions.obj
e:\mymod\sp\src\game\server\debug_mod_hl2\ai_utils.obj
e:\mymod\sp\src\game\server\debug_mod_hl2\baseflex.obj
e:\mymod\sp\src\game\server\debug_mod_hl2\env_effectsscript.obj
e:\mymod\sp\src\game\server\debug_mod_hl2\env_zoom.obj
e:\mymod\sp\src\game\server\debug_mod_hl2\filters.obj
e:\mymod\sp\src\game\server\debug_mod_hl2\grenadethrown.obj
e:\mymod\sp\src\game\server\debug_mod_hl2\haptic_msgs.obj
e:\mymod\sp\src\game\server\debug_mod_hl2\hintmessage.obj
e:\mymod\sp\src\game\server\debug_mod_hl2\info_overlay_accessor.obj
e:\mymod\sp\src\game\server\debug_mod_hl2\lightglow.obj
e:\mymod\sp\src\game\server\debug_mod_hl2\logicauto.obj
e:\mymod\sp\src\game\server\debug_mod_hl2\maprules.obj
e:\mymod\sp\src\game\server\debug_mod_hl2\movevars_shared.obj
e:\mymod\sp\src\game\server\debug_mod_hl2\obstacle_pushaway.obj
e:\mymod\sp\src\game\server\debug_mod_hl2\physics_fx.obj
e:\mymod\sp\src\game\server\debug_mod_hl2\physics_impact_damage.obj
e:\mymod\sp\src\game\server\debug_mod_hl2\physics_shared.obj
e:\mymod\sp\src\game\server\debug_mod_hl2\player.obj
e:\mymod\sp\src\game\server\debug_mod_hl2\ai_behavior_operator.obj
e:\mymod\sp\src\game\server\debug_mod_hl2\citadel_effects.obj
e:\mymod\sp\src\game\server\debug_mod_hl2\combine_mine.obj
e:\mymod\sp\src\game\server\debug_mod_hl2\hl2_player.obj
e:\mymod\sp\src\game\server\debug_mod_hl2\npc_bullseye.obj
e:\mymod\sp\src\game\server\debug_mod_hl2\npc_combinegunship.obj
e:\mymod\sp\src\game\server\debug_mod_hl2\npc_talker.obj
e:\mymod\sp\src\game\server\debug_mod_hl2\vehicle_cannon.obj
e:\mymod\sp\src\game\server\debug_mod_hl2\weapon_pistol.obj
e:\mymod\sp\src\game\server\debug_mod_hl2\weapon_cguard.obj
e:\mymod\sp\src\game\server\debug_mod_hl2\movie_explosion.obj
e:\mymod\sp\src\game\server\debug_mod_hl2\spritetrail.obj
e:\mymod\sp\src\game\server\debug_mod_hl2\te_beamlaser.obj
e:\mymod\sp\src\game\server\debug_mod_hl2\te_bloodstream.obj
e:\mymod\sp\src\game\server\debug_mod_hl2\te_explosion.obj
e:\mymod\sp\src\game\server\debug_mod_hl2\te_particlesystem.obj
e:\mymod\sp\src\game\server\debug_mod_hl2\te_sprite.obj
e:\mymod\sp\src\game\server\debug_mod_hl2\ai_activity.obj
e:\mymod\sp\src\game\server\debug_mod_hl2\ai_behavior.obj
e:\mymod\sp\src\game\server\debug_mod_hl2\ai_concommands.obj
e:\mymod\sp\src\game\server\debug_mod_hl2\ai_looktarget.obj
e:\mymod\sp\src\game\server\debug_mod_hl2\ai_moveshoot.obj
e:\mymod\sp\src\game\server\debug_mod_hl2\ai_playerally.obj
e:\mymod\sp\src\game\server\debug_mod_hl2\basegrenade_contact.obj
e:\mymod\sp\src\game\server\debug_mod_hl2\baseparticleentity.obj
e:\mymod\sp\src\game\server\debug_mod_hl2\baseprojectile.obj
e:\mymod\sp\src\game\server\debug_mod_hl2\beam_shared.obj
e:\mymod\sp\src\game\server\debug_mod_hl2\colorcorrectionvolume.obj
e:\mymod\sp\src\game\server\debug_mod_hl2\debugoverlay_shared.obj
e:\mymod\sp\src\game\server\debug_mod_hl2\ehandle.obj
e:\mymod\sp\src\game\server\debug_mod_hl2\entityblocker.obj
e:\mymod\sp\src\game\server\debug_mod_hl2\entitylist.obj
e:\mymod\sp\src\game\server\debug_mod_hl2\modelsoundscache.obj
e:\mymod\sp\src\game\server\debug_mod_hl2\particlesystemquery.obj
e:\mymod\sp\src\game\server\debug_mod_hl2\player_lagcompensation.obj
e:\mymod\sp\src\game\server\debug_mod_hl2\plugin_check.obj
e:\mymod\sp\src\game\server\debug_mod_hl2\point_camera.obj
e:\mymod\sp\src\game\server\debug_mod_hl2\pointangularvelocitysensor.obj
e:\mymod\sp\src\game\server\debug_mod_hl2\querycache.obj
e:\mymod\sp\src\game\server\debug_mod_hl2\scratchpad_gamedll_helpers.obj
e:\mymod\sp\src\game\server\debug_mod_hl2\serverbenchmark_base.obj
e:\mymod\sp\src\game\server\debug_mod_hl2\soundscape_system.obj
e:\mymod\sp\src\game\server\debug_mod_hl2\test_proxytoggle.obj
e:\mymod\sp\src\game\server\debug_mod_hl2\trains.obj
e:\mymod\sp\src\game\server\debug_mod_hl2\ai_behavior_actbusy.obj
e:\mymod\sp\src\game\server\debug_mod_hl2\hl_playermove.obj
e:\mymod\sp\src\game\server\debug_mod_hl2\npc_blob.obj
e:\mymod\sp\src\game\server\debug_mod_hl2\npc_citizen17.obj
e:\mymod\sp\src\game\server\debug_mod_hl2\npc_scanner.obj
e:\mymod\sp\src\game\server\debug_mod_hl2\weapon_crossbow.obj
e:\mymod\sp\src\game\server\debug_mod_hl2\vehicle_apc.obj
e:\mymod\sp\src\game\server\debug_mod_hl2\ai_basenpc_flyer_new.obj
e:\mymod\sp\src\game\server\debug_mod_hl2\ai_behavior_follow.obj
e:\mymod\sp\src\game\server\debug_mod_hl2\ai_link.obj
e:\mymod\sp\src\game\server\debug_mod_hl2\ai_localnavigator.obj
e:\mymod\sp\src\game\server\debug_mod_hl2\ai_pathfinder.obj
e:\mymod\sp\src\game\server\debug_mod_hl2\ai_squadslot.obj
e:\mymod\sp\src\game\server\debug_mod_hl2\base_playeranimstate.obj
e:\mymod\sp\src\game\server\debug_mod_hl2\basecombatweapon_shared.obj
e:\mymod\sp\src\game\server\debug_mod_hl2\basegrenade_shared.obj
e:\mymod\sp\src\game\server\debug_mod_hl2\bitstring.obj
e:\mymod\sp\src\game\server\debug_mod_hl2\client.obj
e:\mymod\sp\src\game\server\debug_mod_hl2\env_texturetoggle.obj
e:\mymod\sp\src\game\server\debug_mod_hl2\envbeam.obj
e:\mymod\sp\src\game\server\debug_mod_hl2\fire.obj
e:\mymod\sp\src\game\server\debug_mod_hl2\func_monitor.obj
e:\mymod\sp\src\game\server\debug_mod_hl2\gameinterface.obj
e:\mymod\sp\src\game\server\debug_mod_hl2\physics_prop_ragdoll.obj
e:\mymod\sp\src\game\server\debug_mod_hl2\sceneentity.obj
e:\mymod\sp\src\game\server\debug_mod_hl2\achievements_hl2.obj
e:\mymod\sp\src\game\server\debug_mod_hl2\ar2_explosion.obj
e:\mymod\sp\src\game\server\debug_mod_hl2\basehlcombatweapon_shared.obj
e:\mymod\sp\src\game\server\debug_mod_hl2\env_speaker.obj
e:\mymod\sp\src\game\server\debug_mod_hl2\grenade_frag.obj
e:\mymod\sp\src\game\server\debug_mod_hl2\hl2_gamerules.obj
e:\mymod\sp\src\game\server\debug_mod_hl2\npc_antlion.obj
e:\mymod\sp\src\game\server\debug_mod_hl2\npc_eli.obj
e:\mymod\sp\src\game\server\debug_mod_hl2\npc_headcrab.obj
e:\mymod\sp\src\game\server\debug_mod_hl2\npc_rollermine.obj
e:\mymod\sp\src\game\server\debug_mod_hl2\prop_combine_ball.obj
e:\mymod\sp\src\game\server\debug_mod_hl2\weapon_crowbar.obj
e:\mymod\sp\src\game\server\debug_mod_hl2\grenade_homer.obj
e:\mymod\sp\src\game\server\debug_mod_hl2\plasma.obj
e:\mymod\sp\src\game\server\debug_mod_hl2\te_armorricochet.obj
e:\mymod\sp\src\game\server\debug_mod_hl2\te_beamentpoint.obj
e:\mymod\sp\src\game\server\debug_mod_hl2\te_beamringpoint.obj
e:\mymod\sp\src\game\server\debug_mod_hl2\te_decal.obj
e:\mymod\sp\src\game\server\debug_mod_hl2\te_glowsprite.obj
e:\mymod\sp\src\game\server\debug_mod_hl2\te_worlddecal.obj
e:\mymod\sp\src\game\server\debug_mod_hl2\achievement_saverestore.obj
e:\mymod\sp\src\game\server\debug_mod_hl2\ai_basenpc_squad.obj
e:\mymod\sp\src\game\server\debug_mod_hl2\ai_criteria.obj
e:\mymod\sp\src\game\server\debug_mod_hl2\ai_event.obj
e:\mymod\sp\src\game\server\debug_mod_hl2\ai_moveprobe.obj
e:\mymod\sp\src\game\server\debug_mod_hl2\ai_schedule.obj
e:\mymod\sp\src\game\server\debug_mod_hl2\ai_task.obj
e:\mymod\sp\src\game\server\debug_mod_hl2\baseanimating.obj
e:\mymod\sp\src\game\server\debug_mod_hl2\decals.obj
e:\mymod\sp\src\game\server\debug_mod_hl2\entityparticletrail_shared.obj
e:\mymod\sp\src\game\server\debug_mod_hl2\env_debughistory.obj
e:\mymod\sp\src\game\server\debug_mod_hl2\env_projectedtexture.obj
e:\mymod\sp\src\game\server\debug_mod_hl2\envfade.obj
e:\mymod\sp\src\game\server\debug_mod_hl2\envshake.obj
e:\mymod\sp\src\game\server\debug_mod_hl2\fogcontroller.obj
e:\mymod\sp\src\game\server\debug_mod_hl2\func_lod.obj
e:\mymod\sp\src\game\server\debug_mod_hl2\func_smokevolume.obj
e:\mymod\sp\src\game\server\debug_mod_hl2\gametrace_dll.obj
e:\mymod\sp\src\game\server\debug_mod_hl2\genericmonster.obj
e:\mymod\sp\src\game\server\debug_mod_hl2\multiplay_gamerules.obj
e:\mymod\sp\src\game\server\debug_mod_hl2\physics_main_shared.obj
e:\mymod\sp\src\game\server\debug_mod_hl2\pointteleport.obj
e:\mymod\sp\src\game\server\debug_mod_hl2\ragdoll_shared.obj
e:\mymod\sp\src\game\server\debug_mod_hl2\sendproxy.obj
e:\mymod\sp\src\game\server\debug_mod_hl2\shadowcontrol.obj
e:\mymod\sp\src\game\server\debug_mod_hl2\slideshow_display.obj
e:\mymod\sp\src\game\server\debug_mod_hl2\sprite.obj
e:\mymod\sp\src\game\server\debug_mod_hl2\test_ehandle.obj
e:\mymod\sp\src\game\server\debug_mod_hl2\triggers.obj
e:\mymod\sp\src\game\server\debug_mod_hl2\env_headcrabcanister.obj
e:\mymod\sp\src\game\server\debug_mod_hl2\item_ammo.obj
e:\mymod\sp\src\game\server\debug_mod_hl2\npc_antlionguard.obj
e:\mymod\sp\src\game\server\debug_mod_hl2\npc_cranedriver.obj
e:\mymod\sp\src\game\server\debug_mod_hl2\npc_launcher.obj
e:\mymod\sp\src\game\server\debug_mod_hl2\npc_stalker.obj
e:\mymod\sp\src\game\server\debug_mod_hl2\weapon_357.obj
e:\mymod\sp\src\game\server\debug_mod_hl2\weapon_frag.obj
e:\mymod\sp\src\game\server\debug_mod_hl2\weapon_stunstick.obj
e:\mymod\sp\src\game\server\debug_mod_hl2\te_muzzleflash.obj
e:\mymod\sp\src\game\server\debug_mod_hl2\toolframework_server.obj
e:\mymod\sp\src\game\server\debug_mod_hl2\achievementmgr.obj
e:\mymod\sp\src\game\server\debug_mod_hl2\ai_behavior_standoff.obj
e:\mymod\sp\src\game\server\debug_mod_hl2\ai_motor.obj
e:\mymod\sp\src\game\server\debug_mod_hl2\ai_responsesystem.obj
e:\mymod\sp\src\game\server\debug_mod_hl2\ai_waypoint.obj
e:\mymod\sp\src\game\server\debug_mod_hl2\ammodef.obj
e:\mymod\sp\src\game\server\debug_mod_hl2\animation.obj
e:\mymod\sp\src\game\server\debug_mod_hl2\base_transmit_proxy.obj
e:\mymod\sp\src\game\server\debug_mod_hl2\baseanimatingoverlay.obj
e:\mymod\sp\src\game\server\debug_mod_hl2\basemultiplayerplayer.obj
e:\mymod\sp\src\game\server\debug_mod_hl2\colorcorrection.obj
e:\mymod\sp\src\game\server\debug_mod_hl2\commentarysystem.obj
e:\mymod\sp\src\game\server\debug_mod_hl2\func_areaportalwindow.obj
e:\mymod\sp\src\game\server\debug_mod_hl2\func_ladder.obj
e:\mymod\sp\src\game\server\debug_mod_hl2\game.obj
e:\mymod\sp\src\game\server\debug_mod_hl2\game_ui.obj
e:\mymod\sp\src\game\server\debug_mod_hl2\gamevars_shared.obj
e:\mymod\sp\src\game\server\debug_mod_hl2\gameweaponmanager.obj
e:\mymod\sp\src\game\server\debug_mod_hl2\h_ai.obj
e:\mymod\sp\src\game\server\debug_mod_hl2\haptic_utils.obj
e:\mymod\sp\src\game\server\debug_mod_hl2\hintsystem.obj
e:\mymod\sp\src\game\server\debug_mod_hl2\intermission.obj
e:\mymod\sp\src\game\server\debug_mod_hl2\logic_achievement.obj
e:\mymod\sp\src\game\server\debug_mod_hl2\logic_navigation.obj
e:\mymod\sp\src\game\server\debug_mod_hl2\mapentities_shared.obj
e:\mymod\sp\src\game\server\debug_mod_hl2\materialmodifycontrol.obj
e:\mymod\sp\src\game\server\debug_mod_hl2\npc_vehicledriver.obj
e:\mymod\sp\src\game\server\debug_mod_hl2\pointanglesensor.obj
e:\mymod\sp\src\game\server\debug_mod_hl2\props_shared.obj
e:\mymod\sp\src\game\server\debug_mod_hl2\simtimer.obj
e:\mymod\sp\src\game\server\debug_mod_hl2\skycamera.obj
e:\mymod\sp\src\game\server\debug_mod_hl2\soundenvelope.obj
e:\mymod\sp\src\game\server\debug_mod_hl2\tactical_mission.obj
e:\mymod\sp\src\game\server\debug_mod_hl2\test_stressentities.obj
e:\mymod\sp\src\game\server\debug_mod_hl2\vehicle_viewblend_shared.obj
e:\mymod\sp\src\game\server\debug_mod_hl2\weapon_parse_default.obj
e:\mymod\sp\src\game\server\debug_mod_hl2\weapon_proficiency.obj
e:\mymod\sp\src\game\server\debug_mod_hl2\weight_button.obj
e:\mymod\sp\src\game\server\debug_mod_hl2\ai_behavior_functank.obj
e:\mymod\sp\src\game\server\debug_mod_hl2\cbasespriteprojectile.obj
e:\mymod\sp\src\game\server\debug_mod_hl2\env_alyxemp.obj
e:\mymod\sp\src\game\server\debug_mod_hl2\func_tank.obj
e:\mymod\sp\src\game\server\debug_mod_hl2\npc_barney.obj
e:\mymod\sp\src\game\server\debug_mod_hl2\npc_fisherman.obj
e:\mymod\sp\src\game\server\debug_mod_hl2\npc_strider.obj
e:\mymod\sp\src\game\server\debug_mod_hl2\weapon_alyxgun.obj
e:\mymod\sp\src\game\server\debug_mod_hl2\weapon_rpg.obj
e:\mymod\sp\src\game\server\debug_mod_hl2\te_energysplash.obj
e:\mymod\sp\src\game\server\debug_mod_hl2\te_largefunnel.obj
e:\mymod\sp\src\game\server\debug_mod_hl2\te_spritespray.obj
e:\mymod\sp\src\game\server\debug_mod_hl2\filesystem_helpers.obj
e:\mymod\sp\src\game\server\debug_mod_hl2\scratchpadutils.obj
e:\mymod\sp\src\game\server\debug_mod_hl2\interpolatortypes.obj
e:\mymod\sp\src\game\server\debug_mod_hl2\language.obj
e:\mymod\sp\src\game\server\debug_mod_hl2\sheetsimulator.obj
e:\mymod\sp\src\game\server\debug_mod_hl2\gamestats_basicstatsfunctions.obj
e:\mymod\sp\src\game\server\debug_mod_hl2\gamehandle.obj
e:\mymod\sp\src\game\server\debug_mod_hl2\keyframe.obj
e:\mymod\sp\src\game\server\debug_mod_hl2\stringregistry.obj
e:\mymod\sp\src\game\server\debug_mod_hl2\dt_utlvector_common.obj
e:\mymod\sp\src\game\server\debug_mod_hl2\networkvar.obj
e:\mymod\sp\src\game\server\debug_mod_hl2\rope_physics.obj
e:\mymod\sp\src\game\server\debug_mod_hl2\init_factory.obj
e:\mymod\sp\src\game\server\debug_mod_hl2\interval.obj
e:\mymod\sp\src\game\server\debug_mod_hl2\map_utils.obj
e:\mymod\sp\src\game\server\debug_mod_hl2\studio.obj
e:\mymod\sp\src\game\server\debug_mod_hl2\bone_setup.obj
e:\mymod\sp\src\game\server\debug_mod_hl2\dt_utlvector_send.obj
e:\mymod\sp\src\game\server\debug_mod_hl2\memoverride.obj
e:\mymod\sp\src\game\server\debug_mod_hl2\editor_sendcommand.obj
e:\mymod\sp\src\game\server\debug_mod_hl2\server_class.obj
e:\mymod\sp\src\game\server\debug_mod_hl2\dt_send.obj
e:\mymod\sp\src\game\server\debug_mod_hl2\randoverride.obj
e:\mymod\sp\src\game\server\debug_mod_hl2\simple_physics.obj
e:\mymod\sp\src\game\server\debug_mod_hl2\h_export.obj
e:\mymod\sp\src\game\server\debug_mod_hl2\registry.obj
e:\mymod\sp\src\game\server\debug_mod_hl2\collisionutils.obj
e:\mymod\sp\src\game\server\debug_mod_hl2\scratchpad3d.obj
e:\mymod\sp\src\game\server\debug_mod_hl2\pointeroverride.obj
e:\mymod\sp\src\game\server\server_hl2.vpc.sentinel
e:\mymod\sp\src\game\server\debug_mod_hl2\server.ilk
e:\mymod\sp\src\game\server\debug_mod_hl2\server.dll
e:\mymod\sp\src\game\server\debug_mod_hl2\server.pdb
e:\mymod\sp\src\game\server\debug_mod_hl2\server.lib
e:\mymod\sp\src\game\server\debug_mod_hl2\server.exp
e:\mymod\sp\src\game\server\.\debug_mod_hl2\server.dll
e:\mymod\sp\src\game\server\debug_mod_hl2\server (hl2).tlog\cl.command.1.tlog
e:\mymod\sp\src\game\server\debug_mod_hl2\server (hl2).tlog\cl.read.1.tlog
e:\mymod\sp\src\game\server\debug_mod_hl2\server (hl2).tlog\cl.write.1.tlog
e:\mymod\sp\src\game\server\debug_mod_hl2\server (hl2).tlog\custombuild.command.1.tlog
e:\mymod\sp\src\game\server\debug_mod_hl2\server (hl2).tlog\custombuild.read.1.tlog
e:\mymod\sp\src\game\server\debug_mod_hl2\server (hl2).tlog\custombuild.write.1.tlog
e:\mymod\sp\src\game\server\debug_mod_hl2\server (hl2).tlog\link.command.1.tlog
e:\mymod\sp\src\game\server\debug_mod_hl2\server (hl2).tlog\link.read.1.tlog
e:\mymod\sp\src\game\server\debug_mod_hl2\server (hl2).tlog\link.write.1.tlog
e:\mymod\sp\src\game\server\debug_mod_hl2\server (hl2).tlog\server (hl2).write.1u.tlog
