e:\mymod\sp\src\game\client\debug_mod_hl2\client.pch
e:\mymod\sp\src\game\client\debug_mod_hl2\vc120.pdb
e:\mymod\sp\src\game\client\debug_mod_hl2\vc120.idb
e:\mymod\sp\src\game\client\debug_mod_hl2\stdafx.obj
e:\mymod\sp\src\game\client\debug_mod_hl2\replaycamera.obj
e:\mymod\sp\src\game\client\debug_mod_hl2\animatespecifictextureproxy.obj
e:\mymod\sp\src\game\client\debug_mod_hl2\baseparticleentity.obj
e:\mymod\sp\src\game\client\debug_mod_hl2\baseviewmodel_shared.obj
e:\mymod\sp\src\game\client\debug_mod_hl2\c_baseflex.obj
e:\mymod\sp\src\game\client\debug_mod_hl2\c_tesla.obj
e:\mymod\sp\src\game\client\debug_mod_hl2\c_vguiscreen.obj
e:\mymod\sp\src\game\client\debug_mod_hl2\eventlist.obj
e:\mymod\sp\src\game\client\debug_mod_hl2\fx_cube.obj
e:\mymod\sp\src\game\client\debug_mod_hl2\fx_interpvalue.obj
e:\mymod\sp\src\game\client\debug_mod_hl2\fx_shelleject.obj
e:\mymod\sp\src\game\client\debug_mod_hl2\fx_trail.obj
e:\mymod\sp\src\game\client\debug_mod_hl2\glow_outline_effect.obj
e:\mymod\sp\src\game\client\debug_mod_hl2\haptic_utils.obj
e:\mymod\sp\src\game\client\debug_mod_hl2\hud_basechat.obj
e:\mymod\sp\src\game\client\debug_mod_hl2\hud_redraw.obj
e:\mymod\sp\src\game\client\debug_mod_hl2\particle_collision.obj
e:\mymod\sp\src\game\client\debug_mod_hl2\particle_litsmokeemitter.obj
e:\mymod\sp\src\game\client\debug_mod_hl2\particles_ez.obj
e:\mymod\sp\src\game\client\debug_mod_hl2\physics_main_client.obj
e:\mymod\sp\src\game\client\debug_mod_hl2\physpropclientside.obj
e:\mymod\sp\src\game\client\debug_mod_hl2\saverestore.obj
e:\mymod\sp\src\game\client\debug_mod_hl2\vgui_bitmapimage.obj
e:\mymod\sp\src\game\client\debug_mod_hl2\vgui_messagechars.obj
e:\mymod\sp\src\game\client\debug_mod_hl2\view_scene.obj
e:\mymod\sp\src\game\client\debug_mod_hl2\viewrender.obj
e:\mymod\sp\src\game\client\debug_mod_hl2\hud_ammo.obj
e:\mymod\sp\src\game\client\debug_mod_hl2\hud_suitpower.obj
e:\mymod\sp\src\game\client\debug_mod_hl2\c_te_beamring.obj
e:\mymod\sp\src\game\client\debug_mod_hl2\c_te_decal.obj
e:\mymod\sp\src\game\client\debug_mod_hl2\c_te_legacytempents.obj
e:\mymod\sp\src\game\client\debug_mod_hl2\animatedoffsettextureproxy.obj
e:\mymod\sp\src\game\client\debug_mod_hl2\basecombatcharacter_shared.obj
e:\mymod\sp\src\game\client\debug_mod_hl2\baseprojectile.obj
e:\mymod\sp\src\game\client\debug_mod_hl2\bone_merge_cache.obj
e:\mymod\sp\src\game\client\debug_mod_hl2\c_basecombatweapon.obj
e:\mymod\sp\src\game\client\debug_mod_hl2\c_fire_smoke.obj
e:\mymod\sp\src\game\client\debug_mod_hl2\c_physbox.obj
e:\mymod\sp\src\game\client\debug_mod_hl2\c_props.obj
e:\mymod\sp\src\game\client\debug_mod_hl2\c_sprite.obj
e:\mymod\sp\src\game\client\debug_mod_hl2\c_waterbullet.obj
e:\mymod\sp\src\game\client\debug_mod_hl2\camomaterialproxy.obj
e:\mymod\sp\src\game\client\debug_mod_hl2\clientleafsystem.obj
e:\mymod\sp\src\game\client\debug_mod_hl2\flashlighteffect.obj
e:\mymod\sp\src\game\client\debug_mod_hl2\fx_tracer.obj
e:\mymod\sp\src\game\client\debug_mod_hl2\gamerules_register.obj
e:\mymod\sp\src\game\client\debug_mod_hl2\gametrace_client.obj
e:\mymod\sp\src\game\client\debug_mod_hl2\geiger.obj
e:\mymod\sp\src\game\client\debug_mod_hl2\hud_chat.obj
e:\mymod\sp\src\game\client\debug_mod_hl2\igamesystem.obj
e:\mymod\sp\src\game\client\debug_mod_hl2\lampbeamproxy.obj
e:\mymod\sp\src\game\client\debug_mod_hl2\mathproxy.obj
e:\mymod\sp\src\game\client\debug_mod_hl2\multiplay_gamerules.obj
e:\mymod\sp\src\game\client\debug_mod_hl2\physics.obj
e:\mymod\sp\src\game\client\debug_mod_hl2\recvproxy.obj
e:\mymod\sp\src\game\client\debug_mod_hl2\sceneentity_shared.obj
e:\mymod\sp\src\game\client\debug_mod_hl2\sequence_transitioner.obj
e:\mymod\sp\src\game\client\debug_mod_hl2\soundemittersystem.obj
e:\mymod\sp\src\game\client\debug_mod_hl2\vgui_grid.obj
e:\mymod\sp\src\game\client\debug_mod_hl2\view_beams.obj
e:\mymod\sp\src\game\client\debug_mod_hl2\viewconeimage.obj
e:\mymod\sp\src\game\client\debug_mod_hl2\intromenu.obj
e:\mymod\sp\src\game\client\debug_mod_hl2\c_citadel_effects.obj
e:\mymod\sp\src\game\client\debug_mod_hl2\c_func_tankmortar.obj
e:\mymod\sp\src\game\client\debug_mod_hl2\c_npc_manhack.obj
e:\mymod\sp\src\game\client\debug_mod_hl2\c_script_intro.obj
e:\mymod\sp\src\game\client\debug_mod_hl2\c_vehicle_cannon.obj
e:\mymod\sp\src\game\client\debug_mod_hl2\c_weapon_crossbow.obj
e:\mymod\sp\src\game\client\debug_mod_hl2\fx_antlion.obj
e:\mymod\sp\src\game\client\debug_mod_hl2\hl_prediction.obj
e:\mymod\sp\src\game\client\debug_mod_hl2\hud_health.obj
e:\mymod\sp\src\game\client\debug_mod_hl2\shieldproxy.obj
e:\mymod\sp\src\game\client\debug_mod_hl2\c_effects.obj
e:\mymod\sp\src\game\client\debug_mod_hl2\c_te_beamspline.obj
e:\mymod\sp\src\game\client\debug_mod_hl2\c_te_energysplash.obj
e:\mymod\sp\src\game\client\debug_mod_hl2\c_te_muzzleflash.obj
e:\mymod\sp\src\game\client\debug_mod_hl2\c_te_sprite.obj
e:\mymod\sp\src\game\client\debug_mod_hl2\achievementmgr.obj
e:\mymod\sp\src\game\client\debug_mod_hl2\c_pixel_visibility.obj
e:\mymod\sp\src\game\client\debug_mod_hl2\c_team_objectiveresource.obj
e:\mymod\sp\src\game\client\debug_mod_hl2\cdll_util.obj
e:\mymod\sp\src\game\client\debug_mod_hl2\colorcorrectionmgr.obj
e:\mymod\sp\src\game\client\debug_mod_hl2\death_pose.obj
e:\mymod\sp\src\game\client\debug_mod_hl2\debugoverlay_shared.obj
e:\mymod\sp\src\game\client\debug_mod_hl2\detailobjectsystem.obj
e:\mymod\sp\src\game\client\debug_mod_hl2\haptic_msgs.obj
e:\mymod\sp\src\game\client\debug_mod_hl2\hud_animationinfo.obj
e:\mymod\sp\src\game\client\debug_mod_hl2\hud_closecaption.obj
e:\mymod\sp\src\game\client\debug_mod_hl2\particles_attractor.obj
e:\mymod\sp\src\game\client\debug_mod_hl2\particles_localspace.obj
e:\mymod\sp\src\game\client\debug_mod_hl2\physics_main_shared.obj
e:\mymod\sp\src\game\client\debug_mod_hl2\text_message.obj
e:\mymod\sp\src\game\client\debug_mod_hl2\usermessages.obj
e:\mymod\sp\src\game\client\debug_mod_hl2\vgui_consolepanel.obj
e:\mymod\sp\src\game\client\debug_mod_hl2\vgui_debugoverlaypanel.obj
e:\mymod\sp\src\game\client\debug_mod_hl2\vgui_video.obj
e:\mymod\sp\src\game\client\debug_mod_hl2\weapon_parse.obj
e:\mymod\sp\src\game\client\debug_mod_hl2\commandmenu.obj
e:\mymod\sp\src\game\client\debug_mod_hl2\c_ar2_explosion.obj
e:\mymod\sp\src\game\client\debug_mod_hl2\c_barney.obj
e:\mymod\sp\src\game\client\debug_mod_hl2\c_basehelicopter.obj
e:\mymod\sp\src\game\client\debug_mod_hl2\c_env_headcrabcanister.obj
e:\mymod\sp\src\game\client\debug_mod_hl2\c_prop_combine_ball.obj
e:\mymod\sp\src\game\client\debug_mod_hl2\c_te_flare.obj
e:\mymod\sp\src\game\client\debug_mod_hl2\c_weapon__stubs_hl2.obj
e:\mymod\sp\src\game\client\debug_mod_hl2\hl2_clientmode.obj
e:\mymod\sp\src\game\client\debug_mod_hl2\c_te_beampoints.obj
e:\mymod\sp\src\game\client\debug_mod_hl2\c_te_bubbletrail.obj
e:\mymod\sp\src\game\client\debug_mod_hl2\c_te_impact.obj
e:\mymod\sp\src\game\client\debug_mod_hl2\c_te_smoke.obj
e:\mymod\sp\src\game\client\debug_mod_hl2\fx_sparks.obj
e:\mymod\sp\src\game\client\debug_mod_hl2\achievement_saverestore.obj
e:\mymod\sp\src\game\client\debug_mod_hl2\baseachievement.obj
e:\mymod\sp\src\game\client\debug_mod_hl2\c_func_breakablesurf.obj
e:\mymod\sp\src\game\client\debug_mod_hl2\c_materialmodifycontrol.obj
e:\mymod\sp\src\game\client\debug_mod_hl2\c_point_commentary_node.obj
e:\mymod\sp\src\game\client\debug_mod_hl2\commentary_modelviewer.obj
e:\mymod\sp\src\game\client\debug_mod_hl2\hud_numericdisplay.obj
e:\mymod\sp\src\game\client\debug_mod_hl2\matrixproxy.obj
e:\mymod\sp\src\game\client\debug_mod_hl2\movevars_shared.obj
e:\mymod\sp\src\game\client\debug_mod_hl2\mp_shareddefs.obj
e:\mymod\sp\src\game\client\debug_mod_hl2\obstacle_pushaway.obj
e:\mymod\sp\src\game\client\debug_mod_hl2\particle_parse.obj
e:\mymod\sp\src\game\client\debug_mod_hl2\particlesystemquery.obj
e:\mymod\sp\src\game\client\debug_mod_hl2\physics_shared.obj
e:\mymod\sp\src\game\client\debug_mod_hl2\proxyentity.obj
e:\mymod\sp\src\game\client\debug_mod_hl2\proxypupil.obj
e:\mymod\sp\src\game\client\debug_mod_hl2\rope_helpers.obj
e:\mymod\sp\src\game\client\debug_mod_hl2\simple_keys.obj
e:\mymod\sp\src\game\client\debug_mod_hl2\splinepatch.obj
e:\mymod\sp\src\game\client\debug_mod_hl2\sprite.obj
e:\mymod\sp\src\game\client\debug_mod_hl2\toggletextureproxy.obj
e:\mymod\sp\src\game\client\debug_mod_hl2\vgui_bitmappanel.obj
e:\mymod\sp\src\game\client\debug_mod_hl2\vgui_loadingdiscpanel.obj
e:\mymod\sp\src\game\client\debug_mod_hl2\viewdebug.obj
e:\mymod\sp\src\game\client\debug_mod_hl2\worlddimsproxy.obj
e:\mymod\sp\src\game\client\debug_mod_hl2\clientscoreboarddialog.obj
e:\mymod\sp\src\game\client\debug_mod_hl2\c_env_alyxtemp.obj
e:\mymod\sp\src\game\client\debug_mod_hl2\c_info_teleporter_countdown.obj
e:\mymod\sp\src\game\client\debug_mod_hl2\hud_weaponselection.obj
e:\mymod\sp\src\game\client\debug_mod_hl2\c_te_effect_dispatch.obj
e:\mymod\sp\src\game\client\debug_mod_hl2\c_te_physicsprop.obj
e:\mymod\sp\src\game\client\debug_mod_hl2\fx.obj
e:\mymod\sp\src\game\client\debug_mod_hl2\ammodef.obj
e:\mymod\sp\src\game\client\debug_mod_hl2\baseanimatedtextureproxy.obj
e:\mymod\sp\src\game\client\debug_mod_hl2\baseplayer_shared.obj
e:\mymod\sp\src\game\client\debug_mod_hl2\c_baseentity.obj
e:\mymod\sp\src\game\client\debug_mod_hl2\c_func_lod.obj
e:\mymod\sp\src\game\client\debug_mod_hl2\c_func_rotating.obj
e:\mymod\sp\src\game\client\debug_mod_hl2\c_hairball.obj
e:\mymod\sp\src\game\client\debug_mod_hl2\c_point_camera.obj
e:\mymod\sp\src\game\client\debug_mod_hl2\c_sceneentity.obj
e:\mymod\sp\src\game\client\debug_mod_hl2\effectsclient.obj
e:\mymod\sp\src\game\client\debug_mod_hl2\env_wind_shared.obj
e:\mymod\sp\src\game\client\debug_mod_hl2\fx_staticline.obj
e:\mymod\sp\src\game\client\debug_mod_hl2\fx_water.obj
e:\mymod\sp\src\game\client\debug_mod_hl2\hintmessage.obj
e:\mymod\sp\src\game\client\debug_mod_hl2\hud.obj
e:\mymod\sp\src\game\client\debug_mod_hl2\hud_vehicle.obj
e:\mymod\sp\src\game\client\debug_mod_hl2\particle_proxies.obj
e:\mymod\sp\src\game\client\debug_mod_hl2\particles_new.obj
e:\mymod\sp\src\game\client\debug_mod_hl2\point_bonusmaps_accessor.obj
e:\mymod\sp\src\game\client\debug_mod_hl2\precache_register.obj
e:\mymod\sp\src\game\client\debug_mod_hl2\prediction.obj
e:\mymod\sp\src\game\client\debug_mod_hl2\vehicle_viewblend_shared.obj
e:\mymod\sp\src\game\client\debug_mod_hl2\vgui_centerstringpanel.obj
e:\mymod\sp\src\game\client\debug_mod_hl2\vgui_video_player.obj
e:\mymod\sp\src\game\client\debug_mod_hl2\voice_banmgr.obj
e:\mymod\sp\src\game\client\debug_mod_hl2\baseviewport.obj
e:\mymod\sp\src\game\client\debug_mod_hl2\env_headcrabcanister_shared.obj
e:\mymod\sp\src\game\client\debug_mod_hl2\hl2_usermessages.obj
e:\mymod\sp\src\game\client\debug_mod_hl2\hud_blood.obj
e:\mymod\sp\src\game\client\debug_mod_hl2\hud_poisondamageindicator.obj
e:\mymod\sp\src\game\client\debug_mod_hl2\hud_zoom.obj
e:\mymod\sp\src\game\client\debug_mod_hl2\c_te_clientprojectile.obj
e:\mymod\sp\src\game\client\debug_mod_hl2\c_te_killplayerattachments.obj
e:\mymod\sp\src\game\client\debug_mod_hl2\c_te_sparks.obj
e:\mymod\sp\src\game\client\debug_mod_hl2\fx_line.obj
e:\mymod\sp\src\game\client\debug_mod_hl2\animatedentitytextureproxy.obj
e:\mymod\sp\src\game\client\debug_mod_hl2\baseclientrendertargets.obj
e:\mymod\sp\src\game\client\debug_mod_hl2\basegrenade_shared.obj
e:\mymod\sp\src\game\client\debug_mod_hl2\beamdraw.obj
e:\mymod\sp\src\game\client\debug_mod_hl2\c_basedoor.obj
e:\mymod\sp\src\game\client\debug_mod_hl2\c_breakableprop.obj
e:\mymod\sp\src\game\client\debug_mod_hl2\c_dynamiclight.obj
e:\mymod\sp\src\game\client\debug_mod_hl2\c_entityparticletrail.obj
e:\mymod\sp\src\game\client\debug_mod_hl2\c_env_projectedtexture.obj
e:\mymod\sp\src\game\client\debug_mod_hl2\c_fish.obj
e:\mymod\sp\src\game\client\debug_mod_hl2\c_func_reflective_glass.obj
e:\mymod\sp\src\game\client\debug_mod_hl2\c_info_overlay_accessor.obj
e:\mymod\sp\src\game\client\debug_mod_hl2\c_particle_system.obj
e:\mymod\sp\src\game\client\debug_mod_hl2\c_rope.obj
e:\mymod\sp\src\game\client\debug_mod_hl2\cl_mat_stub.obj
e:\mymod\sp\src\game\client\debug_mod_hl2\client_thinklist.obj
e:\mymod\sp\src\game\client\debug_mod_hl2\clientsideeffects.obj
e:\mymod\sp\src\game\client\debug_mod_hl2\clientsteamcontext.obj
e:\mymod\sp\src\game\client\debug_mod_hl2\entityparticletrail_shared.obj
e:\mymod\sp\src\game\client\debug_mod_hl2\functionproxy.obj
e:\mymod\sp\src\game\client\debug_mod_hl2\fx_fleck.obj
e:\mymod\sp\src\game\client\debug_mod_hl2\fx_quad.obj
e:\mymod\sp\src\game\client\debug_mod_hl2\gamestats.obj
e:\mymod\sp\src\game\client\debug_mod_hl2\hud_element_helper.obj
e:\mymod\sp\src\game\client\debug_mod_hl2\hud_hintdisplay.obj
e:\mymod\sp\src\game\client\debug_mod_hl2\panelmetaclassmgr.obj
e:\mymod\sp\src\game\client\debug_mod_hl2\screenspaceeffects.obj
e:\mymod\sp\src\game\client\debug_mod_hl2\studio_shared.obj
e:\mymod\sp\src\game\client\debug_mod_hl2\studio_stats.obj
e:\mymod\sp\src\game\client\debug_mod_hl2\vgui_game_viewport.obj
e:\mymod\sp\src\game\client\debug_mod_hl2\vgui_int.obj
e:\mymod\sp\src\game\client\debug_mod_hl2\viewangleanim.obj
e:\mymod\sp\src\game\client\debug_mod_hl2\weapon_parse_default.obj
e:\mymod\sp\src\game\client\debug_mod_hl2\weapons_resource.obj
e:\mymod\sp\src\game\client\debug_mod_hl2\navprogress.obj
e:\mymod\sp\src\game\client\debug_mod_hl2\c_corpse.obj
e:\mymod\sp\src\game\client\debug_mod_hl2\c_hl2_playerlocaldata.obj
e:\mymod\sp\src\game\client\debug_mod_hl2\c_npc_combinegunship.obj
e:\mymod\sp\src\game\client\debug_mod_hl2\c_vehicle_crane.obj
e:\mymod\sp\src\game\client\debug_mod_hl2\c_weapon_physcannon.obj
e:\mymod\sp\src\game\client\debug_mod_hl2\fx_bugbait.obj
e:\mymod\sp\src\game\client\debug_mod_hl2\fx_hl2_impacts.obj
e:\mymod\sp\src\game\client\debug_mod_hl2\hud_battery.obj
e:\mymod\sp\src\game\client\debug_mod_hl2\hud_squadstatus.obj
e:\mymod\sp\src\game\client\debug_mod_hl2\c_te_beamlaser.obj
e:\mymod\sp\src\game\client\debug_mod_hl2\c_te_bubbles.obj
e:\mymod\sp\src\game\client\debug_mod_hl2\c_te_glowsprite.obj
e:\mymod\sp\src\game\client\debug_mod_hl2\fx_discreetline.obj
e:\mymod\sp\src\game\client\debug_mod_hl2\smoke_fog_overlay.obj
e:\mymod\sp\src\game\client\debug_mod_hl2\activitylist.obj
e:\mymod\sp\src\game\client\debug_mod_hl2\c_basecombatcharacter.obj
e:\mymod\sp\src\game\client\debug_mod_hl2\c_baseviewmodel.obj
e:\mymod\sp\src\game\client\debug_mod_hl2\c_colorcorrection.obj
e:\mymod\sp\src\game\client\debug_mod_hl2\c_env_fog_controller.obj
e:\mymod\sp\src\game\client\debug_mod_hl2\c_env_tonemap_controller.obj
e:\mymod\sp\src\game\client\debug_mod_hl2\c_func_dust.obj
e:\mymod\sp\src\game\client\debug_mod_hl2\c_physmagnet.obj
e:\mymod\sp\src\game\client\debug_mod_hl2\c_ragdoll_manager.obj
e:\mymod\sp\src\game\client\debug_mod_hl2\c_slideshow_display.obj
e:\mymod\sp\src\game\client\debug_mod_hl2\c_waterlodcontrol.obj
e:\mymod\sp\src\game\client\debug_mod_hl2\cdll_bounded_cvars.obj
e:\mymod\sp\src\game\client\debug_mod_hl2\classmap.obj
e:\mymod\sp\src\game\client\debug_mod_hl2\clientshadowmgr.obj
e:\mymod\sp\src\game\client\debug_mod_hl2\func_ladder.obj
e:\mymod\sp\src\game\client\debug_mod_hl2\gamerules.obj
e:\mymod\sp\src\game\client\debug_mod_hl2\hud_bitmapnumericdisplay.obj
e:\mymod\sp\src\game\client\debug_mod_hl2\hud_msg.obj
e:\mymod\sp\src\game\client\debug_mod_hl2\in_camera.obj
e:\mymod\sp\src\game\client\debug_mod_hl2\lamphaloproxy.obj
e:\mymod\sp\src\game\client\debug_mod_hl2\message.obj
e:\mymod\sp\src\game\client\debug_mod_hl2\proxyhealth.obj
e:\mymod\sp\src\game\client\debug_mod_hl2\ragdoll_shared.obj
e:\mymod\sp\src\game\client\debug_mod_hl2\teamplayroundbased_gamerules.obj
e:\mymod\sp\src\game\client\debug_mod_hl2\view.obj
e:\mymod\sp\src\game\client\debug_mod_hl2\waterlodmaterialproxy.obj
e:\mymod\sp\src\game\client\debug_mod_hl2\weapon_selection.obj
e:\mymod\sp\src\game\client\debug_mod_hl2\teammenu.obj
e:\mymod\sp\src\game\client\debug_mod_hl2\clientmode_hlnormal.obj
e:\mymod\sp\src\game\client\debug_mod_hl2\c_te_beamentpoint.obj
e:\mymod\sp\src\game\client\debug_mod_hl2\c_te_bloodsprite.obj
e:\mymod\sp\src\game\client\debug_mod_hl2\c_te_fizz.obj
e:\mymod\sp\src\game\client\debug_mod_hl2\c_te_playerdecal.obj
e:\mymod\sp\src\game\client\debug_mod_hl2\achievement_notification_panel.obj
e:\mymod\sp\src\game\client\debug_mod_hl2\c_func_monitor.obj
e:\mymod\sp\src\game\client\debug_mod_hl2\c_func_tracktrain.obj
e:\mymod\sp\src\game\client\debug_mod_hl2\c_lightglow.obj
e:\mymod\sp\src\game\client\debug_mod_hl2\c_playerresource.obj
e:\mymod\sp\src\game\client\debug_mod_hl2\c_rumble.obj
e:\mymod\sp\src\game\client\debug_mod_hl2\c_soundscape.obj
e:\mymod\sp\src\game\client\debug_mod_hl2\c_user_message_register.obj
e:\mymod\sp\src\game\client\debug_mod_hl2\c_world.obj
e:\mymod\sp\src\game\client\debug_mod_hl2\client_virtualreality.obj
e:\mymod\sp\src\game\client\debug_mod_hl2\entitylist_base.obj
e:\mymod\sp\src\game\client\debug_mod_hl2\env_detail_controller.obj
e:\mymod\sp\src\game\client\debug_mod_hl2\fx_explosion.obj
e:\mymod\sp\src\game\client\debug_mod_hl2\gamevars_shared.obj
e:\mymod\sp\src\game\client\debug_mod_hl2\glow_overlay.obj
e:\mymod\sp\src\game\client\debug_mod_hl2\hltvcamera.obj
e:\mymod\sp\src\game\client\debug_mod_hl2\hud_basetimer.obj
e:\mymod\sp\src\game\client\debug_mod_hl2\hud_hdrdemo.obj
e:\mymod\sp\src\game\client\debug_mod_hl2\in_main.obj
e:\mymod\sp\src\game\client\debug_mod_hl2\playerspawncache.obj
e:\mymod\sp\src\game\client\debug_mod_hl2\point_posecontroller.obj
e:\mymod\sp\src\game\client\debug_mod_hl2\props_shared.obj
e:\mymod\sp\src\game\client\debug_mod_hl2\takedamageinfo.obj
e:\mymod\sp\src\game\client\debug_mod_hl2\teamplay_gamerules.obj
e:\mymod\sp\src\game\client\debug_mod_hl2\texturescrollmaterialproxy.obj
e:\mymod\sp\src\game\client\debug_mod_hl2\train.obj
e:\mymod\sp\src\game\client\debug_mod_hl2\vgui_slideshow_display_screen.obj
e:\mymod\sp\src\game\client\debug_mod_hl2\voice_status.obj
e:\mymod\sp\src\game\client\debug_mod_hl2\vguitextwindow.obj
e:\mymod\sp\src\game\client\debug_mod_hl2\fx_hl2_tracers.obj
e:\mymod\sp\src\game\client\debug_mod_hl2\hud_damageindicator.obj
e:\mymod\sp\src\game\client\debug_mod_hl2\in_sixense.obj
e:\mymod\sp\src\game\client\debug_mod_hl2\in_sixense_gesture_bindings.obj
e:\mymod\sp\src\game\client\debug_mod_hl2\c_basetempentity.obj
e:\mymod\sp\src\game\client\debug_mod_hl2\c_particle_fire.obj
e:\mymod\sp\src\game\client\debug_mod_hl2\c_smoke_trail.obj
e:\mymod\sp\src\game\client\debug_mod_hl2\c_te_basebeam.obj
e:\mymod\sp\src\game\client\debug_mod_hl2\c_te_beamringpoint.obj
e:\mymod\sp\src\game\client\debug_mod_hl2\c_te_dynamiclight.obj
e:\mymod\sp\src\game\client\debug_mod_hl2\c_te_largefunnel.obj
e:\mymod\sp\src\game\client\debug_mod_hl2\c_te_showline.obj
e:\mymod\sp\src\game\client\debug_mod_hl2\c_tracer.obj
e:\mymod\sp\src\game\client\debug_mod_hl2\particlesphererenderer.obj
e:\mymod\sp\src\game\client\debug_mod_hl2\bonelist.obj
e:\mymod\sp\src\game\client\debug_mod_hl2\mp3player.obj
e:\mymod\sp\src\game\client\debug_mod_hl2\animation.obj
e:\mymod\sp\src\game\client\debug_mod_hl2\basepresence.obj
e:\mymod\sp\src\game\client\debug_mod_hl2\beam_shared.obj
e:\mymod\sp\src\game\client\debug_mod_hl2\c_colorcorrectionvolume.obj
e:\mymod\sp\src\game\client\debug_mod_hl2\c_env_particlescript.obj
e:\mymod\sp\src\game\client\debug_mod_hl2\c_func_areaportalwindow.obj
e:\mymod\sp\src\game\client\debug_mod_hl2\c_func_occluder.obj
e:\mymod\sp\src\game\client\debug_mod_hl2\c_gib.obj
e:\mymod\sp\src\game\client\debug_mod_hl2\c_plasma.obj
e:\mymod\sp\src\game\client\debug_mod_hl2\c_spotlight_end.obj
e:\mymod\sp\src\game\client\debug_mod_hl2\c_sun.obj
e:\mymod\sp\src\game\client\debug_mod_hl2\c_test_proxytoggle.obj
e:\mymod\sp\src\game\client\debug_mod_hl2\c_vote_controller.obj
e:\mymod\sp\src\game\client\debug_mod_hl2\dummyproxy.obj
e:\mymod\sp\src\game\client\debug_mod_hl2\effect_dispatch_data.obj
e:\mymod\sp\src\game\client\debug_mod_hl2\ehandle.obj
e:\mymod\sp\src\game\client\debug_mod_hl2\entityoriginmaterialproxy.obj
e:\mymod\sp\src\game\client\debug_mod_hl2\fx_blood.obj
e:\mymod\sp\src\game\client\debug_mod_hl2\gamemovement.obj
e:\mymod\sp\src\game\client\debug_mod_hl2\history_resource.obj
e:\mymod\sp\src\game\client\debug_mod_hl2\hud_filmdemo.obj
e:\mymod\sp\src\game\client\debug_mod_hl2\in_joystick.obj
e:\mymod\sp\src\game\client\debug_mod_hl2\movehelper_client.obj
e:\mymod\sp\src\game\client\debug_mod_hl2\particle_simple3d.obj
e:\mymod\sp\src\game\client\debug_mod_hl2\perfvisualbenchmark.obj
e:\mymod\sp\src\game\client\debug_mod_hl2\physics_saverestore.obj
e:\mymod\sp\src\game\client\debug_mod_hl2\singleplay_gamerules.obj
e:\mymod\sp\src\game\client\debug_mod_hl2\soundenvelope.obj
e:\mymod\sp\src\game\client\debug_mod_hl2\timematerialproxy.obj
e:\mymod\sp\src\game\client\debug_mod_hl2\usercmd.obj
e:\mymod\sp\src\game\client\debug_mod_hl2\vgui_bitmapbutton.obj
e:\mymod\sp\src\game\client\debug_mod_hl2\vgui_netgraphpanel.obj
e:\mymod\sp\src\game\client\debug_mod_hl2\warp_overlay.obj
e:\mymod\sp\src\game\client\debug_mod_hl2\basemodel_panel.obj
e:\mymod\sp\src\game\client\debug_mod_hl2\achievements_hl2.obj
e:\mymod\sp\src\game\client\debug_mod_hl2\basehlcombatweapon_shared.obj
e:\mymod\sp\src\game\client\debug_mod_hl2\c_antlion_dust.obj
e:\mymod\sp\src\game\client\debug_mod_hl2\c_barnacle.obj
e:\mymod\sp\src\game\client\debug_mod_hl2\c_basehlplayer.obj
e:\mymod\sp\src\game\client\debug_mod_hl2\c_npc_antlionguard.obj
e:\mymod\sp\src\game\client\debug_mod_hl2\c_rotorwash.obj
e:\mymod\sp\src\game\client\debug_mod_hl2\c_te_concussiveexplosion.obj
e:\mymod\sp\src\game\client\debug_mod_hl2\c_vehicle_prisoner_pod.obj
e:\mymod\sp\src\game\client\debug_mod_hl2\c_weapon_stunstick.obj
e:\mymod\sp\src\game\client\debug_mod_hl2\hl_gamemovement.obj
e:\mymod\sp\src\game\client\debug_mod_hl2\hud_posture.obj
e:\mymod\sp\src\game\client\debug_mod_hl2\c_movie_explosion.obj
e:\mymod\sp\src\game\client\debug_mod_hl2\c_recipientfilter.obj
e:\mymod\sp\src\game\client\debug_mod_hl2\c_smokestack.obj
e:\mymod\sp\src\game\client\debug_mod_hl2\c_te_beaments.obj
e:\mymod\sp\src\game\client\debug_mod_hl2\c_te_bloodstream.obj
e:\mymod\sp\src\game\client\debug_mod_hl2\c_te_explosion.obj
e:\mymod\sp\src\game\client\debug_mod_hl2\c_te_spritespray.obj
e:\mymod\sp\src\game\client\debug_mod_hl2\entity_client_tools.obj
e:\mymod\sp\src\game\client\debug_mod_hl2\achievements_hlx.obj
e:\mymod\sp\src\game\client\debug_mod_hl2\base_playeranimstate.obj
e:\mymod\sp\src\game\client\debug_mod_hl2\c_baseanimatingoverlay.obj
e:\mymod\sp\src\game\client\debug_mod_hl2\c_entitydissolve.obj
e:\mymod\sp\src\game\client\debug_mod_hl2\c_env_screenoverlay.obj
e:\mymod\sp\src\game\client\debug_mod_hl2\c_func_conveyor.obj
e:\mymod\sp\src\game\client\debug_mod_hl2\c_func_smokevolume.obj
e:\mymod\sp\src\game\client\debug_mod_hl2\c_physicsprop.obj
e:\mymod\sp\src\game\client\debug_mod_hl2\c_shadowcontrol.obj
e:\mymod\sp\src\game\client\debug_mod_hl2\c_sprite_perfmonitor.obj
e:\mymod\sp\src\game\client\debug_mod_hl2\c_team.obj
e:\mymod\sp\src\game\client\debug_mod_hl2\c_vehicle_choreo_generic.obj
e:\mymod\sp\src\game\client\debug_mod_hl2\clienteffectprecachesystem.obj
e:\mymod\sp\src\game\client\debug_mod_hl2\clientmode_shared.obj
e:\mymod\sp\src\game\client\debug_mod_hl2\hud_pdump.obj
e:\mymod\sp\src\game\client\debug_mod_hl2\particle_property.obj
e:\mymod\sp\src\game\client\debug_mod_hl2\particles_simple.obj
e:\mymod\sp\src\game\client\debug_mod_hl2\playerandobjectenumerator.obj
e:\mymod\sp\src\game\client\debug_mod_hl2\predictableid.obj
e:\mymod\sp\src\game\client\debug_mod_hl2\predictioncopy.obj
e:\mymod\sp\src\game\client\debug_mod_hl2\ragdoll.obj
e:\mymod\sp\src\game\client\debug_mod_hl2\test_ehandle.obj
e:\mymod\sp\src\game\client\debug_mod_hl2\vgui_avatarimage.obj
e:\mymod\sp\src\game\client\debug_mod_hl2\view_effects.obj
e:\mymod\sp\src\game\client\debug_mod_hl2\basemodelpanel.obj
e:\mymod\sp\src\game\client\debug_mod_hl2\c_basehlcombatweapon.obj
e:\mymod\sp\src\game\client\debug_mod_hl2\c_env_starfield.obj
e:\mymod\sp\src\game\client\debug_mod_hl2\c_npc_rollermine.obj
e:\mymod\sp\src\game\client\debug_mod_hl2\c_thumper_dust.obj
e:\mymod\sp\src\game\client\debug_mod_hl2\c_vort_charge_token.obj
e:\mymod\sp\src\game\client\debug_mod_hl2\death.obj
e:\mymod\sp\src\game\client\debug_mod_hl2\hud_quickinfo.obj
e:\mymod\sp\src\game\client\debug_mod_hl2\c_prop_vehicle.obj
e:\mymod\sp\src\game\client\debug_mod_hl2\c_te_particlesystem.obj
e:\mymod\sp\src\game\client\debug_mod_hl2\c_testtraceline.obj
e:\mymod\sp\src\game\client\debug_mod_hl2\alphamaterialproxy.obj
e:\mymod\sp\src\game\client\debug_mod_hl2\baseentity_shared.obj
e:\mymod\sp\src\game\client\debug_mod_hl2\bone_accessor.obj
e:\mymod\sp\src\game\client\debug_mod_hl2\c_ai_basehumanoid.obj
e:\mymod\sp\src\game\client\debug_mod_hl2\c_ai_basenpc.obj
e:\mymod\sp\src\game\client\debug_mod_hl2\c_baseplayer.obj
e:\mymod\sp\src\game\client\debug_mod_hl2\cam_thirdperson.obj
e:\mymod\sp\src\game\client\debug_mod_hl2\client_factorylist.obj
e:\mymod\sp\src\game\client\debug_mod_hl2\cliententitylist.obj
e:\mymod\sp\src\game\client\debug_mod_hl2\clientsideeffects_test.obj
e:\mymod\sp\src\game\client\debug_mod_hl2\collisionproperty.obj
e:\mymod\sp\src\game\client\debug_mod_hl2\decals.obj
e:\mymod\sp\src\game\client\debug_mod_hl2\fx_impact.obj
e:\mymod\sp\src\game\client\debug_mod_hl2\gamestringpool.obj
e:\mymod\sp\src\game\client\debug_mod_hl2\hintsystem.obj
e:\mymod\sp\src\game\client\debug_mod_hl2\hud_autoaim.obj
e:\mymod\sp\src\game\client\debug_mod_hl2\hud_crosshair.obj
e:\mymod\sp\src\game\client\debug_mod_hl2\initializer.obj
e:\mymod\sp\src\game\client\debug_mod_hl2\interpolatedvar.obj
e:\mymod\sp\src\game\client\debug_mod_hl2\isnpcproxy.obj
e:\mymod\sp\src\game\client\debug_mod_hl2\mapentities_shared.obj
e:\mymod\sp\src\game\client\debug_mod_hl2\menu.obj
e:\mymod\sp\src\game\client\debug_mod_hl2\proxyplayer.obj
e:\mymod\sp\src\game\client\debug_mod_hl2\simtimer.obj
e:\mymod\sp\src\game\client\debug_mod_hl2\soundparametersinternal.obj
e:\mymod\sp\src\game\client\debug_mod_hl2\spritemodel.obj
e:\mymod\sp\src\game\client\debug_mod_hl2\util_shared.obj
e:\mymod\sp\src\game\client\debug_mod_hl2\vgui_fpspanel.obj
e:\mymod\sp\src\game\client\debug_mod_hl2\viewpostprocess.obj
e:\mymod\sp\src\game\client\debug_mod_hl2\mapoverview.obj
e:\mymod\sp\src\game\client\debug_mod_hl2\c_plasma_beam_node.obj
e:\mymod\sp\src\game\client\debug_mod_hl2\c_strider.obj
e:\mymod\sp\src\game\client\debug_mod_hl2\hl_in_main.obj
e:\mymod\sp\src\game\client\debug_mod_hl2\hud_credits.obj
e:\mymod\sp\src\game\client\debug_mod_hl2\c_particle_smokegrenade.obj
e:\mymod\sp\src\game\client\debug_mod_hl2\c_stickybolt.obj
e:\mymod\sp\src\game\client\debug_mod_hl2\c_te_armorricochet.obj
e:\mymod\sp\src\game\client\debug_mod_hl2\c_te_breakmodel.obj
e:\mymod\sp\src\game\client\debug_mod_hl2\c_te_glassshatter.obj
e:\mymod\sp\src\game\client\debug_mod_hl2\c_te_worlddecal.obj
e:\mymod\sp\src\game\client\debug_mod_hl2\toolframework_client.obj
e:\mymod\sp\src\game\client\debug_mod_hl2\cdll_replay.obj
e:\mymod\sp\src\game\client\debug_mod_hl2\animatedtextureproxy.obj
e:\mymod\sp\src\game\client\debug_mod_hl2\basecombatweapon_shared.obj
e:\mymod\sp\src\game\client\debug_mod_hl2\c_baseanimating.obj
e:\mymod\sp\src\game\client\debug_mod_hl2\c_vehicle_jeep.obj
e:\mymod\sp\src\game\client\debug_mod_hl2\cdll_client_int.obj
e:\mymod\sp\src\game\client\debug_mod_hl2\hud_weapon.obj
e:\mymod\sp\src\game\client\debug_mod_hl2\particlemgr.obj
e:\mymod\sp\src\game\client\debug_mod_hl2\spritetrail.obj
e:\mymod\sp\src\game\client\debug_mod_hl2\vgui_basepanel.obj
e:\mymod\sp\src\game\client\debug_mod_hl2\vgui_schemevisualizer.obj
e:\mymod\sp\src\game\client\debug_mod_hl2\iconpanel.obj
e:\mymod\sp\src\game\client\debug_mod_hl2\spectatorgui.obj
e:\mymod\sp\src\game\client\debug_mod_hl2\c_vehicle_airboat.obj
e:\mymod\sp\src\game\client\debug_mod_hl2\hl2_gamerules.obj
e:\mymod\sp\src\game\client\debug_mod_hl2\hud_flashlight.obj
e:\mymod\sp\src\game\client\debug_mod_hl2\script_intro_shared.obj
e:\mymod\sp\src\game\client\debug_mod_hl2\vgui_rootpanel_hl2.obj
e:\mymod\sp\src\game\client\debug_mod_hl2\sixense_convars.obj
e:\mymod\sp\src\game\client\debug_mod_hl2\c_impact_effects.obj
e:\mymod\sp\src\game\client\debug_mod_hl2\c_steamjet.obj
e:\mymod\sp\src\game\client\debug_mod_hl2\c_te.obj
e:\mymod\sp\src\game\client\debug_mod_hl2\c_te_beamfollow.obj
e:\mymod\sp\src\game\client\debug_mod_hl2\c_te_bspdecal.obj
e:\mymod\sp\src\game\client\debug_mod_hl2\c_te_footprint.obj
e:\mymod\sp\src\game\client\debug_mod_hl2\c_te_projecteddecal.obj
e:\mymod\sp\src\game\client\debug_mod_hl2\fx_envelope.obj
e:\mymod\sp\src\game\client\debug_mod_hl2\collisionutils.obj
e:\mymod\sp\src\game\client\debug_mod_hl2\randoverride.obj
e:\mymod\sp\src\game\client\debug_mod_hl2\scratchpadutils.obj
e:\mymod\sp\src\game\client\debug_mod_hl2\studio.obj
e:\mymod\sp\src\game\client\debug_mod_hl2\dt_recv.obj
e:\mymod\sp\src\game\client\debug_mod_hl2\language.obj
e:\mymod\sp\src\game\client\debug_mod_hl2\rendertexture.obj
e:\mymod\sp\src\game\client\debug_mod_hl2\vallocator.obj
e:\mymod\sp\src\game\client\debug_mod_hl2\dt_utlvector_recv.obj
e:\mymod\sp\src\game\client\debug_mod_hl2\memoverride.obj
e:\mymod\sp\src\game\client\debug_mod_hl2\sentence.obj
e:\mymod\sp\src\game\client\debug_mod_hl2\in_mouse.obj
e:\mymod\sp\src\game\client\debug_mod_hl2\compiledcaptionswap.obj
e:\mymod\sp\src\game\client\debug_mod_hl2\rope_physics.obj
e:\mymod\sp\src\game\client\debug_mod_hl2\simple_physics.obj
e:\mymod\sp\src\game\client\debug_mod_hl2\hud_lcd.obj
e:\mymod\sp\src\game\client\debug_mod_hl2\crtmemdebug.obj
e:\mymod\sp\src\game\client\debug_mod_hl2\interval.obj
e:\mymod\sp\src\game\client\debug_mod_hl2\mumble.obj
e:\mymod\sp\src\game\client\debug_mod_hl2\dt_utlvector_common.obj
e:\mymod\sp\src\game\client\debug_mod_hl2\networkvar.obj
e:\mymod\sp\src\game\client\debug_mod_hl2\posedebugger.obj
e:\mymod\sp\src\game\client\debug_mod_hl2\interpolatortypes.obj
e:\mymod\sp\src\game\client\debug_mod_hl2\jigglebones.obj
e:\mymod\sp\src\game\client\debug_mod_hl2\vgui_controls.obj
e:\mymod\sp\src\game\client\debug_mod_hl2\client_class.obj
e:\mymod\sp\src\game\client\debug_mod_hl2\sheetsimulator.obj
e:\mymod\sp\src\game\client\debug_mod_hl2\bone_setup.obj
e:\mymod\sp\src\game\client\debug_mod_hl2\stringregistry.obj
e:\mymod\sp\src\game\client\debug_mod_hl2\filesystem_helpers.obj
e:\mymod\sp\src\game\client\debug_mod_hl2\renamed_recvtable_compat.obj
e:\mymod\sp\src\game\client\debug_mod_hl2\scratchpad3d.obj
e:\mymod\sp\src\game\client\debug_mod_hl2\client.lib
e:\mymod\sp\src\game\client\debug_mod_hl2\client.exp
e:\mymod\sp\src\game\client\debug_mod_hl2\pointeroverride.obj
e:\mymod\sp\src\game\client\client_hl2.vpc.sentinel
e:\mymod\sp\src\game\client\debug_mod_hl2\client.ilk
e:\mymod\sp\src\game\client\debug_mod_hl2\client.dll
e:\mymod\sp\src\game\client\debug_mod_hl2\client.pdb
e:\mymod\sp\src\game\client\.\debug_mod_hl2\client.dll
e:\mymod\sp\src\game\client\debug_mod_hl2\client (hl2).tlog\cl.command.1.tlog
e:\mymod\sp\src\game\client\debug_mod_hl2\client (hl2).tlog\cl.read.1.tlog
e:\mymod\sp\src\game\client\debug_mod_hl2\client (hl2).tlog\cl.write.1.tlog
e:\mymod\sp\src\game\client\debug_mod_hl2\client (hl2).tlog\client (hl2).write.1u.tlog
e:\mymod\sp\src\game\client\debug_mod_hl2\client (hl2).tlog\custombuild.command.1.tlog
e:\mymod\sp\src\game\client\debug_mod_hl2\client (hl2).tlog\custombuild.read.1.tlog
e:\mymod\sp\src\game\client\debug_mod_hl2\client (hl2).tlog\custombuild.write.1.tlog
e:\mymod\sp\src\game\client\debug_mod_hl2\client (hl2).tlog\link.command.1.tlog
e:\mymod\sp\src\game\client\debug_mod_hl2\client (hl2).tlog\link.read.1.tlog
e:\mymod\sp\src\game\client\debug_mod_hl2\client (hl2).tlog\link.write.1.tlog
