Build started 10/31/2021 4:12:42 PM.
     1>Project "C:\Users\mario\Desktop\W.F.O.D 2\MyFiles\HL2Mod\MyMod\sp\src\game\server\server_episodic.vcxproj" on node 3 (Build target(s)).
     1>PreBuildEvent:
         if EXIST ..\..\..\game\mod_episodic\bin\.\server.dll for /f "delims=" %%A in ('attrib "..\..\..\game\mod_episodic\bin\.\server.dll"') do set valveTmpIsReadOnly="%%A"
         set valveTmpIsReadOnlyLetter=%valveTmpIsReadOnly:~6,1%
         if "%valveTmpIsReadOnlyLetter%"=="R" del /q "C:\Users\mario\Desktop\W.F.O.D 2\MyFiles\HL2Mod\MyMod\sp\src\game\server\Release_mod_episodic\"server.dll
         if exist "..\..\devtools\bin\vpc.exe" "..\..\devtools\bin\vpc.exe" -crc2 "server_episodic.vcxproj"
         if ERRORLEVEL 1 exit /b 1
         
         :VCEnd
       CustomBuild:
         Running VPC CRC Check - server_episodic.vpc
       ClCompile:
         C:\Program Files (x86)\Microsoft Visual Studio 12.0\VC\bin\CL.exe /c /I..\..\common /I..\..\public /I..\..\public\tier0 /I..\..\public\tier1 /I..\..\game\server\generated_proto_mod_episodic /I"..\..\thirdparty\protobuf-2.3.0\src" /I.\ /I..\..\game\shared /I..\..\utils\common /I..\..\game\shared\econ /I..\..\game\server\NextBot /I..\..\game\shared\hl2 /I..\..\game\shared\episodic /I.\hl2 /I.\episodic /Zi /nologo /W4 /WX /MP /O2 /Ob2 /Oi /Ot /Oy- /D VPC /D RAD_TELEMETRY_DISABLED /D WIN32 /D _WIN32 /D NDEBUG /D _WINDOWS /D _USRDLL /D _CRT_SECURE_NO_DEPRECATE /D _CRT_NONSTDC_NO_DEPRECATE /D _ALLOW_RUNTIME_LIBRARY_MISMATCH /D _ALLOW_ITERATOR_DEBUG_LEVEL_MISMATCH /D _ALLOW_MSC_VER_MISMATCH /D _USING_V110_SDK71_ /D _WINDLL /D _MBCS /D COMPILER_MSVC32 /D COMPILER_MSVC32 /D COMPILER_MSVC /D _DLL_EXT=.dll /D DLLNAME=server /D BINK_VIDEO /D AVI_VIDEO /D WMV_VIDEO /D DEV_BUILD /D FRAME_POINTER_OMISSION_DISABLED /D GAME_DLL /D VECTOR /D VERSION_SAFE_STEAM_API_INTERFACES /D PROTECTED_THINGS_ENABLE /D sprintf=use_Q_snprintf_instead_of_sprintf /D strncpy=use_Q_strncpy_instead /D _snprintf=use_Q_snprintf_instead /D fopen=dont_use_fopen /D HL2_DLL /D HL2_EPISODIC /D USES_SAVERESTORE /D _EXTERNAL_DLL_EXT=.dll /D VPCGAMECAPS=VALVE /D "PROJECTDIR=C:\Users\mario\Desktop\W.F.O.D 2\MyFiles\HL2Mod\MyMod\sp\src\game\server" /D _DLL_EXT=.dll /D VPCGAME=valve /D SOURCE1=1 /GF /Gm- /MT /GS /Gy /arch:SSE /fp:fast /Zc:wchar_t /Zc:forScope /GR /Yu"cbase.h" /Fp".\Release_mod_episodic\server.pch" /Fo".\Release_mod_episodic\/" /Fd".\Release_mod_episodic\/vc120.pdb" /Gd /TP /wd4316 /analyze- /FC /errorReport:prompt /Zm200 /d2Zi+ /Gw ..\..\game\shared\basecombatweapon_shared.cpp ..\..\game\shared\baseplayer_shared.cpp ..\..\game\shared\episodic\achievements_ep2.cpp ..\..\game\shared\hl2\hl2_gamerules.cpp ..\..\game\shared\hl2\survival_gamerules.cpp BaseAnimatingOverlay.cpp CommentarySystem.cpp EntityDissolve.cpp EntityFlame.cpp ai_activity.cpp ai_baseactor.cpp ai_basehumanoid.cpp ai_basenpc.cpp ai_basenpc_flyer.cpp ai_basenpc_flyer_new.cpp ai_basenpc_movement.cpp ai_basenpc_physicsflyer.cpp ai_basenpc_schedule.cpp ai_basenpc_squad.cpp ai_behavior.cpp ai_behavior_assault.cpp ai_behavior_fear.cpp ai_behavior_follow.cpp ai_behavior_lead.cpp ai_behavior_passenger.cpp ai_behavior_rappel.cpp ai_behavior_standoff.cpp ai_blended_movement.cpp ai_concommands.cpp ai_condition.cpp ai_default.cpp ai_event.cpp ai_eventresponse.cpp ai_goalentity.cpp ai_hint.cpp ai_initutils.cpp ai_localnavigator.cpp ai_memory.cpp ai_motor.cpp ai_moveprobe.cpp ai_moveshoot.cpp ai_navigator.cpp ai_network.cpp ai_networkmanager.cpp ai_node.cpp ai_pathfinder.cpp ai_planesolver.cpp ai_playerally.cpp ai_relationship.cpp ai_route.cpp ai_saverestore.cpp ai_schedule.cpp ai_scriptconditions.cpp ai_senses.cpp ai_sentence.cpp ai_speech.cpp ai_speechfilter.cpp ai_squad.cpp ai_squadslot.cpp ai_tacticalservices.cpp ai_task.cpp ai_trackpather.cpp ai_utils.cpp baseanimating.cpp basecombatcharacter.cpp basecombatweapon.cpp baseentity.cpp baseflex.cpp entitylist.cpp episodic\ai_behavior_alyx_injured.cpp episodic\ai_behavior_passenger_companion.cpp episodic\ai_behavior_passenger_zombie.cpp episodic\npc_advisor.cpp episodic\npc_combine_cannon.cpp episodic\npc_hunter.cpp episodic\npc_magnusson.cpp episodic\npc_puppet.cpp episodic\vehicle_jeep_episodic.cpp episodic\weapon_striderbuster.cpp explode.cpp filters.cpp genericactor.cpp genericmonster.cpp h_cycler.cpp hl2\ai_allymanager.cpp hl2\ai_behavior_actbusy.cpp hl2\ai_behavior_functank.cpp hl2\ai_behavior_holster.cpp hl2\ai_behavior_operator.cpp hl2\ai_behavior_police.cpp hl2\ai_spotlight.cpp hl2\antlion_maker.cpp hl2\basehlcombatweapon.cpp hl2\cbasehelicopter.cpp hl2\combine_mine.cpp hl2\env_headcrabcanister.cpp hl2\func_tank.cpp hl2\grenade_ar2.cpp hl2\grenade_bugbait.cpp hl2\grenade_homer.cpp hl2\hl2_ai_network.cpp hl2\hl2_player.cpp hl2\monster_dummy.cpp hl2\npc_BaseZombie.cpp hl2\npc_PoisonZombie.cpp hl2\npc_alyx_episodic.cpp hl2\npc_antlion.cpp hl2\npc_antliongrub.cpp hl2\npc_antlionguard.cpp hl2\npc_apcdriver.cpp hl2\npc_attackchopper.cpp hl2\npc_barnacle.cpp hl2\npc_barney.cpp hl2\npc_basescanner.cpp hl2\npc_breen.cpp hl2\npc_bullseye.cpp hl2\npc_citizen17.cpp hl2\npc_combine.cpp hl2\npc_combinecamera.cpp hl2\npc_combinedropship.cpp hl2\npc_combinegunship.cpp hl2\npc_combines.cpp hl2\npc_cranedriver.cpp hl2\npc_crow.cpp hl2\npc_dog.cpp hl2\npc_eli.cpp hl2\npc_enemyfinder.cpp hl2\npc_fastzombie.cpp hl2\npc_fisherman.cpp hl2\npc_gman.cpp hl2\npc_headcrab.cpp hl2\npc_ichthyosaur.cpp hl2\npc_kleiner.cpp hl2\npc_launcher.cpp hl2\npc_manhack.cpp hl2\npc_metropolice.cpp hl2\npc_missiledefense.cpp hl2\npc_monk.cpp hl2\npc_mossman.cpp hl2\npc_playercompanion.cpp hl2\npc_rollermine.cpp hl2\npc_scanner.cpp hl2\npc_stalker.cpp hl2\npc_strider.cpp hl2\npc_turret_ceiling.cpp hl2\npc_turret_floor.cpp hl2\npc_turret_ground.cpp hl2\npc_vortigaunt_episodic.cpp hl2\npc_zombie.cpp hl2\npc_zombine.cpp hl2\prop_combine_ball.cpp hl2\prop_thumper.cpp hl2\proto_sniper.cpp hl2\vehicle_apc.cpp hl2\vehicle_cannon.cpp hl2\vehicle_crane.cpp hl2\vehicle_jeep.cpp hl2\weapon_357.cpp hl2\weapon_alyxgun.cpp hl2\weapon_annabelle.cpp hl2\weapon_ar2.cpp hl2\weapon_bugbait.cpp hl2\weapon_crossbow.cpp hl2\weapon_crowbar.cpp hl2\weapon_physcannon.cpp hl2\weapon_pistol.cpp hl2\weapon_rpg.cpp hl2\weapon_shotgun.cpp hl2\weapon_smg1.cpp hl2\weapon_stunstick.cpp mapentities.cpp monstermaker.cpp npc_talker.cpp npc_vehicledriver.cpp physics_main.cpp physics_npc_solver.cpp physics_prop_ragdoll.cpp player.cpp props.cpp ragdoll_manager.cpp sceneentity.cpp scripted.cpp scriptedtarget.cpp trains.cpp triggers.cpp vehicle_base.cpp vehicle_baseserver.cpp wcedit.cpp
         basecombatweapon_shared.cpp
         baseplayer_shared.cpp
         achievements_ep2.cpp
         hl2_gamerules.cpp
         survival_gamerules.cpp
         BaseAnimatingOverlay.cpp
         CommentarySystem.cpp
         EntityDissolve.cpp
         EntityFlame.cpp
         ai_activity.cpp
         ai_baseactor.cpp
         ai_basehumanoid.cpp
         ai_basenpc.cpp
         ai_basenpc_flyer.cpp
         ai_basenpc_flyer_new.cpp
         ai_basenpc_movement.cpp
         ai_basenpc_physicsflyer.cpp
         ai_basenpc_schedule.cpp
         ai_basenpc_squad.cpp
         ai_behavior.cpp
         ai_behavior_assault.cpp
         ai_behavior_fear.cpp
         ai_behavior_follow.cpp
         ai_behavior_lead.cpp
         ai_behavior_passenger.cpp
         ai_behavior_rappel.cpp
         ai_behavior_standoff.cpp
         ai_blended_movement.cpp
         ai_concommands.cpp
         ai_condition.cpp
         ai_default.cpp
         ai_event.cpp
         ai_eventresponse.cpp
         ai_goalentity.cpp
         ai_hint.cpp
         ai_initutils.cpp
         ai_localnavigator.cpp
         ai_memory.cpp
         ai_motor.cpp
         ai_moveprobe.cpp
         ai_moveshoot.cpp
         ai_navigator.cpp
         ai_network.cpp
         ai_networkmanager.cpp
         ai_node.cpp
         ai_pathfinder.cpp
         ai_planesolver.cpp
         ai_playerally.cpp
         ai_relationship.cpp
         ai_route.cpp
         ai_saverestore.cpp
         ai_schedule.cpp
         ai_scriptconditions.cpp
         ai_senses.cpp
         ai_sentence.cpp
         ai_speech.cpp
         ai_speechfilter.cpp
         ai_squad.cpp
         ai_squadslot.cpp
         ai_tacticalservices.cpp
         ai_task.cpp
         ai_trackpather.cpp
         ai_utils.cpp
         baseanimating.cpp
         basecombatcharacter.cpp
         basecombatweapon.cpp
         baseentity.cpp
         baseflex.cpp
         entitylist.cpp
         ai_behavior_alyx_injured.cpp
         ai_behavior_passenger_companion.cpp
         ai_behavior_passenger_zombie.cpp
         npc_advisor.cpp
         npc_combine_cannon.cpp
         npc_hunter.cpp
         npc_magnusson.cpp
         npc_puppet.cpp
         vehicle_jeep_episodic.cpp
         weapon_striderbuster.cpp
         explode.cpp
         filters.cpp
         genericactor.cpp
         genericmonster.cpp
         h_cycler.cpp
         ai_allymanager.cpp
         ai_behavior_actbusy.cpp
         ai_behavior_functank.cpp
         ai_behavior_holster.cpp
         ai_behavior_operator.cpp
         ai_behavior_police.cpp
         ai_spotlight.cpp
         antlion_maker.cpp
         basehlcombatweapon.cpp
         cbasehelicopter.cpp
         combine_mine.cpp
         env_headcrabcanister.cpp
         func_tank.cpp
         grenade_ar2.cpp
         grenade_bugbait.cpp
         grenade_homer.cpp
         hl2_ai_network.cpp
         hl2_player.cpp
         monster_dummy.cpp
         npc_BaseZombie.cpp
         npc_PoisonZombie.cpp
         npc_alyx_episodic.cpp
         npc_antlion.cpp
         npc_antliongrub.cpp
         npc_antlionguard.cpp
         npc_apcdriver.cpp
         npc_attackchopper.cpp
         npc_barnacle.cpp
         npc_barney.cpp
         npc_basescanner.cpp
         npc_breen.cpp
         npc_bullseye.cpp
         npc_citizen17.cpp
         npc_combine.cpp
         npc_combinecamera.cpp
         npc_combinedropship.cpp
         npc_combinegunship.cpp
         npc_combines.cpp
         npc_cranedriver.cpp
         npc_crow.cpp
         npc_dog.cpp
         npc_eli.cpp
         npc_enemyfinder.cpp
         npc_fastzombie.cpp
         npc_fisherman.cpp
         npc_gman.cpp
         npc_headcrab.cpp
         npc_ichthyosaur.cpp
         npc_kleiner.cpp
         npc_launcher.cpp
         npc_manhack.cpp
         npc_metropolice.cpp
         npc_missiledefense.cpp
         npc_monk.cpp
         npc_mossman.cpp
         npc_playercompanion.cpp
         npc_rollermine.cpp
         npc_scanner.cpp
         npc_stalker.cpp
         npc_strider.cpp
         npc_turret_ceiling.cpp
         npc_turret_floor.cpp
         npc_turret_ground.cpp
         npc_vortigaunt_episodic.cpp
         npc_zombie.cpp
         npc_zombine.cpp
         prop_combine_ball.cpp
         prop_thumper.cpp
         proto_sniper.cpp
         vehicle_apc.cpp
         vehicle_cannon.cpp
         vehicle_crane.cpp
         vehicle_jeep.cpp
         weapon_357.cpp
         weapon_alyxgun.cpp
         weapon_annabelle.cpp
         weapon_ar2.cpp
         weapon_bugbait.cpp
         weapon_crossbow.cpp
         weapon_crowbar.cpp
         weapon_physcannon.cpp
         weapon_pistol.cpp
         weapon_rpg.cpp
         weapon_shotgun.cpp
         weapon_smg1.cpp
         weapon_stunstick.cpp
         mapentities.cpp
         monstermaker.cpp
         npc_talker.cpp
         npc_vehicledriver.cpp
         physics_main.cpp
         physics_npc_solver.cpp
         physics_prop_ragdoll.cpp
         player.cpp
         props.cpp
         ragdoll_manager.cpp
         sceneentity.cpp
         scripted.cpp
         scriptedtarget.cpp
         trains.cpp
         triggers.cpp
         vehicle_base.cpp
         vehicle_baseserver.cpp
         wcedit.cpp
       Link:
         C:\Program Files (x86)\Microsoft Visual Studio 12.0\VC\bin\link.exe /ERRORREPORT:PROMPT /OUT:".\Release_mod_episodic\\server.dll" /INCREMENTAL:NO /NOLOGO /LIBPATH:..\..\lib\common\. /LIBPATH:..\..\lib\public\. shell32.lib user32.lib advapi32.lib gdi32.lib comdlg32.lib ole32.lib winmm.lib /NODEFAULTLIB:libc /NODEFAULTLIB:libcd /NODEFAULTLIB:libcmtd /MANIFEST:NO /DEBUG /PDB:".\Release_mod_episodic\/server.pdb" /SUBSYSTEM:WINDOWS,"5.01" /OPT:REF /OPT:NOICF /TLBID:1 /DYNAMICBASE:NO /NXCOMPAT /IMPLIB:".\Release_mod_episodic\server.lib" /MACHINE:X86 /SAFESEH:NO  /ignore:4221 /DLL .\Release_mod_episodic\\pointeroverride.obj
         .\Release_mod_episodic\/gamedll_replay.obj
         .\Release_mod_episodic\/achievement_saverestore.obj
         .\Release_mod_episodic\/achievementmgr.obj
         .\Release_mod_episodic\/achievements_hlx.obj
         .\Release_mod_episodic\/activitylist.obj
         .\Release_mod_episodic\/ai_activity.obj
         .\Release_mod_episodic\/ai_baseactor.obj
         .\Release_mod_episodic\/ai_basehumanoid.obj
         .\Release_mod_episodic\/ai_basenpc.obj
         .\Release_mod_episodic\/ai_basenpc_flyer.obj
         .\Release_mod_episodic\/ai_basenpc_flyer_new.obj
         .\Release_mod_episodic\/ai_basenpc_movement.obj
         .\Release_mod_episodic\/ai_basenpc_physicsflyer.obj
         .\Release_mod_episodic\/ai_basenpc_schedule.obj
         .\Release_mod_episodic\/ai_basenpc_squad.obj
         .\Release_mod_episodic\/ai_behavior.obj
         .\Release_mod_episodic\/ai_behavior_assault.obj
         .\Release_mod_episodic\/ai_behavior_fear.obj
         .\Release_mod_episodic\/ai_behavior_follow.obj
         .\Release_mod_episodic\/ai_behavior_lead.obj
         .\Release_mod_episodic\/ai_behavior_rappel.obj
         .\Release_mod_episodic\/ai_behavior_standoff.obj
         .\Release_mod_episodic\/ai_blended_movement.obj
         .\Release_mod_episodic\/ai_concommands.obj
         .\Release_mod_episodic\/ai_condition.obj
         .\Release_mod_episodic\/AI_Criteria.obj
         .\Release_mod_episodic\/ai_default.obj
         .\Release_mod_episodic\/ai_dynamiclink.obj
         .\Release_mod_episodic\/ai_event.obj
         .\Release_mod_episodic\/ai_eventresponse.obj
         .\Release_mod_episodic\/ai_goalentity.obj
         .\Release_mod_episodic\/ai_hint.obj
         .\Release_mod_episodic\/ai_hull.obj
         .\Release_mod_episodic\/ai_initutils.obj
         .\Release_mod_episodic\/AI_Interest_Target.obj
         .\Release_mod_episodic\/ai_link.obj
         .\Release_mod_episodic\/ai_localnavigator.obj
         .\Release_mod_episodic\/ai_looktarget.obj
         .\Release_mod_episodic\/ai_memory.obj
         .\Release_mod_episodic\/ai_motor.obj
         .\Release_mod_episodic\/ai_moveprobe.obj
         .\Release_mod_episodic\/ai_moveshoot.obj
         .\Release_mod_episodic\/ai_movesolver.obj
         .\Release_mod_episodic\/ai_namespaces.obj
         .\Release_mod_episodic\/ai_navigator.obj
         .\Release_mod_episodic\/ai_network.obj
         .\Release_mod_episodic\/ai_networkmanager.obj
         .\Release_mod_episodic\/ai_node.obj
         .\Release_mod_episodic\/ai_pathfinder.obj
         .\Release_mod_episodic\/ai_planesolver.obj
         .\Release_mod_episodic\/ai_playerally.obj
         .\Release_mod_episodic\/ai_relationship.obj
         .\Release_mod_episodic\/AI_ResponseSystem.obj
         .\Release_mod_episodic\/ai_route.obj
         .\Release_mod_episodic\/ai_saverestore.obj
         .\Release_mod_episodic\/ai_schedule.obj
         .\Release_mod_episodic\/ai_scriptconditions.obj
         .\Release_mod_episodic\/ai_senses.obj
         .\Release_mod_episodic\/ai_sentence.obj
         .\Release_mod_episodic\/ai_speech.obj
         .\Release_mod_episodic\/ai_speechfilter.obj
         .\Release_mod_episodic\/ai_squad.obj
         .\Release_mod_episodic\/ai_squadslot.obj
         .\Release_mod_episodic\/ai_tacticalservices.obj
         .\Release_mod_episodic\/ai_task.obj
         .\Release_mod_episodic\/ai_trackpather.obj
         .\Release_mod_episodic\/ai_utils.obj
         .\Release_mod_episodic\/ai_waypoint.obj
         .\Release_mod_episodic\/ammodef.obj
         .\Release_mod_episodic\/animation.obj
         .\Release_mod_episodic\/base_gameinterface.obj
         .\Release_mod_episodic\/base_playeranimstate.obj
         .\Release_mod_episodic\/base_transmit_proxy.obj
         .\Release_mod_episodic\/baseachievement.obj
         .\Release_mod_episodic\/baseanimating.obj
         .\Release_mod_episodic\/BaseAnimatingOverlay.obj
         .\Release_mod_episodic\/basecombatcharacter.obj
         .\Release_mod_episodic\/basecombatcharacter_shared.obj
         .\Release_mod_episodic\/basecombatweapon.obj
         .\Release_mod_episodic\/basecombatweapon_shared.obj
         .\Release_mod_episodic\/baseentity.obj
         .\Release_mod_episodic\/baseentity_shared.obj
         .\Release_mod_episodic\/baseflex.obj
         .\Release_mod_episodic\/basegrenade_concussion.obj
         .\Release_mod_episodic\/basegrenade_contact.obj
         .\Release_mod_episodic\/basegrenade_shared.obj
         .\Release_mod_episodic\/basegrenade_timed.obj
         .\Release_mod_episodic\/basemultiplayerplayer.obj
         .\Release_mod_episodic\/baseparticleentity.obj
         .\Release_mod_episodic\/baseplayer_shared.obj
         .\Release_mod_episodic\/baseprojectile.obj
         .\Release_mod_episodic\/baseviewmodel.obj
         .\Release_mod_episodic\/baseviewmodel_shared.obj
         .\Release_mod_episodic\/beam_shared.obj
         .\Release_mod_episodic\/bitstring.obj
         .\Release_mod_episodic\/bmodels.obj
         .\Release_mod_episodic\/bone_setup.obj
         .\Release_mod_episodic\/buttons.obj
         .\Release_mod_episodic\/cbase.obj
         .\Release_mod_episodic\/client.obj
         .\Release_mod_episodic\/collisionproperty.obj
         .\Release_mod_episodic\/collisionutils.obj
         .\Release_mod_episodic\/colorcorrection.obj
         .\Release_mod_episodic\/colorcorrectionvolume.obj
         .\Release_mod_episodic\/CommentarySystem.obj
         .\Release_mod_episodic\/controlentities.obj
         .\Release_mod_episodic\/cplane.obj
         .\Release_mod_episodic\/CRagdollMagnet.obj
         .\Release_mod_episodic\/damagemodifier.obj
         .\Release_mod_episodic\/death_pose.obj
         .\Release_mod_episodic\/debugoverlay_shared.obj
         .\Release_mod_episodic\/decals.obj
         .\Release_mod_episodic\/doors.obj
         .\Release_mod_episodic\/dt_send.obj
         .\Release_mod_episodic\/dt_utlvector_common.obj
         .\Release_mod_episodic\/dt_utlvector_send.obj
         .\Release_mod_episodic\/dynamiclight.obj
         .\Release_mod_episodic\/editor_sendcommand.obj
         .\Release_mod_episodic\/effect_dispatch_data.obj
         .\Release_mod_episodic\/effects.obj
         .\Release_mod_episodic\/EffectsServer.obj
         .\Release_mod_episodic\/ehandle.obj
         .\Release_mod_episodic\/entityblocker.obj
         .\Release_mod_episodic\/EntityDissolve.obj
         .\Release_mod_episodic\/EntityFlame.obj
         .\Release_mod_episodic\/entitylist.obj
         .\Release_mod_episodic\/entitylist_base.obj
         .\Release_mod_episodic\/EntityParticleTrail.obj
         .\Release_mod_episodic\/EntityParticleTrail_Shared.obj
         .\Release_mod_episodic\/env_debughistory.obj
         .\Release_mod_episodic\/env_detail_controller.obj
         .\Release_mod_episodic\/env_effectsscript.obj
         .\Release_mod_episodic\/env_entity_maker.obj
         .\Release_mod_episodic\/env_particlescript.obj
         .\Release_mod_episodic\/env_player_surface_trigger.obj
         .\Release_mod_episodic\/env_projectedtexture.obj
         .\Release_mod_episodic\/env_screenoverlay.obj
         .\Release_mod_episodic\/env_texturetoggle.obj
         .\Release_mod_episodic\/env_tonemap_controller.obj
         .\Release_mod_episodic\/env_wind_shared.obj
         .\Release_mod_episodic\/env_zoom.obj
         .\Release_mod_episodic\/EnvBeam.obj
         .\Release_mod_episodic\/EnvFade.obj
         .\Release_mod_episodic\/EnvHudHint.obj
         .\Release_mod_episodic\/EnvLaser.obj
         .\Release_mod_episodic\/EnvMessage.obj
         .\Release_mod_episodic\/envmicrophone.obj
         .\Release_mod_episodic\/EnvShake.obj
         .\Release_mod_episodic\/EnvSpark.obj
         .\Release_mod_episodic\/eventlist.obj
         .\Release_mod_episodic\/EventLog.obj
         .\Release_mod_episodic\/explode.obj
         .\Release_mod_episodic\/filesystem_helpers.obj
         .\Release_mod_episodic\/filters.obj
         .\Release_mod_episodic\/fire.obj
         .\Release_mod_episodic\/fire_smoke.obj
         .\Release_mod_episodic\/fish.obj
         .\Release_mod_episodic\/fogcontroller.obj
         .\Release_mod_episodic\/fourwheelvehiclephysics.obj
         .\Release_mod_episodic\/func_areaportal.obj
         .\Release_mod_episodic\/func_areaportalbase.obj
         .\Release_mod_episodic\/func_areaportalwindow.obj
         .\Release_mod_episodic\/func_break.obj
         .\Release_mod_episodic\/func_breakablesurf.obj
         .\Release_mod_episodic\/func_dust.obj
         .\Release_mod_episodic\/func_ladder.obj
         .\Release_mod_episodic\/func_ladder_endpoint.obj
         .\Release_mod_episodic\/func_lod.obj
         .\Release_mod_episodic\/func_movelinear.obj
         .\Release_mod_episodic\/func_occluder.obj
         .\Release_mod_episodic\/func_reflective_glass.obj
         .\Release_mod_episodic\/func_smokevolume.obj
         .\Release_mod_episodic\/game.obj
         .\Release_mod_episodic\/game_ui.obj
         .\Release_mod_episodic\/gamehandle.obj
         .\Release_mod_episodic\/gameinterface.obj
         .\Release_mod_episodic\/gamemovement.obj
         .\Release_mod_episodic\/gamerules.obj
         .\Release_mod_episodic\/gamerules_register.obj
         .\Release_mod_episodic\/GameStats.obj
         .\Release_mod_episodic\/GameStats_BasicStatsFunctions.obj
         .\Release_mod_episodic\/gamestringpool.obj
         .\Release_mod_episodic\/gametrace_dll.obj
         .\Release_mod_episodic\/gamevars_shared.obj
         .\Release_mod_episodic\/gameweaponmanager.obj
         .\Release_mod_episodic\/genericactor.obj
         .\Release_mod_episodic\/genericmonster.obj
         .\Release_mod_episodic\/gib.obj
         .\Release_mod_episodic\/globals.obj
         .\Release_mod_episodic\/globalstate.obj
         .\Release_mod_episodic\/grenadethrown.obj
         .\Release_mod_episodic\/guntarget.obj
         .\Release_mod_episodic\/h_ai.obj
         .\Release_mod_episodic\/h_cycler.obj
         .\Release_mod_episodic\/h_export.obj
         .\Release_mod_episodic\/haptic_msgs.obj
         .\Release_mod_episodic\/haptic_utils.obj
         .\Release_mod_episodic\/hierarchy.obj
         .\Release_mod_episodic\/hintmessage.obj
         .\Release_mod_episodic\/hintsystem.obj
         .\Release_mod_episodic\/hltvdirector.obj
         .\Release_mod_episodic\/igamesystem.obj
         .\Release_mod_episodic\/info_camera_link.obj
         .\Release_mod_episodic\/info_overlay_accessor.obj
         .\Release_mod_episodic\/init_factory.obj
         .\Release_mod_episodic\/intermission.obj
         .\Release_mod_episodic\/interpolatortypes.obj
         .\Release_mod_episodic\/interval.obj
         .\Release_mod_episodic\/item_world.obj
         .\Release_mod_episodic\/keyframe.obj
         .\Release_mod_episodic\/language.obj
         .\Release_mod_episodic\/lightglow.obj
         .\Release_mod_episodic\/lights.obj
         .\Release_mod_episodic\/logic_achievement.obj
         .\Release_mod_episodic\/logic_measure_movement.obj
         .\Release_mod_episodic\/logic_navigation.obj
         .\Release_mod_episodic\/logicauto.obj
         .\Release_mod_episodic\/logicentities.obj
         .\Release_mod_episodic\/logicrelay.obj
         .\Release_mod_episodic\/map_utils.obj
         .\Release_mod_episodic\/mapentities.obj
         .\Release_mod_episodic\/mapentities_shared.obj
         .\Release_mod_episodic\/maprules.obj
         .\Release_mod_episodic\/MaterialModifyControl.obj
         .\Release_mod_episodic\/memoverride.obj
         .\Release_mod_episodic\/message_entity.obj
         .\Release_mod_episodic\/modelentities.obj
         .\Release_mod_episodic\/ModelSoundsCache.obj
         .\Release_mod_episodic\/monstermaker.obj
         .\Release_mod_episodic\/movehelper_server.obj
         .\Release_mod_episodic\/movement.obj
         .\Release_mod_episodic\/movevars_shared.obj
         .\Release_mod_episodic\/mp_shareddefs.obj
         .\Release_mod_episodic\/multiplay_gamerules.obj
         .\Release_mod_episodic\/ndebugoverlay.obj
         .\Release_mod_episodic\/networkvar.obj
         .\Release_mod_episodic\/npc_vehicledriver.obj
         .\Release_mod_episodic\/obstacle_pushaway.obj
         .\Release_mod_episodic\/particle_light.obj
         .\Release_mod_episodic\/particle_parse.obj
         .\Release_mod_episodic\/particle_system.obj
         .\Release_mod_episodic\/particlesystemquery.obj
         .\Release_mod_episodic\/pathcorner.obj
         .\Release_mod_episodic\/pathtrack.obj
         .\Release_mod_episodic\/phys_controller.obj
         .\Release_mod_episodic\/physconstraint.obj
         .\Release_mod_episodic\/physics.obj
         .\Release_mod_episodic\/physics_bone_follower.obj
         .\Release_mod_episodic\/physics_cannister.obj
         .\Release_mod_episodic\/physics_fx.obj
         .\Release_mod_episodic\/physics_impact_damage.obj
         .\Release_mod_episodic\/physics_main.obj
         .\Release_mod_episodic\/physics_main_shared.obj
         .\Release_mod_episodic\/physics_npc_solver.obj
         .\Release_mod_episodic\/physics_prop_ragdoll.obj
         .\Release_mod_episodic\/physics_saverestore.obj
         .\Release_mod_episodic\/physics_shared.obj
         .\Release_mod_episodic\/physobj.obj
         .\Release_mod_episodic\/player.obj
         .\Release_mod_episodic\/player_command.obj
         .\Release_mod_episodic\/player_lagcompensation.obj
         .\Release_mod_episodic\/player_pickup.obj
         .\Release_mod_episodic\/player_resource.obj
         .\Release_mod_episodic\/playerinfomanager.obj
         .\Release_mod_episodic\/playerlocaldata.obj
         .\Release_mod_episodic\/plugin_check.obj
         .\Release_mod_episodic\/point_bonusmaps_accessor.obj
         .\Release_mod_episodic\/point_camera.obj
         .\Release_mod_episodic\/point_devshot_camera.obj
         .\Release_mod_episodic\/point_playermoveconstraint.obj
         .\Release_mod_episodic\/point_posecontroller.obj
         .\Release_mod_episodic\/point_spotlight.obj
         .\Release_mod_episodic\/point_template.obj
         .\Release_mod_episodic\/pointanglesensor.obj
         .\Release_mod_episodic\/PointAngularVelocitySensor.obj
         .\Release_mod_episodic\/pointhurt.obj
         .\Release_mod_episodic\/pointteleport.obj
         .\Release_mod_episodic\/precache_register.obj
         .\Release_mod_episodic\/predictableid.obj
         .\Release_mod_episodic\/props.obj
         .\Release_mod_episodic\/props_shared.obj
         .\Release_mod_episodic\/querycache.obj
         .\Release_mod_episodic\/ragdoll_manager.obj
         .\Release_mod_episodic\/ragdoll_shared.obj
         .\Release_mod_episodic\/RagdollBoogie.obj
         .\Release_mod_episodic\/randoverride.obj
         .\Release_mod_episodic\/recipientfilter.obj
         .\Release_mod_episodic\/registry.obj
         .\Release_mod_episodic\/rope.obj
         .\Release_mod_episodic\/rope_helpers.obj
         .\Release_mod_episodic\/rope_physics.obj
         .\Release_mod_episodic\/saverestore.obj
         .\Release_mod_episodic\/saverestore_gamedll.obj
         .\Release_mod_episodic\/SceneCache.obj
         .\Release_mod_episodic\/sceneentity.obj
         .\Release_mod_episodic\/sceneentity_shared.obj
         .\Release_mod_episodic\/scratchpad3d.obj
         .\Release_mod_episodic\/scratchpad_gamedll_helpers.obj
         .\Release_mod_episodic\/ScratchPadUtils.obj
         .\Release_mod_episodic\/scripted.obj
         .\Release_mod_episodic\/scriptedtarget.obj
         .\Release_mod_episodic\/sendproxy.obj
         .\Release_mod_episodic\/sequence_Transitioner.obj
         .\Release_mod_episodic\/server_class.obj
         .\Release_mod_episodic\/serverbenchmark_base.obj
         .\Release_mod_episodic\/ServerNetworkProperty.obj
         .\Release_mod_episodic\/shadowcontrol.obj
         .\Release_mod_episodic\/sheetsimulator.obj
         .\Release_mod_episodic\/simple_physics.obj
         .\Release_mod_episodic\/simtimer.obj
         .\Release_mod_episodic\/singleplay_gamerules.obj
         .\Release_mod_episodic\/SkyCamera.obj
         .\Release_mod_episodic\/slideshow_display.obj
         .\Release_mod_episodic\/sound.obj
         .\Release_mod_episodic\/SoundEmitterSystem.obj
         .\Release_mod_episodic\/soundent.obj
         .\Release_mod_episodic\/soundenvelope.obj
         .\Release_mod_episodic\/SoundParametersInternal.obj
         .\Release_mod_episodic\/soundscape.obj
         .\Release_mod_episodic\/soundscape_system.obj
         .\Release_mod_episodic\/spotlightend.obj
         .\Release_mod_episodic\/Sprite.obj
         .\Release_mod_episodic\/sprite_perfmonitor.obj
         .\Release_mod_episodic\/stringregistry.obj
         .\Release_mod_episodic\/studio.obj
         .\Release_mod_episodic\/studio_shared.obj
         .\Release_mod_episodic\/subs.obj
         .\Release_mod_episodic\/sun.obj
         .\Release_mod_episodic\/survival_gamerules.obj
         .\Release_mod_episodic\/tactical_mission.obj
         .\Release_mod_episodic\/takedamageinfo.obj
         .\Release_mod_episodic\/tanktrain.obj
         .\Release_mod_episodic\/team.obj
         .\Release_mod_episodic\/team_spawnpoint.obj
         .\Release_mod_episodic\/teamplay_gamerules.obj
         .\Release_mod_episodic\/TemplateEntities.obj
         .\Release_mod_episodic\/tempmonster.obj
         .\Release_mod_episodic\/tesla.obj
         .\Release_mod_episodic\/test_ehandle.obj
         .\Release_mod_episodic\/test_proxytoggle.obj
         .\Release_mod_episodic\/test_stressentities.obj
         .\Release_mod_episodic\/testfunctions.obj
         .\Release_mod_episodic\/testtraceline.obj
         .\Release_mod_episodic\/textstatsmgr.obj
         .\Release_mod_episodic\/timedeventmgr.obj
         .\Release_mod_episodic\/trains.obj
         .\Release_mod_episodic\/triggers.obj
         .\Release_mod_episodic\/usercmd.obj
         .\Release_mod_episodic\/util.obj
         .\Release_mod_episodic\/util_shared.obj
         .\Release_mod_episodic\/variant_t.obj
         .\Release_mod_episodic\/vehicle_base.obj
         .\Release_mod_episodic\/vehicle_baseserver.obj
         .\Release_mod_episodic\/vehicle_choreo_generic.obj
         .\Release_mod_episodic\/vehicle_viewblend_shared.obj
         .\Release_mod_episodic\/vguiscreen.obj
         .\Release_mod_episodic\/voice_gamemgr.obj
         .\Release_mod_episodic\/vote_controller.obj
         .\Release_mod_episodic\/waterbullet.obj
         .\Release_mod_episodic\/WaterLODControl.obj
         .\Release_mod_episodic\/wcedit.obj
         .\Release_mod_episodic\/weapon_parse.obj
         .\Release_mod_episodic\/weapon_parse_default.obj
         .\Release_mod_episodic\/weapon_proficiency.obj
         .\Release_mod_episodic\/weight_button.obj
         .\Release_mod_episodic\/world.obj
         .\Release_mod_episodic\/achievements_ep1.obj
         .\Release_mod_episodic\/achievements_ep2.obj
         .\Release_mod_episodic\/achievements_epx.obj
         .\Release_mod_episodic\/ai_allymanager.obj
         .\Release_mod_episodic\/ai_behavior_actbusy.obj
         .\Release_mod_episodic\/ai_behavior_alyx_injured.obj
         .\Release_mod_episodic\/ai_behavior_functank.obj
         .\Release_mod_episodic\/ai_behavior_holster.obj
         .\Release_mod_episodic\/ai_behavior_operator.obj
         .\Release_mod_episodic\/ai_behavior_passenger.obj
         .\Release_mod_episodic\/ai_behavior_passenger_companion.obj
         .\Release_mod_episodic\/ai_behavior_passenger_zombie.obj
         .\Release_mod_episodic\/ai_behavior_police.obj
         .\Release_mod_episodic\/ai_goal_police.obj
         .\Release_mod_episodic\/ai_spotlight.obj
         .\Release_mod_episodic\/antlion_dust.obj
         .\Release_mod_episodic\/antlion_maker.obj
         .\Release_mod_episodic\/ar2_explosion.obj
         .\Release_mod_episodic\/basebludgeonweapon.obj
         .\Release_mod_episodic\/basehlcombatweapon.obj
         .\Release_mod_episodic\/basehlcombatweapon_shared.obj
         .\Release_mod_episodic\/cbasehelicopter.obj
         .\Release_mod_episodic\/cbasespriteprojectile.obj
         .\Release_mod_episodic\/citadel_effects.obj
         .\Release_mod_episodic\/combine_mine.obj
         .\Release_mod_episodic\/env_alyxemp.obj
         .\Release_mod_episodic\/env_headcrabcanister.obj
         .\Release_mod_episodic\/env_headcrabcanister_shared.obj
         .\Release_mod_episodic\/env_speaker.obj
         .\Release_mod_episodic\/env_starfield.obj
         .\Release_mod_episodic\/ep1_gamestats.obj
         .\Release_mod_episodic\/ep2_gamestats.obj
         .\Release_mod_episodic\/func_bulletshield.obj
         .\Release_mod_episodic\/Func_Monitor.obj
         .\Release_mod_episodic\/func_recharge.obj
         .\Release_mod_episodic\/func_tank.obj
         .\Release_mod_episodic\/grenade_ar2.obj
         .\Release_mod_episodic\/grenade_bugbait.obj
         .\Release_mod_episodic\/grenade_frag.obj
         .\Release_mod_episodic\/grenade_spit.obj
         .\Release_mod_episodic\/hl2_ai_network.obj
         .\Release_mod_episodic\/hl2_client.obj
         .\Release_mod_episodic\/hl2_eventlog.obj
         .\Release_mod_episodic\/hl2_gamerules.obj
         .\Release_mod_episodic\/hl2_player.obj
         .\Release_mod_episodic\/hl2_playerlocaldata.obj
         .\Release_mod_episodic\/hl2_triggers.obj
         .\Release_mod_episodic\/hl2_usermessages.obj
         .\Release_mod_episodic\/hl_gamemovement.obj
         .\Release_mod_episodic\/hl_playermove.obj
         .\Release_mod_episodic\/info_darknessmode_lightsource.obj
         .\Release_mod_episodic\/info_teleporter_countdown.obj
         .\Release_mod_episodic\/item_ammo.obj
         .\Release_mod_episodic\/item_battery.obj
         .\Release_mod_episodic\/item_dynamic_resupply.obj
         .\Release_mod_episodic\/item_healthkit.obj
         .\Release_mod_episodic\/item_itemcrate.obj
         .\Release_mod_episodic\/item_suit.obj
         .\Release_mod_episodic\/look_door.obj
         .\Release_mod_episodic\/monster_dummy.obj
         .\Release_mod_episodic\/npc_advisor.obj
         .\Release_mod_episodic\/npc_alyx_episodic.obj
         .\Release_mod_episodic\/npc_antlion.obj
         .\Release_mod_episodic\/npc_antliongrub.obj
         .\Release_mod_episodic\/npc_antlionguard.obj
         .\Release_mod_episodic\/npc_apcdriver.obj
         .\Release_mod_episodic\/npc_attackchopper.obj
         .\Release_mod_episodic\/npc_barnacle.obj
         .\Release_mod_episodic\/npc_barney.obj
         .\Release_mod_episodic\/npc_basescanner.obj
         .\Release_mod_episodic\/npc_BaseZombie.obj
         .\Release_mod_episodic\/npc_breen.obj
         .\Release_mod_episodic\/npc_bullseye.obj
         .\Release_mod_episodic\/npc_citizen17.obj
         .\Release_mod_episodic\/npc_combine.obj
         .\Release_mod_episodic\/npc_combine_cannon.obj
         .\Release_mod_episodic\/npc_combinecamera.obj
         .\Release_mod_episodic\/npc_combinedropship.obj
         .\Release_mod_episodic\/npc_combinegunship.obj
         .\Release_mod_episodic\/npc_combines.obj
         .\Release_mod_episodic\/npc_cranedriver.obj
         .\Release_mod_episodic\/npc_crow.obj
         .\Release_mod_episodic\/npc_dog.obj
         .\Release_mod_episodic\/npc_eli.obj
         .\Release_mod_episodic\/npc_enemyfinder.obj
         .\Release_mod_episodic\/npc_fastzombie.obj
         .\Release_mod_episodic\/npc_fisherman.obj
         .\Release_mod_episodic\/npc_gman.obj
         .\Release_mod_episodic\/npc_headcrab.obj
         .\Release_mod_episodic\/npc_hunter.obj
         .\Release_mod_episodic\/npc_ichthyosaur.obj
         .\Release_mod_episodic\/npc_kleiner.obj
         .\Release_mod_episodic\/npc_launcher.obj
         .\Release_mod_episodic\/npc_magnusson.obj
         .\Release_mod_episodic\/npc_manhack.obj
         .\Release_mod_episodic\/npc_metropolice.obj
         .\Release_mod_episodic\/npc_monk.obj
         .\Release_mod_episodic\/npc_mossman.obj
         .\Release_mod_episodic\/npc_playercompanion.obj
         .\Release_mod_episodic\/npc_PoisonZombie.obj
         .\Release_mod_episodic\/npc_puppet.obj
         .\Release_mod_episodic\/npc_rollermine.obj
         .\Release_mod_episodic\/npc_scanner.obj
         .\Release_mod_episodic\/npc_stalker.obj
         .\Release_mod_episodic\/npc_strider.obj
         .\Release_mod_episodic\/npc_talker.obj
         .\Release_mod_episodic\/npc_turret_ceiling.obj
         .\Release_mod_episodic\/npc_turret_floor.obj
         .\Release_mod_episodic\/npc_turret_ground.obj
         .\Release_mod_episodic\/npc_vortigaunt_episodic.obj
         .\Release_mod_episodic\/npc_zombie.obj
         .\Release_mod_episodic\/npc_zombine.obj
         .\Release_mod_episodic\/point_apc_controller.obj
         .\Release_mod_episodic\/prop_combine_ball.obj
         .\Release_mod_episodic\/prop_scalable.obj
         .\Release_mod_episodic\/prop_thumper.obj
         .\Release_mod_episodic\/proto_sniper.obj
         .\Release_mod_episodic\/rotorwash.obj
         .\Release_mod_episodic\/script_intro.obj
         .\Release_mod_episodic\/script_intro_shared.obj
         .\Release_mod_episodic\/vehicle_airboat.obj
         .\Release_mod_episodic\/vehicle_cannon.obj
         .\Release_mod_episodic\/vehicle_crane.obj
         .\Release_mod_episodic\/vehicle_jeep.obj
         .\Release_mod_episodic\/vehicle_jeep_episodic.obj
         .\Release_mod_episodic\/vehicle_prisoner_pod.obj
         .\Release_mod_episodic\/vehicle_viewcontroller.obj
         .\Release_mod_episodic\/weapon_357.obj
         .\Release_mod_episodic\/weapon_alyxgun.obj
         .\Release_mod_episodic\/weapon_annabelle.obj
         .\Release_mod_episodic\/weapon_ar2.obj
         .\Release_mod_episodic\/weapon_bugbait.obj
         .\Release_mod_episodic\/weapon_citizenpackage.obj
         .\Release_mod_episodic\/weapon_crossbow.obj
         .\Release_mod_episodic\/weapon_crowbar.obj
         .\Release_mod_episodic\/weapon_cubemap.obj
         .\Release_mod_episodic\/weapon_frag.obj
         .\Release_mod_episodic\/weapon_physcannon.obj
         .\Release_mod_episodic\/weapon_pistol.obj
         .\Release_mod_episodic\/weapon_rpg.obj
         .\Release_mod_episodic\/weapon_shotgun.obj
         .\Release_mod_episodic\/weapon_smg1.obj
         .\Release_mod_episodic\/weapon_striderbuster.obj
         .\Release_mod_episodic\/weapon_stunstick.obj
         .\Release_mod_episodic\/grenade_beam.obj
         .\Release_mod_episodic\/grenade_homer.obj
         .\Release_mod_episodic\/grenade_pathfollower.obj
         .\Release_mod_episodic\/npc_missiledefense.obj
         .\Release_mod_episodic\/vehicle_apc.obj
         .\Release_mod_episodic\/weapon_cguard.obj
         .\Release_mod_episodic\/weapon_flaregun.obj
         .\Release_mod_episodic\/stdafx.obj
         .\Release_mod_episodic\/basetempentity.obj
         .\Release_mod_episodic\/event_tempentity_tester.obj
         .\Release_mod_episodic\/movie_explosion.obj
         .\Release_mod_episodic\/particle_fire.obj
         .\Release_mod_episodic\/particle_smokegrenade.obj
         .\Release_mod_episodic\/plasma.obj
         .\Release_mod_episodic\/smoke_trail.obj
         .\Release_mod_episodic\/smokestack.obj
         .\Release_mod_episodic\/SpriteTrail.obj
         .\Release_mod_episodic\/steamjet.obj
         .\Release_mod_episodic\/te.obj
         .\Release_mod_episodic\/te_armorricochet.obj
         .\Release_mod_episodic\/te_basebeam.obj
         .\Release_mod_episodic\/te_beamentpoint.obj
         .\Release_mod_episodic\/te_beaments.obj
         .\Release_mod_episodic\/te_beamfollow.obj
         .\Release_mod_episodic\/te_beamlaser.obj
         .\Release_mod_episodic\/te_beampoints.obj
         .\Release_mod_episodic\/te_beamring.obj
         .\Release_mod_episodic\/te_beamringpoint.obj
         .\Release_mod_episodic\/te_beamspline.obj
         .\Release_mod_episodic\/te_bloodsprite.obj
         .\Release_mod_episodic\/te_bloodstream.obj
         .\Release_mod_episodic\/te_breakmodel.obj
         .\Release_mod_episodic\/te_bspdecal.obj
         .\Release_mod_episodic\/te_bubbles.obj
         .\Release_mod_episodic\/te_bubbletrail.obj
         .\Release_mod_episodic\/te_clientprojectile.obj
         .\Release_mod_episodic\/te_decal.obj
         .\Release_mod_episodic\/te_dynamiclight.obj
         .\Release_mod_episodic\/te_effect_dispatch.obj
         .\Release_mod_episodic\/te_energysplash.obj
         .\Release_mod_episodic\/te_explosion.obj
         .\Release_mod_episodic\/te_fizz.obj
         .\Release_mod_episodic\/te_footprintdecal.obj
         .\Release_mod_episodic\/te_gaussexplosion.obj
         .\Release_mod_episodic\/te_glassshatter.obj
         .\Release_mod_episodic\/te_glowsprite.obj
         .\Release_mod_episodic\/te_impact.obj
         .\Release_mod_episodic\/te_killplayerattachments.obj
         .\Release_mod_episodic\/te_largefunnel.obj
         .\Release_mod_episodic\/te_muzzleflash.obj
         .\Release_mod_episodic\/te_particlesystem.obj
         .\Release_mod_episodic\/te_physicsprop.obj
         .\Release_mod_episodic\/te_playerdecal.obj
         .\Release_mod_episodic\/te_projecteddecal.obj
         .\Release_mod_episodic\/te_showline.obj
         .\Release_mod_episodic\/te_smoke.obj
         .\Release_mod_episodic\/te_sparks.obj
         .\Release_mod_episodic\/te_sprite.obj
         .\Release_mod_episodic\/te_spritespray.obj
         .\Release_mod_episodic\/te_worlddecal.obj
         .\Release_mod_episodic\/usermessages.obj
         .\Release_mod_episodic\/entity_tools_server.obj
         .\Release_mod_episodic\/toolframework_server.obj
         ..\..\lib\public\choreoobjects.lib
         ..\..\lib\public\dmxloader.lib
         ..\..\lib\public\libprotobuf.lib
         ..\..\lib\public\mathlib.lib
         ..\..\lib\public\particles.lib
         ..\..\lib\public\steam_api.lib
         ..\..\lib\public\tier0.lib
         ..\..\lib\public\tier1.lib
         ..\..\lib\public\tier2.lib
         ..\..\lib\public\tier3.lib
         ..\..\lib\public\vstdlib.lib
            Creating library .\Release_mod_episodic\server.lib and object .\Release_mod_episodic\server.exp
         server_episodic.vcxproj -> C:\Users\mario\Desktop\W.F.O.D 2\MyFiles\HL2Mod\MyMod\sp\src\game\server\.\Release_mod_episodic\server.dll
       PostBuildEvent:
         if not exist "..\..\..\game\mod_episodic\bin\." mkdir "..\..\..\game\mod_episodic\bin\."
         copy "C:\Users\mario\Desktop\W.F.O.D 2\MyFiles\HL2Mod\MyMod\sp\src\game\server\Release_mod_episodic\server.dll" "..\..\..\game\mod_episodic\bin\.\server.dll"
         if ERRORLEVEL 1 goto BuildEventFailed
         if exist "C:\Users\mario\Desktop\W.F.O.D 2\MyFiles\HL2Mod\MyMod\sp\src\game\server\Release_mod_episodic\server.map" copy "C:\Users\mario\Desktop\W.F.O.D 2\MyFiles\HL2Mod\MyMod\sp\src\game\server\Release_mod_episodic\server.map" ..\..\..\game\mod_episodic\bin\.\server.map
         copy "C:\Users\mario\Desktop\W.F.O.D 2\MyFiles\HL2Mod\MyMod\sp\src\game\server\Release_mod_episodic\server.pdb" ..\..\..\game\mod_episodic\bin\.\server.pdb
         if ERRORLEVEL 1 goto BuildEventFailed
         goto BuildEventOK
         :BuildEventFailed
         echo *** ERROR! PostBuildStep FAILED for Server (Episodic)! EXE or DLL is probably running. ***
         del /q "C:\Users\mario\Desktop\W.F.O.D 2\MyFiles\HL2Mod\MyMod\sp\src\game\server\Release_mod_episodic\server.dll"
         exit 1
         :BuildEventOK
         
         :VCEnd
                 1 file(s) copied.
                 1 file(s) copied.
     1>Done Building Project "C:\Users\mario\Desktop\W.F.O.D 2\MyFiles\HL2Mod\MyMod\sp\src\game\server\server_episodic.vcxproj" (Build target(s)).

Build succeeded.

Time Elapsed 00:02:31.99
