c:\users\mario\desktop\w.f.o.d 2\myfiles\hl2mod\mymod\sp\src\game\server\release_mod_episodic\server.pch
c:\users\mario\desktop\w.f.o.d 2\myfiles\hl2mod\mymod\sp\src\game\server\release_mod_episodic\vc120.pdb
c:\users\mario\desktop\w.f.o.d 2\myfiles\hl2mod\mymod\sp\src\game\server\release_mod_episodic\stdafx.obj
c:\users\mario\desktop\w.f.o.d 2\myfiles\hl2mod\mymod\sp\src\game\server\release_mod_episodic\ai_basenpc_movement.obj
c:\users\mario\desktop\w.f.o.d 2\myfiles\hl2mod\mymod\sp\src\game\server\release_mod_episodic\ai_behavior.obj
c:\users\mario\desktop\w.f.o.d 2\myfiles\hl2mod\mymod\sp\src\game\server\release_mod_episodic\ai_condition.obj
c:\users\mario\desktop\w.f.o.d 2\myfiles\hl2mod\mymod\sp\src\game\server\release_mod_episodic\ai_hint.obj
c:\users\mario\desktop\w.f.o.d 2\myfiles\hl2mod\mymod\sp\src\game\server\release_mod_episodic\ai_pathfinder.obj
c:\users\mario\desktop\w.f.o.d 2\myfiles\hl2mod\mymod\sp\src\game\server\release_mod_episodic\ai_sentence.obj
c:\users\mario\desktop\w.f.o.d 2\myfiles\hl2mod\mymod\sp\src\game\server\release_mod_episodic\base_transmit_proxy.obj
c:\users\mario\desktop\w.f.o.d 2\myfiles\hl2mod\mymod\sp\src\game\server\release_mod_episodic\baseachievement.obj
c:\users\mario\desktop\w.f.o.d 2\myfiles\hl2mod\mymod\sp\src\game\server\release_mod_episodic\basecombatweapon_shared.obj
c:\users\mario\desktop\w.f.o.d 2\myfiles\hl2mod\mymod\sp\src\game\server\release_mod_episodic\bitstring.obj
c:\users\mario\desktop\w.f.o.d 2\myfiles\hl2mod\mymod\sp\src\game\server\release_mod_episodic\cbase.obj
c:\users\mario\desktop\w.f.o.d 2\myfiles\hl2mod\mymod\sp\src\game\server\release_mod_episodic\dynamiclight.obj
c:\users\mario\desktop\w.f.o.d 2\myfiles\hl2mod\mymod\sp\src\game\server\release_mod_episodic\entityflame.obj
c:\users\mario\desktop\w.f.o.d 2\myfiles\hl2mod\mymod\sp\src\game\server\release_mod_episodic\envfade.obj
c:\users\mario\desktop\w.f.o.d 2\myfiles\hl2mod\mymod\sp\src\game\server\release_mod_episodic\explode.obj
c:\users\mario\desktop\w.f.o.d 2\myfiles\hl2mod\mymod\sp\src\game\server\release_mod_episodic\gameweaponmanager.obj
c:\users\mario\desktop\w.f.o.d 2\myfiles\hl2mod\mymod\sp\src\game\server\release_mod_episodic\guntarget.obj
c:\users\mario\desktop\w.f.o.d 2\myfiles\hl2mod\mymod\sp\src\game\server\release_mod_episodic\hintsystem.obj
c:\users\mario\desktop\w.f.o.d 2\myfiles\hl2mod\mymod\sp\src\game\server\release_mod_episodic\info_overlay_accessor.obj
c:\users\mario\desktop\w.f.o.d 2\myfiles\hl2mod\mymod\sp\src\game\server\release_mod_episodic\logic_achievement.obj
c:\users\mario\desktop\w.f.o.d 2\myfiles\hl2mod\mymod\sp\src\game\server\release_mod_episodic\mapentities_shared.obj
c:\users\mario\desktop\w.f.o.d 2\myfiles\hl2mod\mymod\sp\src\game\server\release_mod_episodic\modelsoundscache.obj
c:\users\mario\desktop\w.f.o.d 2\myfiles\hl2mod\mymod\sp\src\game\server\release_mod_episodic\pathcorner.obj
c:\users\mario\desktop\w.f.o.d 2\myfiles\hl2mod\mymod\sp\src\game\server\release_mod_episodic\physics.obj
c:\users\mario\desktop\w.f.o.d 2\myfiles\hl2mod\mymod\sp\src\game\server\release_mod_episodic\point_spotlight.obj
c:\users\mario\desktop\w.f.o.d 2\myfiles\hl2mod\mymod\sp\src\game\server\release_mod_episodic\recipientfilter.obj
c:\users\mario\desktop\w.f.o.d 2\myfiles\hl2mod\mymod\sp\src\game\server\release_mod_episodic\sceneentity.obj
c:\users\mario\desktop\w.f.o.d 2\myfiles\hl2mod\mymod\sp\src\game\server\release_mod_episodic\ai_behavior_passenger_zombie.obj
c:\users\mario\desktop\w.f.o.d 2\myfiles\hl2mod\mymod\sp\src\game\server\release_mod_episodic\hl_playermove.obj
c:\users\mario\desktop\w.f.o.d 2\myfiles\hl2mod\mymod\sp\src\game\server\release_mod_episodic\npc_barney.obj
c:\users\mario\desktop\w.f.o.d 2\myfiles\hl2mod\mymod\sp\src\game\server\release_mod_episodic\npc_fisherman.obj
c:\users\mario\desktop\w.f.o.d 2\myfiles\hl2mod\mymod\sp\src\game\server\release_mod_episodic\npc_turret_floor.obj
c:\users\mario\desktop\w.f.o.d 2\myfiles\hl2mod\mymod\sp\src\game\server\release_mod_episodic\proto_sniper.obj
c:\users\mario\desktop\w.f.o.d 2\myfiles\hl2mod\mymod\sp\src\game\server\release_mod_episodic\weapon_rpg.obj
c:\users\mario\desktop\w.f.o.d 2\myfiles\hl2mod\mymod\sp\src\game\server\release_mod_episodic\te_basebeam.obj
c:\users\mario\desktop\w.f.o.d 2\myfiles\hl2mod\mymod\sp\src\game\server\release_mod_episodic\te_beampoints.obj
c:\users\mario\desktop\w.f.o.d 2\myfiles\hl2mod\mymod\sp\src\game\server\release_mod_episodic\te_bubbles.obj
c:\users\mario\desktop\w.f.o.d 2\myfiles\hl2mod\mymod\sp\src\game\server\release_mod_episodic\te_fizz.obj
c:\users\mario\desktop\w.f.o.d 2\myfiles\hl2mod\mymod\sp\src\game\server\release_mod_episodic\te_playerdecal.obj
c:\users\mario\desktop\w.f.o.d 2\myfiles\hl2mod\mymod\sp\src\game\server\release_mod_episodic\ai_activity.obj
c:\users\mario\desktop\w.f.o.d 2\myfiles\hl2mod\mymod\sp\src\game\server\release_mod_episodic\ai_blended_movement.obj
c:\users\mario\desktop\w.f.o.d 2\myfiles\hl2mod\mymod\sp\src\game\server\release_mod_episodic\ai_hull.obj
c:\users\mario\desktop\w.f.o.d 2\myfiles\hl2mod\mymod\sp\src\game\server\release_mod_episodic\ai_interest_target.obj
c:\users\mario\desktop\w.f.o.d 2\myfiles\hl2mod\mymod\sp\src\game\server\release_mod_episodic\ai_memory.obj
c:\users\mario\desktop\w.f.o.d 2\myfiles\hl2mod\mymod\sp\src\game\server\release_mod_episodic\ai_planesolver.obj
c:\users\mario\desktop\w.f.o.d 2\myfiles\hl2mod\mymod\sp\src\game\server\release_mod_episodic\ai_speechfilter.obj
c:\users\mario\desktop\w.f.o.d 2\myfiles\hl2mod\mymod\sp\src\game\server\release_mod_episodic\basegrenade_shared.obj
c:\users\mario\desktop\w.f.o.d 2\myfiles\hl2mod\mymod\sp\src\game\server\release_mod_episodic\beam_shared.obj
c:\users\mario\desktop\w.f.o.d 2\myfiles\hl2mod\mymod\sp\src\game\server\release_mod_episodic\commentarysystem.obj
c:\users\mario\desktop\w.f.o.d 2\myfiles\hl2mod\mymod\sp\src\game\server\release_mod_episodic\envspark.obj
c:\users\mario\desktop\w.f.o.d 2\myfiles\hl2mod\mymod\sp\src\game\server\release_mod_episodic\filters.obj
c:\users\mario\desktop\w.f.o.d 2\myfiles\hl2mod\mymod\sp\src\game\server\release_mod_episodic\gametrace_dll.obj
c:\users\mario\desktop\w.f.o.d 2\myfiles\hl2mod\mymod\sp\src\game\server\release_mod_episodic\globals.obj
c:\users\mario\desktop\w.f.o.d 2\myfiles\hl2mod\mymod\sp\src\game\server\release_mod_episodic\globalstate.obj
c:\users\mario\desktop\w.f.o.d 2\myfiles\hl2mod\mymod\sp\src\game\server\release_mod_episodic\intermission.obj
c:\users\mario\desktop\w.f.o.d 2\myfiles\hl2mod\mymod\sp\src\game\server\release_mod_episodic\logic_measure_movement.obj
c:\users\mario\desktop\w.f.o.d 2\myfiles\hl2mod\mymod\sp\src\game\server\release_mod_episodic\logicentities.obj
c:\users\mario\desktop\w.f.o.d 2\myfiles\hl2mod\mymod\sp\src\game\server\release_mod_episodic\phys_controller.obj
c:\users\mario\desktop\w.f.o.d 2\myfiles\hl2mod\mymod\sp\src\game\server\release_mod_episodic\physics_main.obj
c:\users\mario\desktop\w.f.o.d 2\myfiles\hl2mod\mymod\sp\src\game\server\release_mod_episodic\point_devshot_camera.obj
c:\users\mario\desktop\w.f.o.d 2\myfiles\hl2mod\mymod\sp\src\game\server\release_mod_episodic\saverestore.obj
c:\users\mario\desktop\w.f.o.d 2\myfiles\hl2mod\mymod\sp\src\game\server\release_mod_episodic\soundparametersinternal.obj
c:\users\mario\desktop\w.f.o.d 2\myfiles\hl2mod\mymod\sp\src\game\server\release_mod_episodic\soundscape.obj
c:\users\mario\desktop\w.f.o.d 2\myfiles\hl2mod\mymod\sp\src\game\server\release_mod_episodic\takedamageinfo.obj
c:\users\mario\desktop\w.f.o.d 2\myfiles\hl2mod\mymod\sp\src\game\server\release_mod_episodic\templateentities.obj
c:\users\mario\desktop\w.f.o.d 2\myfiles\hl2mod\mymod\sp\src\game\server\release_mod_episodic\triggers.obj
c:\users\mario\desktop\w.f.o.d 2\myfiles\hl2mod\mymod\sp\src\game\server\release_mod_episodic\antlion_maker.obj
c:\users\mario\desktop\w.f.o.d 2\myfiles\hl2mod\mymod\sp\src\game\server\release_mod_episodic\env_headcrabcanister.obj
c:\users\mario\desktop\w.f.o.d 2\myfiles\hl2mod\mymod\sp\src\game\server\release_mod_episodic\item_ammo.obj
c:\users\mario\desktop\w.f.o.d 2\myfiles\hl2mod\mymod\sp\src\game\server\release_mod_episodic\npc_apcdriver.obj
c:\users\mario\desktop\w.f.o.d 2\myfiles\hl2mod\mymod\sp\src\game\server\release_mod_episodic\npc_bullseye.obj
c:\users\mario\desktop\w.f.o.d 2\myfiles\hl2mod\mymod\sp\src\game\server\release_mod_episodic\npc_combinedropship.obj
c:\users\mario\desktop\w.f.o.d 2\myfiles\hl2mod\mymod\sp\src\game\server\release_mod_episodic\npc_hunter.obj
c:\users\mario\desktop\w.f.o.d 2\myfiles\hl2mod\mymod\sp\src\game\server\release_mod_episodic\npc_zombie.obj
c:\users\mario\desktop\w.f.o.d 2\myfiles\hl2mod\mymod\sp\src\game\server\release_mod_episodic\vehicle_prisoner_pod.obj
c:\users\mario\desktop\w.f.o.d 2\myfiles\hl2mod\mymod\sp\src\game\server\release_mod_episodic\weapon_citizenpackage.obj
c:\users\mario\desktop\w.f.o.d 2\myfiles\hl2mod\mymod\sp\src\game\server\release_mod_episodic\weapon_striderbuster.obj
c:\users\mario\desktop\w.f.o.d 2\myfiles\hl2mod\mymod\sp\src\game\server\release_mod_episodic\te_glowsprite.obj
c:\users\mario\desktop\w.f.o.d 2\myfiles\hl2mod\mymod\sp\src\game\server\release_mod_episodic\te_showline.obj
c:\users\mario\desktop\w.f.o.d 2\myfiles\hl2mod\mymod\sp\src\game\server\release_mod_episodic\entity_tools_server.obj
c:\users\mario\desktop\w.f.o.d 2\myfiles\hl2mod\mymod\sp\src\game\server\release_mod_episodic\activitylist.obj
c:\users\mario\desktop\w.f.o.d 2\myfiles\hl2mod\mymod\sp\src\game\server\release_mod_episodic\ai_basenpc_squad.obj
c:\users\mario\desktop\w.f.o.d 2\myfiles\hl2mod\mymod\sp\src\game\server\release_mod_episodic\ai_criteria.obj
c:\users\mario\desktop\w.f.o.d 2\myfiles\hl2mod\mymod\sp\src\game\server\release_mod_episodic\ai_goalentity.obj
c:\users\mario\desktop\w.f.o.d 2\myfiles\hl2mod\mymod\sp\src\game\server\release_mod_episodic\ai_networkmanager.obj
c:\users\mario\desktop\w.f.o.d 2\myfiles\hl2mod\mymod\sp\src\game\server\release_mod_episodic\ai_squad.obj
c:\users\mario\desktop\w.f.o.d 2\myfiles\hl2mod\mymod\sp\src\game\server\release_mod_episodic\basegrenade_concussion.obj
c:\users\mario\desktop\w.f.o.d 2\myfiles\hl2mod\mymod\sp\src\game\server\release_mod_episodic\baseviewmodel_shared.obj
c:\users\mario\desktop\w.f.o.d 2\myfiles\hl2mod\mymod\sp\src\game\server\release_mod_episodic\client.obj
c:\users\mario\desktop\w.f.o.d 2\myfiles\hl2mod\mymod\sp\src\game\server\release_mod_episodic\env_player_surface_trigger.obj
c:\users\mario\desktop\w.f.o.d 2\myfiles\hl2mod\mymod\sp\src\game\server\release_mod_episodic\env_wind_shared.obj
c:\users\mario\desktop\w.f.o.d 2\myfiles\hl2mod\mymod\sp\src\game\server\release_mod_episodic\fire.obj
c:\users\mario\desktop\w.f.o.d 2\myfiles\hl2mod\mymod\sp\src\game\server\release_mod_episodic\func_reflective_glass.obj
c:\users\mario\desktop\w.f.o.d 2\myfiles\hl2mod\mymod\sp\src\game\server\release_mod_episodic\func_smokevolume.obj
c:\users\mario\desktop\w.f.o.d 2\myfiles\hl2mod\mymod\sp\src\game\server\release_mod_episodic\gamestringpool.obj
c:\users\mario\desktop\w.f.o.d 2\myfiles\hl2mod\mymod\sp\src\game\server\release_mod_episodic\grenadethrown.obj
c:\users\mario\desktop\w.f.o.d 2\myfiles\hl2mod\mymod\sp\src\game\server\release_mod_episodic\hierarchy.obj
c:\users\mario\desktop\w.f.o.d 2\myfiles\hl2mod\mymod\sp\src\game\server\release_mod_episodic\igamesystem.obj
c:\users\mario\desktop\w.f.o.d 2\myfiles\hl2mod\mymod\sp\src\game\server\release_mod_episodic\lightglow.obj
c:\users\mario\desktop\w.f.o.d 2\myfiles\hl2mod\mymod\sp\src\game\server\release_mod_episodic\logic_navigation.obj
c:\users\mario\desktop\w.f.o.d 2\myfiles\hl2mod\mymod\sp\src\game\server\release_mod_episodic\monstermaker.obj
c:\users\mario\desktop\w.f.o.d 2\myfiles\hl2mod\mymod\sp\src\game\server\release_mod_episodic\physics_main_shared.obj
c:\users\mario\desktop\w.f.o.d 2\myfiles\hl2mod\mymod\sp\src\game\server\release_mod_episodic\point_posecontroller.obj
c:\users\mario\desktop\w.f.o.d 2\myfiles\hl2mod\mymod\sp\src\game\server\release_mod_episodic\rope.obj
c:\users\mario\desktop\w.f.o.d 2\myfiles\hl2mod\mymod\sp\src\game\server\release_mod_episodic\sendproxy.obj
c:\users\mario\desktop\w.f.o.d 2\myfiles\hl2mod\mymod\sp\src\game\server\release_mod_episodic\simtimer.obj
c:\users\mario\desktop\w.f.o.d 2\myfiles\hl2mod\mymod\sp\src\game\server\release_mod_episodic\singleplay_gamerules.obj
c:\users\mario\desktop\w.f.o.d 2\myfiles\hl2mod\mymod\sp\src\game\server\release_mod_episodic\soundent.obj
c:\users\mario\desktop\w.f.o.d 2\myfiles\hl2mod\mymod\sp\src\game\server\release_mod_episodic\spotlightend.obj
c:\users\mario\desktop\w.f.o.d 2\myfiles\hl2mod\mymod\sp\src\game\server\release_mod_episodic\team.obj
c:\users\mario\desktop\w.f.o.d 2\myfiles\hl2mod\mymod\sp\src\game\server\release_mod_episodic\timedeventmgr.obj
c:\users\mario\desktop\w.f.o.d 2\myfiles\hl2mod\mymod\sp\src\game\server\release_mod_episodic\util.obj
c:\users\mario\desktop\w.f.o.d 2\myfiles\hl2mod\mymod\sp\src\game\server\release_mod_episodic\ai_allymanager.obj
c:\users\mario\desktop\w.f.o.d 2\myfiles\hl2mod\mymod\sp\src\game\server\release_mod_episodic\env_speaker.obj
c:\users\mario\desktop\w.f.o.d 2\myfiles\hl2mod\mymod\sp\src\game\server\release_mod_episodic\hl2_ai_network.obj
c:\users\mario\desktop\w.f.o.d 2\myfiles\hl2mod\mymod\sp\src\game\server\release_mod_episodic\item_healthkit.obj
c:\users\mario\desktop\w.f.o.d 2\myfiles\hl2mod\mymod\sp\src\game\server\release_mod_episodic\npc_advisor.obj
c:\users\mario\desktop\w.f.o.d 2\myfiles\hl2mod\mymod\sp\src\game\server\release_mod_episodic\npc_breen.obj
c:\users\mario\desktop\w.f.o.d 2\myfiles\hl2mod\mymod\sp\src\game\server\release_mod_episodic\npc_combinecamera.obj
c:\users\mario\desktop\w.f.o.d 2\myfiles\hl2mod\mymod\sp\src\game\server\release_mod_episodic\npc_dog.obj
c:\users\mario\desktop\w.f.o.d 2\myfiles\hl2mod\mymod\sp\src\game\server\release_mod_episodic\npc_mossman.obj
c:\users\mario\desktop\w.f.o.d 2\myfiles\hl2mod\mymod\sp\src\game\server\release_mod_episodic\npc_turret_ground.obj
c:\users\mario\desktop\w.f.o.d 2\myfiles\hl2mod\mymod\sp\src\game\server\release_mod_episodic\rotorwash.obj
c:\users\mario\desktop\w.f.o.d 2\myfiles\hl2mod\mymod\sp\src\game\server\release_mod_episodic\vehicle_crane.obj
c:\users\mario\desktop\w.f.o.d 2\myfiles\hl2mod\mymod\sp\src\game\server\release_mod_episodic\weapon_shotgun.obj
c:\users\mario\desktop\w.f.o.d 2\myfiles\hl2mod\mymod\sp\src\game\server\release_mod_episodic\vehicle_apc.obj
c:\users\mario\desktop\w.f.o.d 2\myfiles\hl2mod\mymod\sp\src\game\server\release_mod_episodic\ai_basenpc.obj
c:\users\mario\desktop\w.f.o.d 2\myfiles\hl2mod\mymod\sp\src\game\server\release_mod_episodic\ai_task.obj
c:\users\mario\desktop\w.f.o.d 2\myfiles\hl2mod\mymod\sp\src\game\server\release_mod_episodic\basecombatweapon.obj
c:\users\mario\desktop\w.f.o.d 2\myfiles\hl2mod\mymod\sp\src\game\server\release_mod_episodic\cplane.obj
c:\users\mario\desktop\w.f.o.d 2\myfiles\hl2mod\mymod\sp\src\game\server\release_mod_episodic\cragdollmagnet.obj
c:\users\mario\desktop\w.f.o.d 2\myfiles\hl2mod\mymod\sp\src\game\server\release_mod_episodic\decals.obj
c:\users\mario\desktop\w.f.o.d 2\myfiles\hl2mod\mymod\sp\src\game\server\release_mod_episodic\entityparticletrail_shared.obj
c:\users\mario\desktop\w.f.o.d 2\myfiles\hl2mod\mymod\sp\src\game\server\release_mod_episodic\env_detail_controller.obj
c:\users\mario\desktop\w.f.o.d 2\myfiles\hl2mod\mymod\sp\src\game\server\release_mod_episodic\env_entity_maker.obj
c:\users\mario\desktop\w.f.o.d 2\myfiles\hl2mod\mymod\sp\src\game\server\release_mod_episodic\envbeam.obj
c:\users\mario\desktop\w.f.o.d 2\myfiles\hl2mod\mymod\sp\src\game\server\release_mod_episodic\func_areaportal.obj
c:\users\mario\desktop\w.f.o.d 2\myfiles\hl2mod\mymod\sp\src\game\server\release_mod_episodic\func_breakablesurf.obj
c:\users\mario\desktop\w.f.o.d 2\myfiles\hl2mod\mymod\sp\src\game\server\release_mod_episodic\h_cycler.obj
c:\users\mario\desktop\w.f.o.d 2\myfiles\hl2mod\mymod\sp\src\game\server\release_mod_episodic\movehelper_server.obj
c:\users\mario\desktop\w.f.o.d 2\myfiles\hl2mod\mymod\sp\src\game\server\release_mod_episodic\mp_shareddefs.obj
c:\users\mario\desktop\w.f.o.d 2\myfiles\hl2mod\mymod\sp\src\game\server\release_mod_episodic\npc_vehicledriver.obj
c:\users\mario\desktop\w.f.o.d 2\myfiles\hl2mod\mymod\sp\src\game\server\release_mod_episodic\player_pickup.obj
c:\users\mario\desktop\w.f.o.d 2\myfiles\hl2mod\mymod\sp\src\game\server\release_mod_episodic\player_resource.obj
c:\users\mario\desktop\w.f.o.d 2\myfiles\hl2mod\mymod\sp\src\game\server\release_mod_episodic\playerlocaldata.obj
c:\users\mario\desktop\w.f.o.d 2\myfiles\hl2mod\mymod\sp\src\game\server\release_mod_episodic\pointteleport.obj
c:\users\mario\desktop\w.f.o.d 2\myfiles\hl2mod\mymod\sp\src\game\server\release_mod_episodic\ragdoll_manager.obj
c:\users\mario\desktop\w.f.o.d 2\myfiles\hl2mod\mymod\sp\src\game\server\release_mod_episodic\soundemittersystem.obj
c:\users\mario\desktop\w.f.o.d 2\myfiles\hl2mod\mymod\sp\src\game\server\release_mod_episodic\subs.obj
c:\users\mario\desktop\w.f.o.d 2\myfiles\hl2mod\mymod\sp\src\game\server\release_mod_episodic\testfunctions.obj
c:\users\mario\desktop\w.f.o.d 2\myfiles\hl2mod\mymod\sp\src\game\server\release_mod_episodic\vehicle_choreo_generic.obj
c:\users\mario\desktop\w.f.o.d 2\myfiles\hl2mod\mymod\sp\src\game\server\release_mod_episodic\ai_behavior_alyx_injured.obj
c:\users\mario\desktop\w.f.o.d 2\myfiles\hl2mod\mymod\sp\src\game\server\release_mod_episodic\citadel_effects.obj
c:\users\mario\desktop\w.f.o.d 2\myfiles\hl2mod\mymod\sp\src\game\server\release_mod_episodic\func_monitor.obj
c:\users\mario\desktop\w.f.o.d 2\myfiles\hl2mod\mymod\sp\src\game\server\release_mod_episodic\grenade_bugbait.obj
c:\users\mario\desktop\w.f.o.d 2\myfiles\hl2mod\mymod\sp\src\game\server\release_mod_episodic\hl_gamemovement.obj
c:\users\mario\desktop\w.f.o.d 2\myfiles\hl2mod\mymod\sp\src\game\server\release_mod_episodic\npc_antliongrub.obj
c:\users\mario\desktop\w.f.o.d 2\myfiles\hl2mod\mymod\sp\src\game\server\release_mod_episodic\npc_crow.obj
c:\users\mario\desktop\w.f.o.d 2\myfiles\hl2mod\mymod\sp\src\game\server\release_mod_episodic\npc_eli.obj
c:\users\mario\desktop\w.f.o.d 2\myfiles\hl2mod\mymod\sp\src\game\server\release_mod_episodic\npc_manhack.obj
c:\users\mario\desktop\w.f.o.d 2\myfiles\hl2mod\mymod\sp\src\game\server\release_mod_episodic\npc_turret_ceiling.obj
c:\users\mario\desktop\w.f.o.d 2\myfiles\hl2mod\mymod\sp\src\game\server\release_mod_episodic\npc_zombine.obj
c:\users\mario\desktop\w.f.o.d 2\myfiles\hl2mod\mymod\sp\src\game\server\release_mod_episodic\weapon_alyxgun.obj
c:\users\mario\desktop\w.f.o.d 2\myfiles\hl2mod\mymod\sp\src\game\server\release_mod_episodic\weapon_crossbow.obj
c:\users\mario\desktop\w.f.o.d 2\myfiles\hl2mod\mymod\sp\src\game\server\release_mod_episodic\grenade_homer.obj
c:\users\mario\desktop\w.f.o.d 2\myfiles\hl2mod\mymod\sp\src\game\server\release_mod_episodic\te.obj
c:\users\mario\desktop\w.f.o.d 2\myfiles\hl2mod\mymod\sp\src\game\server\release_mod_episodic\te_beamentpoint.obj
c:\users\mario\desktop\w.f.o.d 2\myfiles\hl2mod\mymod\sp\src\game\server\release_mod_episodic\te_beamspline.obj
c:\users\mario\desktop\w.f.o.d 2\myfiles\hl2mod\mymod\sp\src\game\server\release_mod_episodic\te_bspdecal.obj
c:\users\mario\desktop\w.f.o.d 2\myfiles\hl2mod\mymod\sp\src\game\server\release_mod_episodic\te_energysplash.obj
c:\users\mario\desktop\w.f.o.d 2\myfiles\hl2mod\mymod\sp\src\game\server\release_mod_episodic\te_muzzleflash.obj
c:\users\mario\desktop\w.f.o.d 2\myfiles\hl2mod\mymod\sp\src\game\server\release_mod_episodic\te_worlddecal.obj
c:\users\mario\desktop\w.f.o.d 2\myfiles\hl2mod\mymod\sp\src\game\server\release_mod_episodic\achievementmgr.obj
c:\users\mario\desktop\w.f.o.d 2\myfiles\hl2mod\mymod\sp\src\game\server\release_mod_episodic\ai_concommands.obj
c:\users\mario\desktop\w.f.o.d 2\myfiles\hl2mod\mymod\sp\src\game\server\release_mod_episodic\ai_initutils.obj
c:\users\mario\desktop\w.f.o.d 2\myfiles\hl2mod\mymod\sp\src\game\server\release_mod_episodic\ai_playerally.obj
c:\users\mario\desktop\w.f.o.d 2\myfiles\hl2mod\mymod\sp\src\game\server\release_mod_episodic\ammodef.obj
c:\users\mario\desktop\w.f.o.d 2\myfiles\hl2mod\mymod\sp\src\game\server\release_mod_episodic\animation.obj
c:\users\mario\desktop\w.f.o.d 2\myfiles\hl2mod\mymod\sp\src\game\server\release_mod_episodic\baseanimating.obj
c:\users\mario\desktop\w.f.o.d 2\myfiles\hl2mod\mymod\sp\src\game\server\release_mod_episodic\basemultiplayerplayer.obj
c:\users\mario\desktop\w.f.o.d 2\myfiles\hl2mod\mymod\sp\src\game\server\release_mod_episodic\baseprojectile.obj
c:\users\mario\desktop\w.f.o.d 2\myfiles\hl2mod\mymod\sp\src\game\server\release_mod_episodic\bmodels.obj
c:\users\mario\desktop\w.f.o.d 2\myfiles\hl2mod\mymod\sp\src\game\server\release_mod_episodic\colorcorrectionvolume.obj
c:\users\mario\desktop\w.f.o.d 2\myfiles\hl2mod\mymod\sp\src\game\server\release_mod_episodic\debugoverlay_shared.obj
c:\users\mario\desktop\w.f.o.d 2\myfiles\hl2mod\mymod\sp\src\game\server\release_mod_episodic\effectsserver.obj
c:\users\mario\desktop\w.f.o.d 2\myfiles\hl2mod\mymod\sp\src\game\server\release_mod_episodic\entitydissolve.obj
c:\users\mario\desktop\w.f.o.d 2\myfiles\hl2mod\mymod\sp\src\game\server\release_mod_episodic\envlaser.obj
c:\users\mario\desktop\w.f.o.d 2\myfiles\hl2mod\mymod\sp\src\game\server\release_mod_episodic\func_areaportalwindow.obj
c:\users\mario\desktop\w.f.o.d 2\myfiles\hl2mod\mymod\sp\src\game\server\release_mod_episodic\func_ladder_endpoint.obj
c:\users\mario\desktop\w.f.o.d 2\myfiles\hl2mod\mymod\sp\src\game\server\release_mod_episodic\gameinterface.obj
c:\users\mario\desktop\w.f.o.d 2\myfiles\hl2mod\mymod\sp\src\game\server\release_mod_episodic\physconstraint.obj
c:\users\mario\desktop\w.f.o.d 2\myfiles\hl2mod\mymod\sp\src\game\server\release_mod_episodic\player_lagcompensation.obj
c:\users\mario\desktop\w.f.o.d 2\myfiles\hl2mod\mymod\sp\src\game\server\release_mod_episodic\plugin_check.obj
c:\users\mario\desktop\w.f.o.d 2\myfiles\hl2mod\mymod\sp\src\game\server\release_mod_episodic\point_playermoveconstraint.obj
c:\users\mario\desktop\w.f.o.d 2\myfiles\hl2mod\mymod\sp\src\game\server\release_mod_episodic\pointangularvelocitysensor.obj
c:\users\mario\desktop\w.f.o.d 2\myfiles\hl2mod\mymod\sp\src\game\server\release_mod_episodic\ragdollboogie.obj
c:\users\mario\desktop\w.f.o.d 2\myfiles\hl2mod\mymod\sp\src\game\server\release_mod_episodic\sceneentity_shared.obj
c:\users\mario\desktop\w.f.o.d 2\myfiles\hl2mod\mymod\sp\src\game\server\release_mod_episodic\scriptedtarget.obj
c:\users\mario\desktop\w.f.o.d 2\myfiles\hl2mod\mymod\sp\src\game\server\release_mod_episodic\sprite.obj
c:\users\mario\desktop\w.f.o.d 2\myfiles\hl2mod\mymod\sp\src\game\server\release_mod_episodic\tactical_mission.obj
c:\users\mario\desktop\w.f.o.d 2\myfiles\hl2mod\mymod\sp\src\game\server\release_mod_episodic\testtraceline.obj
c:\users\mario\desktop\w.f.o.d 2\myfiles\hl2mod\mymod\sp\src\game\server\release_mod_episodic\vehicle_base.obj
c:\users\mario\desktop\w.f.o.d 2\myfiles\hl2mod\mymod\sp\src\game\server\release_mod_episodic\ai_behavior_passenger.obj
c:\users\mario\desktop\w.f.o.d 2\myfiles\hl2mod\mymod\sp\src\game\server\release_mod_episodic\hl2_eventlog.obj
c:\users\mario\desktop\w.f.o.d 2\myfiles\hl2mod\mymod\sp\src\game\server\release_mod_episodic\hl2_gamerules.obj
c:\users\mario\desktop\w.f.o.d 2\myfiles\hl2mod\mymod\sp\src\game\server\release_mod_episodic\npc_basescanner.obj
c:\users\mario\desktop\w.f.o.d 2\myfiles\hl2mod\mymod\sp\src\game\server\release_mod_episodic\npc_citizen17.obj
c:\users\mario\desktop\w.f.o.d 2\myfiles\hl2mod\mymod\sp\src\game\server\release_mod_episodic\npc_playercompanion.obj
c:\users\mario\desktop\w.f.o.d 2\myfiles\hl2mod\mymod\sp\src\game\server\release_mod_episodic\vehicle_airboat.obj
c:\users\mario\desktop\w.f.o.d 2\myfiles\hl2mod\mymod\sp\src\game\server\release_mod_episodic\weapon_ar2.obj
c:\users\mario\desktop\w.f.o.d 2\myfiles\hl2mod\mymod\sp\src\game\server\release_mod_episodic\weapon_flaregun.obj
c:\users\mario\desktop\w.f.o.d 2\myfiles\hl2mod\mymod\sp\src\game\server\release_mod_episodic\particle_smokegrenade.obj
c:\users\mario\desktop\w.f.o.d 2\myfiles\hl2mod\mymod\sp\src\game\server\release_mod_episodic\spritetrail.obj
c:\users\mario\desktop\w.f.o.d 2\myfiles\hl2mod\mymod\sp\src\game\server\release_mod_episodic\te_armorricochet.obj
c:\users\mario\desktop\w.f.o.d 2\myfiles\hl2mod\mymod\sp\src\game\server\release_mod_episodic\te_beaments.obj
c:\users\mario\desktop\w.f.o.d 2\myfiles\hl2mod\mymod\sp\src\game\server\release_mod_episodic\te_beamring.obj
c:\users\mario\desktop\w.f.o.d 2\myfiles\hl2mod\mymod\sp\src\game\server\release_mod_episodic\te_bubbletrail.obj
c:\users\mario\desktop\w.f.o.d 2\myfiles\hl2mod\mymod\sp\src\game\server\release_mod_episodic\te_explosion.obj
c:\users\mario\desktop\w.f.o.d 2\myfiles\hl2mod\mymod\sp\src\game\server\release_mod_episodic\te_physicsprop.obj
c:\users\mario\desktop\w.f.o.d 2\myfiles\hl2mod\mymod\sp\src\game\server\release_mod_episodic\ai_basehumanoid.obj
c:\users\mario\desktop\w.f.o.d 2\myfiles\hl2mod\mymod\sp\src\game\server\release_mod_episodic\ai_behavior_rappel.obj
c:\users\mario\desktop\w.f.o.d 2\myfiles\hl2mod\mymod\sp\src\game\server\release_mod_episodic\ai_dynamiclink.obj
c:\users\mario\desktop\w.f.o.d 2\myfiles\hl2mod\mymod\sp\src\game\server\release_mod_episodic\ai_moveshoot.obj
c:\users\mario\desktop\w.f.o.d 2\myfiles\hl2mod\mymod\sp\src\game\server\release_mod_episodic\ai_responsesystem.obj
c:\users\mario\desktop\w.f.o.d 2\myfiles\hl2mod\mymod\sp\src\game\server\release_mod_episodic\ai_waypoint.obj
c:\users\mario\desktop\w.f.o.d 2\myfiles\hl2mod\mymod\sp\src\game\server\release_mod_episodic\base_playeranimstate.obj
c:\users\mario\desktop\w.f.o.d 2\myfiles\hl2mod\mymod\sp\src\game\server\release_mod_episodic\baseentity_shared.obj
c:\users\mario\desktop\w.f.o.d 2\myfiles\hl2mod\mymod\sp\src\game\server\release_mod_episodic\controlentities.obj
c:\users\mario\desktop\w.f.o.d 2\myfiles\hl2mod\mymod\sp\src\game\server\release_mod_episodic\death_pose.obj
c:\users\mario\desktop\w.f.o.d 2\myfiles\hl2mod\mymod\sp\src\game\server\release_mod_episodic\effect_dispatch_data.obj
c:\users\mario\desktop\w.f.o.d 2\myfiles\hl2mod\mymod\sp\src\game\server\release_mod_episodic\effects.obj
c:\users\mario\desktop\w.f.o.d 2\myfiles\hl2mod\mymod\sp\src\game\server\release_mod_episodic\envshake.obj
c:\users\mario\desktop\w.f.o.d 2\myfiles\hl2mod\mymod\sp\src\game\server\release_mod_episodic\fourwheelvehiclephysics.obj
c:\users\mario\desktop\w.f.o.d 2\myfiles\hl2mod\mymod\sp\src\game\server\release_mod_episodic\genericactor.obj
c:\users\mario\desktop\w.f.o.d 2\myfiles\hl2mod\mymod\sp\src\game\server\release_mod_episodic\materialmodifycontrol.obj
c:\users\mario\desktop\w.f.o.d 2\myfiles\hl2mod\mymod\sp\src\game\server\release_mod_episodic\ndebugoverlay.obj
c:\users\mario\desktop\w.f.o.d 2\myfiles\hl2mod\mymod\sp\src\game\server\release_mod_episodic\particle_system.obj
c:\users\mario\desktop\w.f.o.d 2\myfiles\hl2mod\mymod\sp\src\game\server\release_mod_episodic\physobj.obj
c:\users\mario\desktop\w.f.o.d 2\myfiles\hl2mod\mymod\sp\src\game\server\release_mod_episodic\predictableid.obj
c:\users\mario\desktop\w.f.o.d 2\myfiles\hl2mod\mymod\sp\src\game\server\release_mod_episodic\props_shared.obj
c:\users\mario\desktop\w.f.o.d 2\myfiles\hl2mod\mymod\sp\src\game\server\release_mod_episodic\serverbenchmark_base.obj
c:\users\mario\desktop\w.f.o.d 2\myfiles\hl2mod\mymod\sp\src\game\server\release_mod_episodic\soundscape_system.obj
c:\users\mario\desktop\w.f.o.d 2\myfiles\hl2mod\mymod\sp\src\game\server\release_mod_episodic\teamplay_gamerules.obj
c:\users\mario\desktop\w.f.o.d 2\myfiles\hl2mod\mymod\sp\src\game\server\release_mod_episodic\test_ehandle.obj
c:\users\mario\desktop\w.f.o.d 2\myfiles\hl2mod\mymod\sp\src\game\server\release_mod_episodic\util_shared.obj
c:\users\mario\desktop\w.f.o.d 2\myfiles\hl2mod\mymod\sp\src\game\server\release_mod_episodic\waterlodcontrol.obj
c:\users\mario\desktop\w.f.o.d 2\myfiles\hl2mod\mymod\sp\src\game\server\release_mod_episodic\weapon_parse.obj
c:\users\mario\desktop\w.f.o.d 2\myfiles\hl2mod\mymod\sp\src\game\server\release_mod_episodic\achievements_ep2.obj
c:\users\mario\desktop\w.f.o.d 2\myfiles\hl2mod\mymod\sp\src\game\server\release_mod_episodic\ai_behavior_police.obj
c:\users\mario\desktop\w.f.o.d 2\myfiles\hl2mod\mymod\sp\src\game\server\release_mod_episodic\env_headcrabcanister_shared.obj
c:\users\mario\desktop\w.f.o.d 2\myfiles\hl2mod\mymod\sp\src\game\server\release_mod_episodic\grenade_ar2.obj
c:\users\mario\desktop\w.f.o.d 2\myfiles\hl2mod\mymod\sp\src\game\server\release_mod_episodic\hl2_playerlocaldata.obj
c:\users\mario\desktop\w.f.o.d 2\myfiles\hl2mod\mymod\sp\src\game\server\release_mod_episodic\item_dynamic_resupply.obj
c:\users\mario\desktop\w.f.o.d 2\myfiles\hl2mod\mymod\sp\src\game\server\release_mod_episodic\npc_alyx_episodic.obj
c:\users\mario\desktop\w.f.o.d 2\myfiles\hl2mod\mymod\sp\src\game\server\release_mod_episodic\npc_ichthyosaur.obj
c:\users\mario\desktop\w.f.o.d 2\myfiles\hl2mod\mymod\sp\src\game\server\release_mod_episodic\npc_launcher.obj
c:\users\mario\desktop\w.f.o.d 2\myfiles\hl2mod\mymod\sp\src\game\server\release_mod_episodic\npc_scanner.obj
c:\users\mario\desktop\w.f.o.d 2\myfiles\hl2mod\mymod\sp\src\game\server\release_mod_episodic\weapon_annabelle.obj
c:\users\mario\desktop\w.f.o.d 2\myfiles\hl2mod\mymod\sp\src\game\server\release_mod_episodic\weapon_cubemap.obj
c:\users\mario\desktop\w.f.o.d 2\myfiles\hl2mod\mymod\sp\src\game\server\release_mod_episodic\weapon_physcannon.obj
c:\users\mario\desktop\w.f.o.d 2\myfiles\hl2mod\mymod\sp\src\game\server\release_mod_episodic\te_beamfollow.obj
c:\users\mario\desktop\w.f.o.d 2\myfiles\hl2mod\mymod\sp\src\game\server\release_mod_episodic\te_bloodstream.obj
c:\users\mario\desktop\w.f.o.d 2\myfiles\hl2mod\mymod\sp\src\game\server\release_mod_episodic\te_decal.obj
c:\users\mario\desktop\w.f.o.d 2\myfiles\hl2mod\mymod\sp\src\game\server\release_mod_episodic\te_impact.obj
c:\users\mario\desktop\w.f.o.d 2\myfiles\hl2mod\mymod\sp\src\game\server\release_mod_episodic\te_sparks.obj
c:\users\mario\desktop\w.f.o.d 2\myfiles\hl2mod\mymod\sp\src\game\server\release_mod_episodic\achievements_hlx.obj
c:\users\mario\desktop\w.f.o.d 2\myfiles\hl2mod\mymod\sp\src\game\server\release_mod_episodic\ai_behavior_assault.obj
c:\users\mario\desktop\w.f.o.d 2\myfiles\hl2mod\mymod\sp\src\game\server\release_mod_episodic\ai_eventresponse.obj
c:\users\mario\desktop\w.f.o.d 2\myfiles\hl2mod\mymod\sp\src\game\server\release_mod_episodic\ai_namespaces.obj
c:\users\mario\desktop\w.f.o.d 2\myfiles\hl2mod\mymod\sp\src\game\server\release_mod_episodic\ai_network.obj
c:\users\mario\desktop\w.f.o.d 2\myfiles\hl2mod\mymod\sp\src\game\server\release_mod_episodic\ai_saverestore.obj
c:\users\mario\desktop\w.f.o.d 2\myfiles\hl2mod\mymod\sp\src\game\server\release_mod_episodic\basecombatcharacter.obj
c:\users\mario\desktop\w.f.o.d 2\myfiles\hl2mod\mymod\sp\src\game\server\release_mod_episodic\env_screenoverlay.obj
c:\users\mario\desktop\w.f.o.d 2\myfiles\hl2mod\mymod\sp\src\game\server\release_mod_episodic\envhudhint.obj
c:\users\mario\desktop\w.f.o.d 2\myfiles\hl2mod\mymod\sp\src\game\server\release_mod_episodic\eventlist.obj
c:\users\mario\desktop\w.f.o.d 2\myfiles\hl2mod\mymod\sp\src\game\server\release_mod_episodic\fire_smoke.obj
c:\users\mario\desktop\w.f.o.d 2\myfiles\hl2mod\mymod\sp\src\game\server\release_mod_episodic\func_break.obj
c:\users\mario\desktop\w.f.o.d 2\myfiles\hl2mod\mymod\sp\src\game\server\release_mod_episodic\func_lod.obj
c:\users\mario\desktop\w.f.o.d 2\myfiles\hl2mod\mymod\sp\src\game\server\release_mod_episodic\game.obj
c:\users\mario\desktop\w.f.o.d 2\myfiles\hl2mod\mymod\sp\src\game\server\release_mod_episodic\gamerules_register.obj
c:\users\mario\desktop\w.f.o.d 2\myfiles\hl2mod\mymod\sp\src\game\server\release_mod_episodic\genericmonster.obj
c:\users\mario\desktop\w.f.o.d 2\myfiles\hl2mod\mymod\sp\src\game\server\release_mod_episodic\modelentities.obj
c:\users\mario\desktop\w.f.o.d 2\myfiles\hl2mod\mymod\sp\src\game\server\release_mod_episodic\multiplay_gamerules.obj
c:\users\mario\desktop\w.f.o.d 2\myfiles\hl2mod\mymod\sp\src\game\server\release_mod_episodic\player_command.obj
c:\users\mario\desktop\w.f.o.d 2\myfiles\hl2mod\mymod\sp\src\game\server\release_mod_episodic\playerinfomanager.obj
c:\users\mario\desktop\w.f.o.d 2\myfiles\hl2mod\mymod\sp\src\game\server\release_mod_episodic\point_template.obj
c:\users\mario\desktop\w.f.o.d 2\myfiles\hl2mod\mymod\sp\src\game\server\release_mod_episodic\rope_helpers.obj
c:\users\mario\desktop\w.f.o.d 2\myfiles\hl2mod\mymod\sp\src\game\server\release_mod_episodic\saverestore_gamedll.obj
c:\users\mario\desktop\w.f.o.d 2\myfiles\hl2mod\mymod\sp\src\game\server\release_mod_episodic\scratchpad_gamedll_helpers.obj
c:\users\mario\desktop\w.f.o.d 2\myfiles\hl2mod\mymod\sp\src\game\server\release_mod_episodic\shadowcontrol.obj
c:\users\mario\desktop\w.f.o.d 2\myfiles\hl2mod\mymod\sp\src\game\server\release_mod_episodic\slideshow_display.obj
c:\users\mario\desktop\w.f.o.d 2\myfiles\hl2mod\mymod\sp\src\game\server\release_mod_episodic\studio_shared.obj
c:\users\mario\desktop\w.f.o.d 2\myfiles\hl2mod\mymod\sp\src\game\server\release_mod_episodic\tanktrain.obj
c:\users\mario\desktop\w.f.o.d 2\myfiles\hl2mod\mymod\sp\src\game\server\release_mod_episodic\trains.obj
c:\users\mario\desktop\w.f.o.d 2\myfiles\hl2mod\mymod\sp\src\game\server\release_mod_episodic\ai_behavior_actbusy.obj
c:\users\mario\desktop\w.f.o.d 2\myfiles\hl2mod\mymod\sp\src\game\server\release_mod_episodic\env_starfield.obj
c:\users\mario\desktop\w.f.o.d 2\myfiles\hl2mod\mymod\sp\src\game\server\release_mod_episodic\func_recharge.obj
c:\users\mario\desktop\w.f.o.d 2\myfiles\hl2mod\mymod\sp\src\game\server\release_mod_episodic\grenade_spit.obj
c:\users\mario\desktop\w.f.o.d 2\myfiles\hl2mod\mymod\sp\src\game\server\release_mod_episodic\hl2_player.obj
c:\users\mario\desktop\w.f.o.d 2\myfiles\hl2mod\mymod\sp\src\game\server\release_mod_episodic\npc_headcrab.obj
c:\users\mario\desktop\w.f.o.d 2\myfiles\hl2mod\mymod\sp\src\game\server\release_mod_episodic\npc_monk.obj
c:\users\mario\desktop\w.f.o.d 2\myfiles\hl2mod\mymod\sp\src\game\server\release_mod_episodic\npc_vortigaunt_episodic.obj
c:\users\mario\desktop\w.f.o.d 2\myfiles\hl2mod\mymod\sp\src\game\server\release_mod_episodic\grenade_pathfollower.obj
c:\users\mario\desktop\w.f.o.d 2\myfiles\hl2mod\mymod\sp\src\game\server\release_mod_episodic\smoke_trail.obj
c:\users\mario\desktop\w.f.o.d 2\myfiles\hl2mod\mymod\sp\src\game\server\release_mod_episodic\te_beamringpoint.obj
c:\users\mario\desktop\w.f.o.d 2\myfiles\hl2mod\mymod\sp\src\game\server\release_mod_episodic\te_clientprojectile.obj
c:\users\mario\desktop\w.f.o.d 2\myfiles\hl2mod\mymod\sp\src\game\server\release_mod_episodic\te_glassshatter.obj
c:\users\mario\desktop\w.f.o.d 2\myfiles\hl2mod\mymod\sp\src\game\server\release_mod_episodic\te_spritespray.obj
c:\users\mario\desktop\w.f.o.d 2\myfiles\hl2mod\mymod\sp\src\game\server\release_mod_episodic\gamedll_replay.obj
c:\users\mario\desktop\w.f.o.d 2\myfiles\hl2mod\mymod\sp\src\game\server\release_mod_episodic\ai_basenpc_flyer_new.obj
c:\users\mario\desktop\w.f.o.d 2\myfiles\hl2mod\mymod\sp\src\game\server\release_mod_episodic\ai_behavior_fear.obj
c:\users\mario\desktop\w.f.o.d 2\myfiles\hl2mod\mymod\sp\src\game\server\release_mod_episodic\ai_default.obj
c:\users\mario\desktop\w.f.o.d 2\myfiles\hl2mod\mymod\sp\src\game\server\release_mod_episodic\ai_movesolver.obj
c:\users\mario\desktop\w.f.o.d 2\myfiles\hl2mod\mymod\sp\src\game\server\release_mod_episodic\ai_navigator.obj
c:\users\mario\desktop\w.f.o.d 2\myfiles\hl2mod\mymod\sp\src\game\server\release_mod_episodic\ai_speech.obj
c:\users\mario\desktop\w.f.o.d 2\myfiles\hl2mod\mymod\sp\src\game\server\release_mod_episodic\basegrenade_contact.obj
c:\users\mario\desktop\w.f.o.d 2\myfiles\hl2mod\mymod\sp\src\game\server\release_mod_episodic\baseplayer_shared.obj
c:\users\mario\desktop\w.f.o.d 2\myfiles\hl2mod\mymod\sp\src\game\server\release_mod_episodic\env_debughistory.obj
c:\users\mario\desktop\w.f.o.d 2\myfiles\hl2mod\mymod\sp\src\game\server\release_mod_episodic\env_particlescript.obj
c:\users\mario\desktop\w.f.o.d 2\myfiles\hl2mod\mymod\sp\src\game\server\release_mod_episodic\env_tonemap_controller.obj
c:\users\mario\desktop\w.f.o.d 2\myfiles\hl2mod\mymod\sp\src\game\server\release_mod_episodic\eventlog.obj
c:\users\mario\desktop\w.f.o.d 2\myfiles\hl2mod\mymod\sp\src\game\server\release_mod_episodic\fogcontroller.obj
c:\users\mario\desktop\w.f.o.d 2\myfiles\hl2mod\mymod\sp\src\game\server\release_mod_episodic\func_occluder.obj
c:\users\mario\desktop\w.f.o.d 2\myfiles\hl2mod\mymod\sp\src\game\server\release_mod_episodic\game_ui.obj
c:\users\mario\desktop\w.f.o.d 2\myfiles\hl2mod\mymod\sp\src\game\server\release_mod_episodic\gamevars_shared.obj
c:\users\mario\desktop\w.f.o.d 2\myfiles\hl2mod\mymod\sp\src\game\server\release_mod_episodic\gib.obj
c:\users\mario\desktop\w.f.o.d 2\myfiles\hl2mod\mymod\sp\src\game\server\release_mod_episodic\item_world.obj
c:\users\mario\desktop\w.f.o.d 2\myfiles\hl2mod\mymod\sp\src\game\server\release_mod_episodic\logicauto.obj
c:\users\mario\desktop\w.f.o.d 2\myfiles\hl2mod\mymod\sp\src\game\server\release_mod_episodic\movement.obj
c:\users\mario\desktop\w.f.o.d 2\myfiles\hl2mod\mymod\sp\src\game\server\release_mod_episodic\particlesystemquery.obj
c:\users\mario\desktop\w.f.o.d 2\myfiles\hl2mod\mymod\sp\src\game\server\release_mod_episodic\physics_cannister.obj
c:\users\mario\desktop\w.f.o.d 2\myfiles\hl2mod\mymod\sp\src\game\server\release_mod_episodic\player.obj
c:\users\mario\desktop\w.f.o.d 2\myfiles\hl2mod\mymod\sp\src\game\server\release_mod_episodic\tempmonster.obj
c:\users\mario\desktop\w.f.o.d 2\myfiles\hl2mod\mymod\sp\src\game\server\release_mod_episodic\tesla.obj
c:\users\mario\desktop\w.f.o.d 2\myfiles\hl2mod\mymod\sp\src\game\server\release_mod_episodic\variant_t.obj
c:\users\mario\desktop\w.f.o.d 2\myfiles\hl2mod\mymod\sp\src\game\server\release_mod_episodic\vehicle_viewblend_shared.obj
c:\users\mario\desktop\w.f.o.d 2\myfiles\hl2mod\mymod\sp\src\game\server\release_mod_episodic\achievements_epx.obj
c:\users\mario\desktop\w.f.o.d 2\myfiles\hl2mod\mymod\sp\src\game\server\release_mod_episodic\ai_behavior_operator.obj
c:\users\mario\desktop\w.f.o.d 2\myfiles\hl2mod\mymod\sp\src\game\server\release_mod_episodic\basehlcombatweapon_shared.obj
c:\users\mario\desktop\w.f.o.d 2\myfiles\hl2mod\mymod\sp\src\game\server\release_mod_episodic\combine_mine.obj
c:\users\mario\desktop\w.f.o.d 2\myfiles\hl2mod\mymod\sp\src\game\server\release_mod_episodic\hl2_triggers.obj
c:\users\mario\desktop\w.f.o.d 2\myfiles\hl2mod\mymod\sp\src\game\server\release_mod_episodic\npc_antlionguard.obj
c:\users\mario\desktop\w.f.o.d 2\myfiles\hl2mod\mymod\sp\src\game\server\release_mod_episodic\npc_combine_cannon.obj
c:\users\mario\desktop\w.f.o.d 2\myfiles\hl2mod\mymod\sp\src\game\server\release_mod_episodic\npc_fastzombie.obj
c:\users\mario\desktop\w.f.o.d 2\myfiles\hl2mod\mymod\sp\src\game\server\release_mod_episodic\npc_poisonzombie.obj
c:\users\mario\desktop\w.f.o.d 2\myfiles\hl2mod\mymod\sp\src\game\server\release_mod_episodic\npc_talker.obj
c:\users\mario\desktop\w.f.o.d 2\myfiles\hl2mod\mymod\sp\src\game\server\release_mod_episodic\script_intro.obj
c:\users\mario\desktop\w.f.o.d 2\myfiles\hl2mod\mymod\sp\src\game\server\release_mod_episodic\vehicle_jeep_episodic.obj
c:\users\mario\desktop\w.f.o.d 2\myfiles\hl2mod\mymod\sp\src\game\server\release_mod_episodic\te_largefunnel.obj
c:\users\mario\desktop\w.f.o.d 2\myfiles\hl2mod\mymod\sp\src\game\server\release_mod_episodic\usermessages.obj
c:\users\mario\desktop\w.f.o.d 2\myfiles\hl2mod\mymod\sp\src\game\server\release_mod_episodic\achievement_saverestore.obj
c:\users\mario\desktop\w.f.o.d 2\myfiles\hl2mod\mymod\sp\src\game\server\release_mod_episodic\ai_basenpc_schedule.obj
c:\users\mario\desktop\w.f.o.d 2\myfiles\hl2mod\mymod\sp\src\game\server\release_mod_episodic\ai_event.obj
c:\users\mario\desktop\w.f.o.d 2\myfiles\hl2mod\mymod\sp\src\game\server\release_mod_episodic\ai_motor.obj
c:\users\mario\desktop\w.f.o.d 2\myfiles\hl2mod\mymod\sp\src\game\server\release_mod_episodic\ai_route.obj
c:\users\mario\desktop\w.f.o.d 2\myfiles\hl2mod\mymod\sp\src\game\server\release_mod_episodic\ai_squadslot.obj
c:\users\mario\desktop\w.f.o.d 2\myfiles\hl2mod\mymod\sp\src\game\server\release_mod_episodic\base_gameinterface.obj
c:\users\mario\desktop\w.f.o.d 2\myfiles\hl2mod\mymod\sp\src\game\server\release_mod_episodic\baseanimatingoverlay.obj
c:\users\mario\desktop\w.f.o.d 2\myfiles\hl2mod\mymod\sp\src\game\server\release_mod_episodic\basegrenade_timed.obj
c:\users\mario\desktop\w.f.o.d 2\myfiles\hl2mod\mymod\sp\src\game\server\release_mod_episodic\baseviewmodel.obj
c:\users\mario\desktop\w.f.o.d 2\myfiles\hl2mod\mymod\sp\src\game\server\release_mod_episodic\collisionproperty.obj
c:\users\mario\desktop\w.f.o.d 2\myfiles\hl2mod\mymod\sp\src\game\server\release_mod_episodic\ehandle.obj
c:\users\mario\desktop\w.f.o.d 2\myfiles\hl2mod\mymod\sp\src\game\server\release_mod_episodic\entityblocker.obj
c:\users\mario\desktop\w.f.o.d 2\myfiles\hl2mod\mymod\sp\src\game\server\release_mod_episodic\entitylist_base.obj
c:\users\mario\desktop\w.f.o.d 2\myfiles\hl2mod\mymod\sp\src\game\server\release_mod_episodic\entityparticletrail.obj
c:\users\mario\desktop\w.f.o.d 2\myfiles\hl2mod\mymod\sp\src\game\server\release_mod_episodic\env_effectsscript.obj
c:\users\mario\desktop\w.f.o.d 2\myfiles\hl2mod\mymod\sp\src\game\server\release_mod_episodic\envmicrophone.obj
c:\users\mario\desktop\w.f.o.d 2\myfiles\hl2mod\mymod\sp\src\game\server\release_mod_episodic\func_areaportalbase.obj
c:\users\mario\desktop\w.f.o.d 2\myfiles\hl2mod\mymod\sp\src\game\server\release_mod_episodic\func_dust.obj
c:\users\mario\desktop\w.f.o.d 2\myfiles\hl2mod\mymod\sp\src\game\server\release_mod_episodic\gamerules.obj
c:\users\mario\desktop\w.f.o.d 2\myfiles\hl2mod\mymod\sp\src\game\server\release_mod_episodic\message_entity.obj
c:\users\mario\desktop\w.f.o.d 2\myfiles\hl2mod\mymod\sp\src\game\server\release_mod_episodic\particle_light.obj
c:\users\mario\desktop\w.f.o.d 2\myfiles\hl2mod\mymod\sp\src\game\server\release_mod_episodic\pathtrack.obj
c:\users\mario\desktop\w.f.o.d 2\myfiles\hl2mod\mymod\sp\src\game\server\release_mod_episodic\physics_bone_follower.obj
c:\users\mario\desktop\w.f.o.d 2\myfiles\hl2mod\mymod\sp\src\game\server\release_mod_episodic\physics_shared.obj
c:\users\mario\desktop\w.f.o.d 2\myfiles\hl2mod\mymod\sp\src\game\server\release_mod_episodic\point_camera.obj
c:\users\mario\desktop\w.f.o.d 2\myfiles\hl2mod\mymod\sp\src\game\server\release_mod_episodic\pointhurt.obj
c:\users\mario\desktop\w.f.o.d 2\myfiles\hl2mod\mymod\sp\src\game\server\release_mod_episodic\querycache.obj
c:\users\mario\desktop\w.f.o.d 2\myfiles\hl2mod\mymod\sp\src\game\server\release_mod_episodic\scripted.obj
c:\users\mario\desktop\w.f.o.d 2\myfiles\hl2mod\mymod\sp\src\game\server\release_mod_episodic\team_spawnpoint.obj
c:\users\mario\desktop\w.f.o.d 2\myfiles\hl2mod\mymod\sp\src\game\server\release_mod_episodic\test_proxytoggle.obj
c:\users\mario\desktop\w.f.o.d 2\myfiles\hl2mod\mymod\sp\src\game\server\release_mod_episodic\vehicle_baseserver.obj
c:\users\mario\desktop\w.f.o.d 2\myfiles\hl2mod\mymod\sp\src\game\server\release_mod_episodic\ai_spotlight.obj
c:\users\mario\desktop\w.f.o.d 2\myfiles\hl2mod\mymod\sp\src\game\server\release_mod_episodic\cbasespriteprojectile.obj
c:\users\mario\desktop\w.f.o.d 2\myfiles\hl2mod\mymod\sp\src\game\server\release_mod_episodic\func_bulletshield.obj
c:\users\mario\desktop\w.f.o.d 2\myfiles\hl2mod\mymod\sp\src\game\server\release_mod_episodic\func_tank.obj
c:\users\mario\desktop\w.f.o.d 2\myfiles\hl2mod\mymod\sp\src\game\server\release_mod_episodic\npc_attackchopper.obj
c:\users\mario\desktop\w.f.o.d 2\myfiles\hl2mod\mymod\sp\src\game\server\release_mod_episodic\npc_combines.obj
c:\users\mario\desktop\w.f.o.d 2\myfiles\hl2mod\mymod\sp\src\game\server\release_mod_episodic\npc_gman.obj
c:\users\mario\desktop\w.f.o.d 2\myfiles\hl2mod\mymod\sp\src\game\server\release_mod_episodic\npc_stalker.obj
c:\users\mario\desktop\w.f.o.d 2\myfiles\hl2mod\mymod\sp\src\game\server\release_mod_episodic\script_intro_shared.obj
c:\users\mario\desktop\w.f.o.d 2\myfiles\hl2mod\mymod\sp\src\game\server\release_mod_episodic\vehicle_cannon.obj
c:\users\mario\desktop\w.f.o.d 2\myfiles\hl2mod\mymod\sp\src\game\server\release_mod_episodic\weapon_crowbar.obj
c:\users\mario\desktop\w.f.o.d 2\myfiles\hl2mod\mymod\sp\src\game\server\release_mod_episodic\grenade_beam.obj
c:\users\mario\desktop\w.f.o.d 2\myfiles\hl2mod\mymod\sp\src\game\server\release_mod_episodic\basetempentity.obj
c:\users\mario\desktop\w.f.o.d 2\myfiles\hl2mod\mymod\sp\src\game\server\release_mod_episodic\event_tempentity_tester.obj
c:\users\mario\desktop\w.f.o.d 2\myfiles\hl2mod\mymod\sp\src\game\server\release_mod_episodic\particle_fire.obj
c:\users\mario\desktop\w.f.o.d 2\myfiles\hl2mod\mymod\sp\src\game\server\release_mod_episodic\smokestack.obj
c:\users\mario\desktop\w.f.o.d 2\myfiles\hl2mod\mymod\sp\src\game\server\release_mod_episodic\te_bloodsprite.obj
c:\users\mario\desktop\w.f.o.d 2\myfiles\hl2mod\mymod\sp\src\game\server\release_mod_episodic\te_effect_dispatch.obj
c:\users\mario\desktop\w.f.o.d 2\myfiles\hl2mod\mymod\sp\src\game\server\release_mod_episodic\te_killplayerattachments.obj
c:\users\mario\desktop\w.f.o.d 2\myfiles\hl2mod\mymod\sp\src\game\server\release_mod_episodic\te_smoke.obj
c:\users\mario\desktop\w.f.o.d 2\myfiles\hl2mod\mymod\sp\src\game\server\release_mod_episodic\toolframework_server.obj
c:\users\mario\desktop\w.f.o.d 2\myfiles\hl2mod\mymod\sp\src\game\server\release_mod_episodic\ai_basenpc_physicsflyer.obj
c:\users\mario\desktop\w.f.o.d 2\myfiles\hl2mod\mymod\sp\src\game\server\release_mod_episodic\ai_behavior_lead.obj
c:\users\mario\desktop\w.f.o.d 2\myfiles\hl2mod\mymod\sp\src\game\server\release_mod_episodic\ai_relationship.obj
c:\users\mario\desktop\w.f.o.d 2\myfiles\hl2mod\mymod\sp\src\game\server\release_mod_episodic\ai_senses.obj
c:\users\mario\desktop\w.f.o.d 2\myfiles\hl2mod\mymod\sp\src\game\server\release_mod_episodic\ai_trackpather.obj
c:\users\mario\desktop\w.f.o.d 2\myfiles\hl2mod\mymod\sp\src\game\server\release_mod_episodic\baseflex.obj
c:\users\mario\desktop\w.f.o.d 2\myfiles\hl2mod\mymod\sp\src\game\server\release_mod_episodic\env_projectedtexture.obj
c:\users\mario\desktop\w.f.o.d 2\myfiles\hl2mod\mymod\sp\src\game\server\release_mod_episodic\envmessage.obj
c:\users\mario\desktop\w.f.o.d 2\myfiles\hl2mod\mymod\sp\src\game\server\release_mod_episodic\func_ladder.obj
c:\users\mario\desktop\w.f.o.d 2\myfiles\hl2mod\mymod\sp\src\game\server\release_mod_episodic\gamestats.obj
c:\users\mario\desktop\w.f.o.d 2\myfiles\hl2mod\mymod\sp\src\game\server\release_mod_episodic\maprules.obj
c:\users\mario\desktop\w.f.o.d 2\myfiles\hl2mod\mymod\sp\src\game\server\release_mod_episodic\particle_parse.obj
c:\users\mario\desktop\w.f.o.d 2\myfiles\hl2mod\mymod\sp\src\game\server\release_mod_episodic\physics_saverestore.obj
c:\users\mario\desktop\w.f.o.d 2\myfiles\hl2mod\mymod\sp\src\game\server\release_mod_episodic\precache_register.obj
c:\users\mario\desktop\w.f.o.d 2\myfiles\hl2mod\mymod\sp\src\game\server\release_mod_episodic\props.obj
c:\users\mario\desktop\w.f.o.d 2\myfiles\hl2mod\mymod\sp\src\game\server\release_mod_episodic\usercmd.obj
c:\users\mario\desktop\w.f.o.d 2\myfiles\hl2mod\mymod\sp\src\game\server\release_mod_episodic\vguiscreen.obj
c:\users\mario\desktop\w.f.o.d 2\myfiles\hl2mod\mymod\sp\src\game\server\release_mod_episodic\wcedit.obj
c:\users\mario\desktop\w.f.o.d 2\myfiles\hl2mod\mymod\sp\src\game\server\release_mod_episodic\ai_behavior_passenger_companion.obj
c:\users\mario\desktop\w.f.o.d 2\myfiles\hl2mod\mymod\sp\src\game\server\release_mod_episodic\info_darknessmode_lightsource.obj
c:\users\mario\desktop\w.f.o.d 2\myfiles\hl2mod\mymod\sp\src\game\server\release_mod_episodic\item_itemcrate.obj
c:\users\mario\desktop\w.f.o.d 2\myfiles\hl2mod\mymod\sp\src\game\server\release_mod_episodic\look_door.obj
c:\users\mario\desktop\w.f.o.d 2\myfiles\hl2mod\mymod\sp\src\game\server\release_mod_episodic\npc_barnacle.obj
c:\users\mario\desktop\w.f.o.d 2\myfiles\hl2mod\mymod\sp\src\game\server\release_mod_episodic\npc_combine.obj
c:\users\mario\desktop\w.f.o.d 2\myfiles\hl2mod\mymod\sp\src\game\server\release_mod_episodic\npc_kleiner.obj
c:\users\mario\desktop\w.f.o.d 2\myfiles\hl2mod\mymod\sp\src\game\server\release_mod_episodic\npc_metropolice.obj
c:\users\mario\desktop\w.f.o.d 2\myfiles\hl2mod\mymod\sp\src\game\server\release_mod_episodic\prop_combine_ball.obj
c:\users\mario\desktop\w.f.o.d 2\myfiles\hl2mod\mymod\sp\src\game\server\release_mod_episodic\vehicle_viewcontroller.obj
c:\users\mario\desktop\w.f.o.d 2\myfiles\hl2mod\mymod\sp\src\game\server\release_mod_episodic\weapon_bugbait.obj
c:\users\mario\desktop\w.f.o.d 2\myfiles\hl2mod\mymod\sp\src\game\server\release_mod_episodic\weapon_cguard.obj
c:\users\mario\desktop\w.f.o.d 2\myfiles\hl2mod\mymod\sp\src\game\server\release_mod_episodic\movie_explosion.obj
c:\users\mario\desktop\w.f.o.d 2\myfiles\hl2mod\mymod\sp\src\game\server\release_mod_episodic\plasma.obj
c:\users\mario\desktop\w.f.o.d 2\myfiles\hl2mod\mymod\sp\src\game\server\release_mod_episodic\steamjet.obj
c:\users\mario\desktop\w.f.o.d 2\myfiles\hl2mod\mymod\sp\src\game\server\release_mod_episodic\te_beamlaser.obj
c:\users\mario\desktop\w.f.o.d 2\myfiles\hl2mod\mymod\sp\src\game\server\release_mod_episodic\te_breakmodel.obj
c:\users\mario\desktop\w.f.o.d 2\myfiles\hl2mod\mymod\sp\src\game\server\release_mod_episodic\te_footprintdecal.obj
c:\users\mario\desktop\w.f.o.d 2\myfiles\hl2mod\mymod\sp\src\game\server\release_mod_episodic\te_particlesystem.obj
c:\users\mario\desktop\w.f.o.d 2\myfiles\hl2mod\mymod\sp\src\game\server\release_mod_episodic\te_sprite.obj
c:\users\mario\desktop\w.f.o.d 2\myfiles\hl2mod\mymod\sp\src\game\server\release_mod_episodic\ai_basenpc_flyer.obj
c:\users\mario\desktop\w.f.o.d 2\myfiles\hl2mod\mymod\sp\src\game\server\release_mod_episodic\ai_behavior_follow.obj
c:\users\mario\desktop\w.f.o.d 2\myfiles\hl2mod\mymod\sp\src\game\server\release_mod_episodic\ai_looktarget.obj
c:\users\mario\desktop\w.f.o.d 2\myfiles\hl2mod\mymod\sp\src\game\server\release_mod_episodic\ai_moveprobe.obj
c:\users\mario\desktop\w.f.o.d 2\myfiles\hl2mod\mymod\sp\src\game\server\release_mod_episodic\ai_schedule.obj
c:\users\mario\desktop\w.f.o.d 2\myfiles\hl2mod\mymod\sp\src\game\server\release_mod_episodic\ai_tacticalservices.obj
c:\users\mario\desktop\w.f.o.d 2\myfiles\hl2mod\mymod\sp\src\game\server\release_mod_episodic\basecombatcharacter_shared.obj
c:\users\mario\desktop\w.f.o.d 2\myfiles\hl2mod\mymod\sp\src\game\server\release_mod_episodic\baseparticleentity.obj
c:\users\mario\desktop\w.f.o.d 2\myfiles\hl2mod\mymod\sp\src\game\server\release_mod_episodic\buttons.obj
c:\users\mario\desktop\w.f.o.d 2\myfiles\hl2mod\mymod\sp\src\game\server\release_mod_episodic\colorcorrection.obj
c:\users\mario\desktop\w.f.o.d 2\myfiles\hl2mod\mymod\sp\src\game\server\release_mod_episodic\damagemodifier.obj
c:\users\mario\desktop\w.f.o.d 2\myfiles\hl2mod\mymod\sp\src\game\server\release_mod_episodic\doors.obj
c:\users\mario\desktop\w.f.o.d 2\myfiles\hl2mod\mymod\sp\src\game\server\release_mod_episodic\entitylist.obj
c:\users\mario\desktop\w.f.o.d 2\myfiles\hl2mod\mymod\sp\src\game\server\release_mod_episodic\h_ai.obj
c:\users\mario\desktop\w.f.o.d 2\myfiles\hl2mod\mymod\sp\src\game\server\release_mod_episodic\haptic_utils.obj
c:\users\mario\desktop\w.f.o.d 2\myfiles\hl2mod\mymod\sp\src\game\server\release_mod_episodic\hltvdirector.obj
c:\users\mario\desktop\w.f.o.d 2\myfiles\hl2mod\mymod\sp\src\game\server\release_mod_episodic\lights.obj
c:\users\mario\desktop\w.f.o.d 2\myfiles\hl2mod\mymod\sp\src\game\server\release_mod_episodic\mapentities.obj
c:\users\mario\desktop\w.f.o.d 2\myfiles\hl2mod\mymod\sp\src\game\server\release_mod_episodic\physics_fx.obj
c:\users\mario\desktop\w.f.o.d 2\myfiles\hl2mod\mymod\sp\src\game\server\release_mod_episodic\physics_npc_solver.obj
c:\users\mario\desktop\w.f.o.d 2\myfiles\hl2mod\mymod\sp\src\game\server\release_mod_episodic\point_bonusmaps_accessor.obj
c:\users\mario\desktop\w.f.o.d 2\myfiles\hl2mod\mymod\sp\src\game\server\release_mod_episodic\pointanglesensor.obj
c:\users\mario\desktop\w.f.o.d 2\myfiles\hl2mod\mymod\sp\src\game\server\release_mod_episodic\ragdoll_shared.obj
c:\users\mario\desktop\w.f.o.d 2\myfiles\hl2mod\mymod\sp\src\game\server\release_mod_episodic\sequence_transitioner.obj
c:\users\mario\desktop\w.f.o.d 2\myfiles\hl2mod\mymod\sp\src\game\server\release_mod_episodic\servernetworkproperty.obj
c:\users\mario\desktop\w.f.o.d 2\myfiles\hl2mod\mymod\sp\src\game\server\release_mod_episodic\skycamera.obj
c:\users\mario\desktop\w.f.o.d 2\myfiles\hl2mod\mymod\sp\src\game\server\release_mod_episodic\soundenvelope.obj
c:\users\mario\desktop\w.f.o.d 2\myfiles\hl2mod\mymod\sp\src\game\server\release_mod_episodic\sprite_perfmonitor.obj
c:\users\mario\desktop\w.f.o.d 2\myfiles\hl2mod\mymod\sp\src\game\server\release_mod_episodic\survival_gamerules.obj
c:\users\mario\desktop\w.f.o.d 2\myfiles\hl2mod\mymod\sp\src\game\server\release_mod_episodic\test_stressentities.obj
c:\users\mario\desktop\w.f.o.d 2\myfiles\hl2mod\mymod\sp\src\game\server\release_mod_episodic\voice_gamemgr.obj
c:\users\mario\desktop\w.f.o.d 2\myfiles\hl2mod\mymod\sp\src\game\server\release_mod_episodic\waterbullet.obj
c:\users\mario\desktop\w.f.o.d 2\myfiles\hl2mod\mymod\sp\src\game\server\release_mod_episodic\weapon_parse_default.obj
c:\users\mario\desktop\w.f.o.d 2\myfiles\hl2mod\mymod\sp\src\game\server\release_mod_episodic\weapon_proficiency.obj
c:\users\mario\desktop\w.f.o.d 2\myfiles\hl2mod\mymod\sp\src\game\server\release_mod_episodic\weight_button.obj
c:\users\mario\desktop\w.f.o.d 2\myfiles\hl2mod\mymod\sp\src\game\server\release_mod_episodic\world.obj
c:\users\mario\desktop\w.f.o.d 2\myfiles\hl2mod\mymod\sp\src\game\server\release_mod_episodic\ai_behavior_functank.obj
c:\users\mario\desktop\w.f.o.d 2\myfiles\hl2mod\mymod\sp\src\game\server\release_mod_episodic\antlion_dust.obj
c:\users\mario\desktop\w.f.o.d 2\myfiles\hl2mod\mymod\sp\src\game\server\release_mod_episodic\ar2_explosion.obj
c:\users\mario\desktop\w.f.o.d 2\myfiles\hl2mod\mymod\sp\src\game\server\release_mod_episodic\basehlcombatweapon.obj
c:\users\mario\desktop\w.f.o.d 2\myfiles\hl2mod\mymod\sp\src\game\server\release_mod_episodic\env_alyxemp.obj
c:\users\mario\desktop\w.f.o.d 2\myfiles\hl2mod\mymod\sp\src\game\server\release_mod_episodic\grenade_frag.obj
c:\users\mario\desktop\w.f.o.d 2\myfiles\hl2mod\mymod\sp\src\game\server\release_mod_episodic\hl2_client.obj
c:\users\mario\desktop\w.f.o.d 2\myfiles\hl2mod\mymod\sp\src\game\server\release_mod_episodic\item_battery.obj
c:\users\mario\desktop\w.f.o.d 2\myfiles\hl2mod\mymod\sp\src\game\server\release_mod_episodic\monster_dummy.obj
c:\users\mario\desktop\w.f.o.d 2\myfiles\hl2mod\mymod\sp\src\game\server\release_mod_episodic\npc_basezombie.obj
c:\users\mario\desktop\w.f.o.d 2\myfiles\hl2mod\mymod\sp\src\game\server\release_mod_episodic\npc_cranedriver.obj
c:\users\mario\desktop\w.f.o.d 2\myfiles\hl2mod\mymod\sp\src\game\server\release_mod_episodic\npc_enemyfinder.obj
c:\users\mario\desktop\w.f.o.d 2\myfiles\hl2mod\mymod\sp\src\game\server\release_mod_episodic\npc_magnusson.obj
c:\users\mario\desktop\w.f.o.d 2\myfiles\hl2mod\mymod\sp\src\game\server\release_mod_episodic\npc_rollermine.obj
c:\users\mario\desktop\w.f.o.d 2\myfiles\hl2mod\mymod\sp\src\game\server\release_mod_episodic\point_apc_controller.obj
c:\users\mario\desktop\w.f.o.d 2\myfiles\hl2mod\mymod\sp\src\game\server\release_mod_episodic\prop_scalable.obj
c:\users\mario\desktop\w.f.o.d 2\myfiles\hl2mod\mymod\sp\src\game\server\release_mod_episodic\prop_thumper.obj
c:\users\mario\desktop\w.f.o.d 2\myfiles\hl2mod\mymod\sp\src\game\server\release_mod_episodic\weapon_357.obj
c:\users\mario\desktop\w.f.o.d 2\myfiles\hl2mod\mymod\sp\src\game\server\release_mod_episodic\weapon_frag.obj
c:\users\mario\desktop\w.f.o.d 2\myfiles\hl2mod\mymod\sp\src\game\server\release_mod_episodic\weapon_smg1.obj
c:\users\mario\desktop\w.f.o.d 2\myfiles\hl2mod\mymod\sp\src\game\server\release_mod_episodic\npc_missiledefense.obj
c:\users\mario\desktop\w.f.o.d 2\myfiles\hl2mod\mymod\sp\src\game\server\release_mod_episodic\te_dynamiclight.obj
c:\users\mario\desktop\w.f.o.d 2\myfiles\hl2mod\mymod\sp\src\game\server\release_mod_episodic\te_gaussexplosion.obj
c:\users\mario\desktop\w.f.o.d 2\myfiles\hl2mod\mymod\sp\src\game\server\release_mod_episodic\te_projecteddecal.obj
c:\users\mario\desktop\w.f.o.d 2\myfiles\hl2mod\mymod\sp\src\game\server\release_mod_episodic\ai_baseactor.obj
c:\users\mario\desktop\w.f.o.d 2\myfiles\hl2mod\mymod\sp\src\game\server\release_mod_episodic\ai_behavior_standoff.obj
c:\users\mario\desktop\w.f.o.d 2\myfiles\hl2mod\mymod\sp\src\game\server\release_mod_episodic\ai_link.obj
c:\users\mario\desktop\w.f.o.d 2\myfiles\hl2mod\mymod\sp\src\game\server\release_mod_episodic\ai_localnavigator.obj
c:\users\mario\desktop\w.f.o.d 2\myfiles\hl2mod\mymod\sp\src\game\server\release_mod_episodic\ai_node.obj
c:\users\mario\desktop\w.f.o.d 2\myfiles\hl2mod\mymod\sp\src\game\server\release_mod_episodic\ai_scriptconditions.obj
c:\users\mario\desktop\w.f.o.d 2\myfiles\hl2mod\mymod\sp\src\game\server\release_mod_episodic\ai_utils.obj
c:\users\mario\desktop\w.f.o.d 2\myfiles\hl2mod\mymod\sp\src\game\server\release_mod_episodic\baseentity.obj
c:\users\mario\desktop\w.f.o.d 2\myfiles\hl2mod\mymod\sp\src\game\server\release_mod_episodic\env_texturetoggle.obj
c:\users\mario\desktop\w.f.o.d 2\myfiles\hl2mod\mymod\sp\src\game\server\release_mod_episodic\env_zoom.obj
c:\users\mario\desktop\w.f.o.d 2\myfiles\hl2mod\mymod\sp\src\game\server\release_mod_episodic\fish.obj
c:\users\mario\desktop\w.f.o.d 2\myfiles\hl2mod\mymod\sp\src\game\server\release_mod_episodic\func_movelinear.obj
c:\users\mario\desktop\w.f.o.d 2\myfiles\hl2mod\mymod\sp\src\game\server\release_mod_episodic\gamemovement.obj
c:\users\mario\desktop\w.f.o.d 2\myfiles\hl2mod\mymod\sp\src\game\server\release_mod_episodic\haptic_msgs.obj
c:\users\mario\desktop\w.f.o.d 2\myfiles\hl2mod\mymod\sp\src\game\server\release_mod_episodic\hintmessage.obj
c:\users\mario\desktop\w.f.o.d 2\myfiles\hl2mod\mymod\sp\src\game\server\release_mod_episodic\info_camera_link.obj
c:\users\mario\desktop\w.f.o.d 2\myfiles\hl2mod\mymod\sp\src\game\server\release_mod_episodic\logicrelay.obj
c:\users\mario\desktop\w.f.o.d 2\myfiles\hl2mod\mymod\sp\src\game\server\release_mod_episodic\movevars_shared.obj
c:\users\mario\desktop\w.f.o.d 2\myfiles\hl2mod\mymod\sp\src\game\server\release_mod_episodic\obstacle_pushaway.obj
c:\users\mario\desktop\w.f.o.d 2\myfiles\hl2mod\mymod\sp\src\game\server\release_mod_episodic\physics_impact_damage.obj
c:\users\mario\desktop\w.f.o.d 2\myfiles\hl2mod\mymod\sp\src\game\server\release_mod_episodic\physics_prop_ragdoll.obj
c:\users\mario\desktop\w.f.o.d 2\myfiles\hl2mod\mymod\sp\src\game\server\release_mod_episodic\scenecache.obj
c:\users\mario\desktop\w.f.o.d 2\myfiles\hl2mod\mymod\sp\src\game\server\release_mod_episodic\sound.obj
c:\users\mario\desktop\w.f.o.d 2\myfiles\hl2mod\mymod\sp\src\game\server\release_mod_episodic\sun.obj
c:\users\mario\desktop\w.f.o.d 2\myfiles\hl2mod\mymod\sp\src\game\server\release_mod_episodic\textstatsmgr.obj
c:\users\mario\desktop\w.f.o.d 2\myfiles\hl2mod\mymod\sp\src\game\server\release_mod_episodic\vote_controller.obj
c:\users\mario\desktop\w.f.o.d 2\myfiles\hl2mod\mymod\sp\src\game\server\release_mod_episodic\achievements_ep1.obj
c:\users\mario\desktop\w.f.o.d 2\myfiles\hl2mod\mymod\sp\src\game\server\release_mod_episodic\ai_behavior_holster.obj
c:\users\mario\desktop\w.f.o.d 2\myfiles\hl2mod\mymod\sp\src\game\server\release_mod_episodic\ai_goal_police.obj
c:\users\mario\desktop\w.f.o.d 2\myfiles\hl2mod\mymod\sp\src\game\server\release_mod_episodic\basebludgeonweapon.obj
c:\users\mario\desktop\w.f.o.d 2\myfiles\hl2mod\mymod\sp\src\game\server\release_mod_episodic\cbasehelicopter.obj
c:\users\mario\desktop\w.f.o.d 2\myfiles\hl2mod\mymod\sp\src\game\server\release_mod_episodic\hl2_usermessages.obj
c:\users\mario\desktop\w.f.o.d 2\myfiles\hl2mod\mymod\sp\src\game\server\release_mod_episodic\info_teleporter_countdown.obj
c:\users\mario\desktop\w.f.o.d 2\myfiles\hl2mod\mymod\sp\src\game\server\release_mod_episodic\item_suit.obj
c:\users\mario\desktop\w.f.o.d 2\myfiles\hl2mod\mymod\sp\src\game\server\release_mod_episodic\npc_antlion.obj
c:\users\mario\desktop\w.f.o.d 2\myfiles\hl2mod\mymod\sp\src\game\server\release_mod_episodic\npc_combinegunship.obj
c:\users\mario\desktop\w.f.o.d 2\myfiles\hl2mod\mymod\sp\src\game\server\release_mod_episodic\npc_puppet.obj
c:\users\mario\desktop\w.f.o.d 2\myfiles\hl2mod\mymod\sp\src\game\server\release_mod_episodic\npc_strider.obj
c:\users\mario\desktop\w.f.o.d 2\myfiles\hl2mod\mymod\sp\src\game\server\release_mod_episodic\vehicle_jeep.obj
c:\users\mario\desktop\w.f.o.d 2\myfiles\hl2mod\mymod\sp\src\game\server\release_mod_episodic\weapon_stunstick.obj
c:\users\mario\desktop\w.f.o.d 2\myfiles\hl2mod\mymod\sp\src\game\server\release_mod_episodic\dt_utlvector_common.obj
c:\users\mario\desktop\w.f.o.d 2\myfiles\hl2mod\mymod\sp\src\game\server\release_mod_episodic\rope_physics.obj
c:\users\mario\desktop\w.f.o.d 2\myfiles\hl2mod\mymod\sp\src\game\server\release_mod_episodic\interpolatortypes.obj
c:\users\mario\desktop\w.f.o.d 2\myfiles\hl2mod\mymod\sp\src\game\server\release_mod_episodic\language.obj
c:\users\mario\desktop\w.f.o.d 2\myfiles\hl2mod\mymod\sp\src\game\server\release_mod_episodic\scratchpadutils.obj
c:\users\mario\desktop\w.f.o.d 2\myfiles\hl2mod\mymod\sp\src\game\server\release_mod_episodic\dt_send.obj
c:\users\mario\desktop\w.f.o.d 2\myfiles\hl2mod\mymod\sp\src\game\server\release_mod_episodic\scratchpad3d.obj
c:\users\mario\desktop\w.f.o.d 2\myfiles\hl2mod\mymod\sp\src\game\server\release_mod_episodic\bone_setup.obj
c:\users\mario\desktop\w.f.o.d 2\myfiles\hl2mod\mymod\sp\src\game\server\release_mod_episodic\ep2_gamestats.obj
c:\users\mario\desktop\w.f.o.d 2\myfiles\hl2mod\mymod\sp\src\game\server\release_mod_episodic\gamehandle.obj
c:\users\mario\desktop\w.f.o.d 2\myfiles\hl2mod\mymod\sp\src\game\server\release_mod_episodic\keyframe.obj
c:\users\mario\desktop\w.f.o.d 2\myfiles\hl2mod\mymod\sp\src\game\server\release_mod_episodic\studio.obj
c:\users\mario\desktop\w.f.o.d 2\myfiles\hl2mod\mymod\sp\src\game\server\release_mod_episodic\gamestats_basicstatsfunctions.obj
c:\users\mario\desktop\w.f.o.d 2\myfiles\hl2mod\mymod\sp\src\game\server\release_mod_episodic\filesystem_helpers.obj
c:\users\mario\desktop\w.f.o.d 2\myfiles\hl2mod\mymod\sp\src\game\server\release_mod_episodic\networkvar.obj
c:\users\mario\desktop\w.f.o.d 2\myfiles\hl2mod\mymod\sp\src\game\server\release_mod_episodic\server_class.obj
c:\users\mario\desktop\w.f.o.d 2\myfiles\hl2mod\mymod\sp\src\game\server\release_mod_episodic\simple_physics.obj
c:\users\mario\desktop\w.f.o.d 2\myfiles\hl2mod\mymod\sp\src\game\server\release_mod_episodic\dt_utlvector_send.obj
c:\users\mario\desktop\w.f.o.d 2\myfiles\hl2mod\mymod\sp\src\game\server\release_mod_episodic\registry.obj
c:\users\mario\desktop\w.f.o.d 2\myfiles\hl2mod\mymod\sp\src\game\server\release_mod_episodic\editor_sendcommand.obj
c:\users\mario\desktop\w.f.o.d 2\myfiles\hl2mod\mymod\sp\src\game\server\release_mod_episodic\randoverride.obj
c:\users\mario\desktop\w.f.o.d 2\myfiles\hl2mod\mymod\sp\src\game\server\release_mod_episodic\stringregistry.obj
c:\users\mario\desktop\w.f.o.d 2\myfiles\hl2mod\mymod\sp\src\game\server\release_mod_episodic\collisionutils.obj
c:\users\mario\desktop\w.f.o.d 2\myfiles\hl2mod\mymod\sp\src\game\server\release_mod_episodic\sheetsimulator.obj
c:\users\mario\desktop\w.f.o.d 2\myfiles\hl2mod\mymod\sp\src\game\server\release_mod_episodic\h_export.obj
c:\users\mario\desktop\w.f.o.d 2\myfiles\hl2mod\mymod\sp\src\game\server\release_mod_episodic\memoverride.obj
c:\users\mario\desktop\w.f.o.d 2\myfiles\hl2mod\mymod\sp\src\game\server\release_mod_episodic\init_factory.obj
c:\users\mario\desktop\w.f.o.d 2\myfiles\hl2mod\mymod\sp\src\game\server\release_mod_episodic\interval.obj
c:\users\mario\desktop\w.f.o.d 2\myfiles\hl2mod\mymod\sp\src\game\server\release_mod_episodic\map_utils.obj
c:\users\mario\desktop\w.f.o.d 2\myfiles\hl2mod\mymod\sp\src\game\server\release_mod_episodic\ep1_gamestats.obj
c:\users\mario\desktop\w.f.o.d 2\myfiles\hl2mod\mymod\sp\src\game\server\release_mod_episodic\weapon_pistol.obj
c:\users\mario\desktop\w.f.o.d 2\myfiles\hl2mod\mymod\sp\src\game\server\release_mod_episodic\pointeroverride.obj
c:\users\mario\desktop\w.f.o.d 2\myfiles\hl2mod\mymod\sp\src\game\server\server_episodic.vpc.sentinel
c:\users\mario\desktop\w.f.o.d 2\myfiles\hl2mod\mymod\sp\src\game\server\release_mod_episodic\server.dll
c:\users\mario\desktop\w.f.o.d 2\myfiles\hl2mod\mymod\sp\src\game\server\release_mod_episodic\server.pdb
c:\users\mario\desktop\w.f.o.d 2\myfiles\hl2mod\mymod\sp\src\game\server\release_mod_episodic\server.lib
c:\users\mario\desktop\w.f.o.d 2\myfiles\hl2mod\mymod\sp\src\game\server\release_mod_episodic\server.exp
c:\users\mario\desktop\w.f.o.d 2\myfiles\hl2mod\mymod\sp\src\game\server\.\release_mod_episodic\server.dll
c:\users\mario\desktop\w.f.o.d 2\myfiles\hl2mod\mymod\sp\src\game\server\release_mod_episodic\server (.7855b476.tlog\cl.command.1.tlog
c:\users\mario\desktop\w.f.o.d 2\myfiles\hl2mod\mymod\sp\src\game\server\release_mod_episodic\server (.7855b476.tlog\cl.read.1.tlog
c:\users\mario\desktop\w.f.o.d 2\myfiles\hl2mod\mymod\sp\src\game\server\release_mod_episodic\server (.7855b476.tlog\cl.write.1.tlog
c:\users\mario\desktop\w.f.o.d 2\myfiles\hl2mod\mymod\sp\src\game\server\release_mod_episodic\server (.7855b476.tlog\custombuild.command.1.tlog
c:\users\mario\desktop\w.f.o.d 2\myfiles\hl2mod\mymod\sp\src\game\server\release_mod_episodic\server (.7855b476.tlog\custombuild.read.1.tlog
c:\users\mario\desktop\w.f.o.d 2\myfiles\hl2mod\mymod\sp\src\game\server\release_mod_episodic\server (.7855b476.tlog\custombuild.write.1.tlog
c:\users\mario\desktop\w.f.o.d 2\myfiles\hl2mod\mymod\sp\src\game\server\release_mod_episodic\server (.7855b476.tlog\link.command.1.tlog
c:\users\mario\desktop\w.f.o.d 2\myfiles\hl2mod\mymod\sp\src\game\server\release_mod_episodic\server (.7855b476.tlog\link.read.1.tlog
c:\users\mario\desktop\w.f.o.d 2\myfiles\hl2mod\mymod\sp\src\game\server\release_mod_episodic\server (.7855b476.tlog\link.write.1.tlog
c:\users\mario\desktop\w.f.o.d 2\myfiles\hl2mod\mymod\sp\src\game\server\release_mod_episodic\server (.7855b476.tlog\server (episodic).write.1u.tlog
