Build started 7/25/2021 3:15:30 PM.
     1>Project "C:\Users\mario\Desktop\W.F.O.D 2\MyFiles\HL2Mod\MyMod\sp\src\game\client\client_episodic.vcxproj" on node 5 (Build target(s)).
     1>PreBuildEvent:
         if EXIST ..\..\..\game\mod_episodic\bin\.\client.dll for /f "delims=" %%A in ('attrib "..\..\..\game\mod_episodic\bin\.\client.dll"') do set valveTmpIsReadOnly="%%A"
         set valveTmpIsReadOnlyLetter=%valveTmpIsReadOnly:~6,1%
         if "%valveTmpIsReadOnlyLetter%"=="R" del /q "C:\Users\mario\Desktop\W.F.O.D 2\MyFiles\HL2Mod\MyMod\sp\src\game\client\Release_mod_episodic\"client.dll
         if exist "..\..\devtools\bin\vpc.exe" "..\..\devtools\bin\vpc.exe" -crc2 "client_episodic.vcxproj"
         if ERRORLEVEL 1 exit /b 1
         
         :VCEnd
       CustomBuild:
         Running VPC CRC Check - client_episodic.vpc
       Link:
         client_episodic.vcxproj -> C:\Users\mario\Desktop\W.F.O.D 2\MyFiles\HL2Mod\MyMod\sp\src\game\client\.\Release_mod_episodic\client.dll
       PostBuildEvent:
         if not exist "..\..\..\game\mod_episodic\bin\." mkdir "..\..\..\game\mod_episodic\bin\."
         copy "C:\Users\mario\Desktop\W.F.O.D 2\MyFiles\HL2Mod\MyMod\sp\src\game\client\Release_mod_episodic\client.dll" "..\..\..\game\mod_episodic\bin\.\client.dll"
         if ERRORLEVEL 1 goto BuildEventFailed
         if exist "C:\Users\mario\Desktop\W.F.O.D 2\MyFiles\HL2Mod\MyMod\sp\src\game\client\Release_mod_episodic\client.map" copy "C:\Users\mario\Desktop\W.F.O.D 2\MyFiles\HL2Mod\MyMod\sp\src\game\client\Release_mod_episodic\client.map" ..\..\..\game\mod_episodic\bin\.\client.map
         copy "C:\Users\mario\Desktop\W.F.O.D 2\MyFiles\HL2Mod\MyMod\sp\src\game\client\Release_mod_episodic\client.pdb" ..\..\..\game\mod_episodic\bin\.\client.pdb
         if ERRORLEVEL 1 goto BuildEventFailed
         goto BuildEventOK
         :BuildEventFailed
         echo *** ERROR! PostBuildStep FAILED for Client (Episodic)! EXE or DLL is probably running. ***
         del /q "C:\Users\mario\Desktop\W.F.O.D 2\MyFiles\HL2Mod\MyMod\sp\src\game\client\Release_mod_episodic\client.dll"
         exit 1
         :BuildEventOK
         
         :VCEnd
                 1 file(s) copied.
                 1 file(s) copied.
     1>Done Building Project "C:\Users\mario\Desktop\W.F.O.D 2\MyFiles\HL2Mod\MyMod\sp\src\game\client\client_episodic.vcxproj" (Build target(s)).

Build succeeded.

Time Elapsed 00:00:01.95
